[0.008s] Invoking command in '/home/user/ros2_ws/src/build/hangman_interfaces': CMAKE_PREFIX_PATH=${CMAKE_PREFIX_PATH}:/home/user/ros2_ws/src/install/hangman_game:/home/user/ros2_ws/install/hangman_game:/home/user/robot_ws/install/topic_service_action_rclpy_example:/home/user/robot_ws/install/time_rclpy_example:/home/user/robot_ws/install/tf2_rclpy_example:/home/user/robot_ws/install/ros2env:/home/user/robot_ws/install/my_first_ros_rclpy_pkg:/home/user/robot_ws/install/logging_rclpy_example:/home/user/robot_ws/install/hang_man:/home/user/turtlebot3_ws/install/turtlebot3_teleop:/home/user/turtlebot3_ws/install/turtlebot3_example:/opt/ros/humble /usr/bin/cmake --build /home/user/ros2_ws/src/build/hangman_interfaces -- -j20 -l20
[0.028s] -- Found ament_cmake: 1.3.10 (/opt/ros/humble/share/ament_cmake/cmake)
[0.110s] -- Found builtin_interfaces: 1.2.1 (/opt/ros/humble/share/builtin_interfaces/cmake)
[0.124s] -- Found rosidl_generator_c: 3.1.5 (/opt/ros/humble/share/rosidl_generator_c/cmake)
[0.125s] -- Found rosidl_adapter: 3.1.5 (/opt/ros/humble/share/rosidl_adapter/cmake)
[0.129s] -- Found rosidl_generator_cpp: 3.1.5 (/opt/ros/humble/share/rosidl_generator_cpp/cmake)
[0.135s] -- Using all available rosidl_typesupport_c: rosidl_typesupport_fastrtps_c;rosidl_typesupport_introspection_c
[0.142s] -- Using all available rosidl_typesupport_cpp: rosidl_typesupport_fastrtps_cpp;rosidl_typesupport_introspection_cpp
[0.149s] -- Found rosidl_default_generators: 1.2.0 (/opt/ros/humble/share/rosidl_default_generators/cmake)
[0.347s] -- Found ament_cmake_ros: 0.10.0 (/opt/ros/humble/share/ament_cmake_ros/cmake)
[0.561s] -- Using all available rosidl_typesupport_c: rosidl_typesupport_fastrtps_c;rosidl_typesupport_introspection_c
[0.647s] -- Using all available rosidl_typesupport_cpp: rosidl_typesupport_fastrtps_cpp;rosidl_typesupport_introspection_cpp
[0.669s] -- Found python_cmake_module: 0.10.0 (/opt/ros/humble/share/python_cmake_module/cmake)
[0.685s] -- Using PYTHON_EXECUTABLE: /usr/bin/python3
[0.685s] -- Using PYTHON_INCLUDE_DIRS: /usr/include/python3.10
[0.685s] -- Using PYTHON_LIBRARIES: /usr/lib/x86_64-linux-gnu/libpython3.10.so
[0.704s] -- Found ament_lint_auto: 0.12.11 (/opt/ros/humble/share/ament_lint_auto/cmake)
[0.708s] -- Added test 'lint_cmake' to check CMake code style
[0.708s] -- Added test 'xmllint' to check XML markup files
[0.709s] -- Configuring done
[0.726s] -- Generating done
[0.728s] -- Build files have been written to: /home/user/ros2_ws/src/build/hangman_interfaces
[0.748s] [  2%] [34m[1mGenerating C code for ROS interfaces[0m
[0.756s] [  4%] [34m[1mGenerating C++ code for ROS interfaces[0m
[0.763s] [  4%] Built target ament_cmake_python_copy_hangman_interfaces
[0.912s] running egg_info
[0.912s] writing hangman_interfaces.egg-info/PKG-INFO
[0.912s] writing dependency_links to hangman_interfaces.egg-info/dependency_links.txt
[0.913s] writing top-level names to hangman_interfaces.egg-info/top_level.txt
[0.914s] reading manifest file 'hangman_interfaces.egg-info/SOURCES.txt'
[0.914s] writing manifest file 'hangman_interfaces.egg-info/SOURCES.txt'
[0.931s] [  4%] Built target ament_cmake_python_build_hangman_interfaces_egg
[1.057s] [35m[1mConsolidate compiler generated dependencies of target hangman_interfaces__rosidl_generator_c[0m
[1.059s] [  4%] Built target hangman_interfaces__cpp
[1.065s] [  6%] [32mBuilding C object CMakeFiles/hangman_interfaces__rosidl_generator_c.dir/rosidl_generator_c/hangman_interfaces/action/detail/game_progress__functions.c.o[0m
[1.066s] [  8%] [34m[1mGenerating C++ type support dispatch for ROS interfaces[0m
[1.067s] [ 10%] [32mBuilding C object CMakeFiles/hangman_interfaces__rosidl_generator_c.dir/rosidl_generator_c/hangman_interfaces/msg/detail/progress__functions.c.o[0m
[1.067s] [ 12%] [32mBuilding C object CMakeFiles/hangman_interfaces__rosidl_generator_c.dir/rosidl_generator_c/hangman_interfaces/srv/detail/check_letter__functions.c.o[0m
[1.068s] [ 14%] [34m[1mGenerating C++ type support for eProsima Fast-RTPS[0m
[1.068s] [ 17%] [34m[1mGenerating C++ introspection for ROS interfaces[0m
[1.145s] [ 19%] [32m[1mLinking C shared library libhangman_interfaces__rosidl_generator_c.so[0m
[1.175s] [ 19%] Built target hangman_interfaces__rosidl_generator_c
[1.183s] [ 21%] [34m[1mGenerating C introspection for ROS interfaces[0m
[1.184s] [ 23%] [34m[1mGenerating C type support dispatch for ROS interfaces[0m
[1.185s] [ 25%] [34m[1mGenerating C type support for eProsima Fast-RTPS[0m
[1.314s] [35m[1mConsolidate compiler generated dependencies of target hangman_interfaces__rosidl_typesupport_cpp[0m
[1.315s] [35m[1mConsolidate compiler generated dependencies of target hangman_interfaces__rosidl_typesupport_introspection_cpp[0m
[1.325s] [ 29%] [32mBuilding CXX object CMakeFiles/hangman_interfaces__rosidl_typesupport_cpp.dir/rosidl_typesupport_cpp/hangman_interfaces/msg/progress__type_support.cpp.o[0m
[1.325s] [ 29%] [32mBuilding CXX object CMakeFiles/hangman_interfaces__rosidl_typesupport_introspection_cpp.dir/rosidl_typesupport_introspection_cpp/hangman_interfaces/msg/detail/progress__type_support.cpp.o[0m
[1.326s] [ 31%] [32mBuilding CXX object CMakeFiles/hangman_interfaces__rosidl_typesupport_introspection_cpp.dir/rosidl_typesupport_introspection_cpp/hangman_interfaces/action/detail/game_progress__type_support.cpp.o[0m
[1.327s] [ 34%] [32mBuilding CXX object CMakeFiles/hangman_interfaces__rosidl_typesupport_introspection_cpp.dir/rosidl_typesupport_introspection_cpp/hangman_interfaces/srv/detail/check_letter__type_support.cpp.o[0m
[1.327s] [ 36%] [32mBuilding CXX object CMakeFiles/hangman_interfaces__rosidl_typesupport_cpp.dir/rosidl_typesupport_cpp/hangman_interfaces/srv/check_letter__type_support.cpp.o[0m
[1.327s] [ 38%] [32mBuilding CXX object CMakeFiles/hangman_interfaces__rosidl_typesupport_cpp.dir/rosidl_typesupport_cpp/hangman_interfaces/action/game_progress__type_support.cpp.o[0m
[1.357s] [35m[1mConsolidate compiler generated dependencies of target hangman_interfaces__rosidl_typesupport_fastrtps_cpp[0m
[1.367s] [ 42%] [32mBuilding CXX object CMakeFiles/hangman_interfaces__rosidl_typesupport_fastrtps_cpp.dir/rosidl_typesupport_fastrtps_cpp/hangman_interfaces/srv/detail/dds_fastrtps/check_letter__type_support.cpp.o[0m
[1.367s] [ 42%] [32mBuilding CXX object CMakeFiles/hangman_interfaces__rosidl_typesupport_fastrtps_cpp.dir/rosidl_typesupport_fastrtps_cpp/hangman_interfaces/action/detail/dds_fastrtps/game_progress__type_support.cpp.o[0m
[1.368s] [ 44%] [32mBuilding CXX object CMakeFiles/hangman_interfaces__rosidl_typesupport_fastrtps_cpp.dir/rosidl_typesupport_fastrtps_cpp/hangman_interfaces/msg/detail/dds_fastrtps/progress__type_support.cpp.o[0m
[1.474s] [35m[1mConsolidate compiler generated dependencies of target hangman_interfaces__rosidl_typesupport_c[0m
[1.482s] [ 51%] [32mBuilding CXX object CMakeFiles/hangman_interfaces__rosidl_typesupport_c.dir/rosidl_typesupport_c/hangman_interfaces/msg/progress__type_support.cpp.o[0m
[1.482s] [ 51%] [32mBuilding CXX object CMakeFiles/hangman_interfaces__rosidl_typesupport_c.dir/rosidl_typesupport_c/hangman_interfaces/action/game_progress__type_support.cpp.o[0m
[1.482s] [ 51%] [32mBuilding CXX object CMakeFiles/hangman_interfaces__rosidl_typesupport_c.dir/rosidl_typesupport_c/hangman_interfaces/srv/check_letter__type_support.cpp.o[0m
[1.501s] [35m[1mConsolidate compiler generated dependencies of target hangman_interfaces__rosidl_typesupport_introspection_c[0m
[1.509s] [ 53%] [32mBuilding C object CMakeFiles/hangman_interfaces__rosidl_typesupport_introspection_c.dir/rosidl_typesupport_introspection_c/hangman_interfaces/msg/detail/progress__type_support.c.o[0m
[1.511s] [ 55%] [32mBuilding C object CMakeFiles/hangman_interfaces__rosidl_typesupport_introspection_c.dir/rosidl_typesupport_introspection_c/hangman_interfaces/srv/detail/check_letter__type_support.c.o[0m
[1.512s] [ 57%] [32mBuilding C object CMakeFiles/hangman_interfaces__rosidl_typesupport_introspection_c.dir/rosidl_typesupport_introspection_c/hangman_interfaces/action/detail/game_progress__type_support.c.o[0m
[1.519s] [ 59%] [32m[1mLinking CXX shared library libhangman_interfaces__rosidl_typesupport_c.so[0m
[1.550s] [ 59%] Built target hangman_interfaces__rosidl_typesupport_c
[1.552s] [ 61%] [32m[1mLinking C shared library libhangman_interfaces__rosidl_typesupport_introspection_c.so[0m
[1.578s] [ 61%] Built target hangman_interfaces__rosidl_typesupport_introspection_c
[1.592s] [35m[1mConsolidate compiler generated dependencies of target hangman_interfaces__rosidl_typesupport_fastrtps_c[0m
[1.603s] [ 63%] [32mBuilding CXX object CMakeFiles/hangman_interfaces__rosidl_typesupport_fastrtps_c.dir/rosidl_typesupport_fastrtps_c/hangman_interfaces/srv/detail/check_letter__type_support_c.cpp.o[0m
[1.603s] [ 65%] [32mBuilding CXX object CMakeFiles/hangman_interfaces__rosidl_typesupport_fastrtps_c.dir/rosidl_typesupport_fastrtps_c/hangman_interfaces/msg/detail/progress__type_support_c.cpp.o[0m
[1.604s] [ 68%] [32mBuilding CXX object CMakeFiles/hangman_interfaces__rosidl_typesupport_fastrtps_c.dir/rosidl_typesupport_fastrtps_c/hangman_interfaces/action/detail/game_progress__type_support_c.cpp.o[0m
[1.680s] [ 70%] [32m[1mLinking CXX shared library libhangman_interfaces__rosidl_typesupport_cpp.so[0m
[1.712s] [ 70%] Built target hangman_interfaces__rosidl_typesupport_cpp
[1.726s] [ 72%] [32m[1mLinking CXX shared library libhangman_interfaces__rosidl_typesupport_fastrtps_cpp.so[0m
[1.741s] [ 74%] [32m[1mLinking CXX shared library libhangman_interfaces__rosidl_typesupport_introspection_cpp.so[0m
[1.785s] [ 74%] Built target hangman_interfaces__rosidl_typesupport_fastrtps_cpp
[1.794s] [ 74%] Built target hangman_interfaces__rosidl_typesupport_introspection_cpp
[1.856s] [ 76%] [32m[1mLinking CXX shared library libhangman_interfaces__rosidl_typesupport_fastrtps_c.so[0m
[1.909s] [ 76%] Built target hangman_interfaces__rosidl_typesupport_fastrtps_c
[1.926s] [ 76%] Built target hangman_interfaces
[1.942s] [ 78%] [34m[1mGenerating Python code for ROS interfaces[0m
[2.435s] [ 78%] Built target hangman_interfaces__py
[2.442s] [35m[1mConsolidate compiler generated dependencies of target hangman_interfaces__rosidl_generator_py[0m
[2.452s] [ 80%] [32mBuilding C object CMakeFiles/hangman_interfaces__rosidl_generator_py.dir/rosidl_generator_py/hangman_interfaces/msg/_progress_s.c.o[0m
[2.453s] [ 85%] [32mBuilding C object CMakeFiles/hangman_interfaces__rosidl_generator_py.dir/rosidl_generator_py/hangman_interfaces/action/_game_progress_s.c.o[0m
[2.453s] [ 85%] [32mBuilding C object CMakeFiles/hangman_interfaces__rosidl_generator_py.dir/rosidl_generator_py/hangman_interfaces/srv/_check_letter_s.c.o[0m
[2.537s] [ 87%] [32m[1mLinking C shared library rosidl_generator_py/hangman_interfaces/libhangman_interfaces__rosidl_generator_py.so[0m
[2.566s] [ 87%] Built target hangman_interfaces__rosidl_generator_py
[2.576s] [35m[1mConsolidate compiler generated dependencies of target hangman_interfaces__rosidl_typesupport_c__pyext[0m
[2.576s] [35m[1mConsolidate compiler generated dependencies of target hangman_interfaces__rosidl_typesupport_fastrtps_c__pyext[0m
[2.576s] [35m[1mConsolidate compiler generated dependencies of target hangman_interfaces__rosidl_typesupport_introspection_c__pyext[0m
[2.584s] [ 89%] [32mBuilding C object CMakeFiles/hangman_interfaces__rosidl_typesupport_fastrtps_c__pyext.dir/rosidl_generator_py/hangman_interfaces/_hangman_interfaces_s.ep.rosidl_typesupport_fastrtps_c.c.o[0m
[2.586s] [ 91%] [32mBuilding C object CMakeFiles/hangman_interfaces__rosidl_typesupport_introspection_c__pyext.dir/rosidl_generator_py/hangman_interfaces/_hangman_interfaces_s.ep.rosidl_typesupport_introspection_c.c.o[0m
[2.586s] [ 93%] [32mBuilding C object CMakeFiles/hangman_interfaces__rosidl_typesupport_c__pyext.dir/rosidl_generator_py/hangman_interfaces/_hangman_interfaces_s.ep.rosidl_typesupport_c.c.o[0m
[2.660s] [ 95%] [32m[1mLinking C shared library rosidl_generator_py/hangman_interfaces/hangman_interfaces_s__rosidl_typesupport_c.cpython-310-x86_64-linux-gnu.so[0m
[2.661s] [ 97%] [32m[1mLinking C shared library rosidl_generator_py/hangman_interfaces/hangman_interfaces_s__rosidl_typesupport_fastrtps_c.cpython-310-x86_64-linux-gnu.so[0m
[2.665s] [100%] [32m[1mLinking C shared library rosidl_generator_py/hangman_interfaces/hangman_interfaces_s__rosidl_typesupport_introspection_c.cpython-310-x86_64-linux-gnu.so[0m
[2.686s] [100%] Built target hangman_interfaces__rosidl_typesupport_c__pyext
[2.687s] [100%] Built target hangman_interfaces__rosidl_typesupport_fastrtps_c__pyext
[2.694s] [100%] Built target hangman_interfaces__rosidl_typesupport_introspection_c__pyext
[2.701s] Invoked command in '/home/user/ros2_ws/src/build/hangman_interfaces' returned '0': CMAKE_PREFIX_PATH=${CMAKE_PREFIX_PATH}:/home/user/ros2_ws/src/install/hangman_game:/home/user/ros2_ws/install/hangman_game:/home/user/robot_ws/install/topic_service_action_rclpy_example:/home/user/robot_ws/install/time_rclpy_example:/home/user/robot_ws/install/tf2_rclpy_example:/home/user/robot_ws/install/ros2env:/home/user/robot_ws/install/my_first_ros_rclpy_pkg:/home/user/robot_ws/install/logging_rclpy_example:/home/user/robot_ws/install/hang_man:/home/user/turtlebot3_ws/install/turtlebot3_teleop:/home/user/turtlebot3_ws/install/turtlebot3_example:/opt/ros/humble /usr/bin/cmake --build /home/user/ros2_ws/src/build/hangman_interfaces -- -j20 -l20
[2.802s] Invoking command in '/home/user/ros2_ws/src/build/hangman_interfaces': CMAKE_PREFIX_PATH=${CMAKE_PREFIX_PATH}:/home/user/ros2_ws/src/install/hangman_game:/home/user/ros2_ws/install/hangman_game:/home/user/robot_ws/install/topic_service_action_rclpy_example:/home/user/robot_ws/install/time_rclpy_example:/home/user/robot_ws/install/tf2_rclpy_example:/home/user/robot_ws/install/ros2env:/home/user/robot_ws/install/my_first_ros_rclpy_pkg:/home/user/robot_ws/install/logging_rclpy_example:/home/user/robot_ws/install/hang_man:/home/user/turtlebot3_ws/install/turtlebot3_teleop:/home/user/turtlebot3_ws/install/turtlebot3_example:/opt/ros/humble /usr/bin/cmake --install /home/user/ros2_ws/src/build/hangman_interfaces
[2.810s] -- Install configuration: ""
[2.810s] -- Up-to-date: /home/user/ros2_ws/src/install/hangman_interfaces/share/ament_index/resource_index/rosidl_interfaces/hangman_interfaces
[2.810s] -- Up-to-date: /home/user/ros2_ws/src/install/hangman_interfaces/include/hangman_interfaces/hangman_interfaces
[2.810s] -- Up-to-date: /home/user/ros2_ws/src/install/hangman_interfaces/include/hangman_interfaces/hangman_interfaces/srv
[2.810s] -- Installing: /home/user/ros2_ws/src/install/hangman_interfaces/include/hangman_interfaces/hangman_interfaces/srv/check_letter.h
[2.810s] -- Up-to-date: /home/user/ros2_ws/src/install/hangman_interfaces/include/hangman_interfaces/hangman_interfaces/srv/detail
[2.810s] -- Installing: /home/user/ros2_ws/src/install/hangman_interfaces/include/hangman_interfaces/hangman_interfaces/srv/detail/check_letter__functions.c
[2.810s] -- Installing: /home/user/ros2_ws/src/install/hangman_interfaces/include/hangman_interfaces/hangman_interfaces/srv/detail/check_letter__struct.h
[2.810s] -- Installing: /home/user/ros2_ws/src/install/hangman_interfaces/include/hangman_interfaces/hangman_interfaces/srv/detail/check_letter__type_support.h
[2.810s] -- Installing: /home/user/ros2_ws/src/install/hangman_interfaces/include/hangman_interfaces/hangman_interfaces/srv/detail/check_letter__functions.h
[2.810s] -- Up-to-date: /home/user/ros2_ws/src/install/hangman_interfaces/include/hangman_interfaces/hangman_interfaces/msg
[2.810s] -- Up-to-date: /home/user/ros2_ws/src/install/hangman_interfaces/include/hangman_interfaces/hangman_interfaces/msg/rosidl_generator_c__visibility_control.h
[2.810s] -- Up-to-date: /home/user/ros2_ws/src/install/hangman_interfaces/include/hangman_interfaces/hangman_interfaces/msg/detail
[2.811s] -- Installing: /home/user/ros2_ws/src/install/hangman_interfaces/include/hangman_interfaces/hangman_interfaces/msg/detail/progress__struct.h
[2.811s] -- Installing: /home/user/ros2_ws/src/install/hangman_interfaces/include/hangman_interfaces/hangman_interfaces/msg/detail/progress__functions.c
[2.811s] -- Installing: /home/user/ros2_ws/src/install/hangman_interfaces/include/hangman_interfaces/hangman_interfaces/msg/detail/progress__type_support.h
[2.811s] -- Installing: /home/user/ros2_ws/src/install/hangman_interfaces/include/hangman_interfaces/hangman_interfaces/msg/detail/progress__functions.h
[2.811s] -- Installing: /home/user/ros2_ws/src/install/hangman_interfaces/include/hangman_interfaces/hangman_interfaces/msg/progress.h
[2.811s] -- Up-to-date: /home/user/ros2_ws/src/install/hangman_interfaces/include/hangman_interfaces/hangman_interfaces/action
[2.811s] -- Installing: /home/user/ros2_ws/src/install/hangman_interfaces/include/hangman_interfaces/hangman_interfaces/action/game_progress.h
[2.811s] -- Up-to-date: /home/user/ros2_ws/src/install/hangman_interfaces/include/hangman_interfaces/hangman_interfaces/action/detail
[2.811s] -- Installing: /home/user/ros2_ws/src/install/hangman_interfaces/include/hangman_interfaces/hangman_interfaces/action/detail/game_progress__struct.h
[2.811s] -- Installing: /home/user/ros2_ws/src/install/hangman_interfaces/include/hangman_interfaces/hangman_interfaces/action/detail/game_progress__type_support.h
[2.811s] -- Installing: /home/user/ros2_ws/src/install/hangman_interfaces/include/hangman_interfaces/hangman_interfaces/action/detail/game_progress__functions.c
[2.811s] -- Installing: /home/user/ros2_ws/src/install/hangman_interfaces/include/hangman_interfaces/hangman_interfaces/action/detail/game_progress__functions.h
[2.811s] -- Up-to-date: /home/user/ros2_ws/src/install/hangman_interfaces/share/hangman_interfaces/environment/library_path.sh
[2.811s] -- Installing: /home/user/ros2_ws/src/install/hangman_interfaces/share/hangman_interfaces/environment/library_path.dsv
[2.811s] -- Installing: /home/user/ros2_ws/src/install/hangman_interfaces/lib/libhangman_interfaces__rosidl_generator_c.so
[2.811s] -- Set runtime path of "/home/user/ros2_ws/src/install/hangman_interfaces/lib/libhangman_interfaces__rosidl_generator_c.so" to ""
[2.811s] -- Up-to-date: /home/user/ros2_ws/src/install/hangman_interfaces/include/hangman_interfaces/hangman_interfaces
[2.811s] -- Up-to-date: /home/user/ros2_ws/src/install/hangman_interfaces/include/hangman_interfaces/hangman_interfaces/srv
[2.811s] -- Up-to-date: /home/user/ros2_ws/src/install/hangman_interfaces/include/hangman_interfaces/hangman_interfaces/srv/detail
[2.811s] -- Installing: /home/user/ros2_ws/src/install/hangman_interfaces/include/hangman_interfaces/hangman_interfaces/srv/detail/check_letter__rosidl_typesupport_fastrtps_c.h
[2.811s] -- Up-to-date: /home/user/ros2_ws/src/install/hangman_interfaces/include/hangman_interfaces/hangman_interfaces/msg
[2.812s] -- Up-to-date: /home/user/ros2_ws/src/install/hangman_interfaces/include/hangman_interfaces/hangman_interfaces/msg/rosidl_typesupport_fastrtps_c__visibility_control.h
[2.812s] -- Up-to-date: /home/user/ros2_ws/src/install/hangman_interfaces/include/hangman_interfaces/hangman_interfaces/msg/detail
[2.812s] -- Installing: /home/user/ros2_ws/src/install/hangman_interfaces/include/hangman_interfaces/hangman_interfaces/msg/detail/progress__rosidl_typesupport_fastrtps_c.h
[2.812s] -- Up-to-date: /home/user/ros2_ws/src/install/hangman_interfaces/include/hangman_interfaces/hangman_interfaces/action
[2.812s] -- Up-to-date: /home/user/ros2_ws/src/install/hangman_interfaces/include/hangman_interfaces/hangman_interfaces/action/detail
[2.812s] -- Installing: /home/user/ros2_ws/src/install/hangman_interfaces/include/hangman_interfaces/hangman_interfaces/action/detail/game_progress__rosidl_typesupport_fastrtps_c.h
[2.812s] -- Installing: /home/user/ros2_ws/src/install/hangman_interfaces/lib/libhangman_interfaces__rosidl_typesupport_fastrtps_c.so
[2.812s] -- Set runtime path of "/home/user/ros2_ws/src/install/hangman_interfaces/lib/libhangman_interfaces__rosidl_typesupport_fastrtps_c.so" to ""
[2.812s] -- Up-to-date: /home/user/ros2_ws/src/install/hangman_interfaces/include/hangman_interfaces/hangman_interfaces
[2.812s] -- Up-to-date: /home/user/ros2_ws/src/install/hangman_interfaces/include/hangman_interfaces/hangman_interfaces/srv
[2.812s] -- Up-to-date: /home/user/ros2_ws/src/install/hangman_interfaces/include/hangman_interfaces/hangman_interfaces/srv/detail
[2.812s] -- Installing: /home/user/ros2_ws/src/install/hangman_interfaces/include/hangman_interfaces/hangman_interfaces/srv/detail/check_letter__struct.hpp
[2.812s] -- Installing: /home/user/ros2_ws/src/install/hangman_interfaces/include/hangman_interfaces/hangman_interfaces/srv/detail/check_letter__traits.hpp
[2.812s] -- Installing: /home/user/ros2_ws/src/install/hangman_interfaces/include/hangman_interfaces/hangman_interfaces/srv/detail/check_letter__builder.hpp
[2.812s] -- Installing: /home/user/ros2_ws/src/install/hangman_interfaces/include/hangman_interfaces/hangman_interfaces/srv/check_letter.hpp
[2.812s] -- Up-to-date: /home/user/ros2_ws/src/install/hangman_interfaces/include/hangman_interfaces/hangman_interfaces/msg
[2.812s] -- Up-to-date: /home/user/ros2_ws/src/install/hangman_interfaces/include/hangman_interfaces/hangman_interfaces/msg/detail
[2.812s] -- Installing: /home/user/ros2_ws/src/install/hangman_interfaces/include/hangman_interfaces/hangman_interfaces/msg/detail/progress__builder.hpp
[2.812s] -- Installing: /home/user/ros2_ws/src/install/hangman_interfaces/include/hangman_interfaces/hangman_interfaces/msg/detail/progress__struct.hpp
[2.812s] -- Installing: /home/user/ros2_ws/src/install/hangman_interfaces/include/hangman_interfaces/hangman_interfaces/msg/detail/progress__traits.hpp
[2.812s] -- Installing: /home/user/ros2_ws/src/install/hangman_interfaces/include/hangman_interfaces/hangman_interfaces/msg/progress.hpp
[2.812s] -- Up-to-date: /home/user/ros2_ws/src/install/hangman_interfaces/include/hangman_interfaces/hangman_interfaces/action
[2.812s] -- Up-to-date: /home/user/ros2_ws/src/install/hangman_interfaces/include/hangman_interfaces/hangman_interfaces/action/detail
[2.812s] -- Installing: /home/user/ros2_ws/src/install/hangman_interfaces/include/hangman_interfaces/hangman_interfaces/action/detail/game_progress__traits.hpp
[2.812s] -- Installing: /home/user/ros2_ws/src/install/hangman_interfaces/include/hangman_interfaces/hangman_interfaces/action/detail/game_progress__struct.hpp
[2.813s] -- Installing: /home/user/ros2_ws/src/install/hangman_interfaces/include/hangman_interfaces/hangman_interfaces/action/detail/game_progress__builder.hpp
[2.813s] -- Installing: /home/user/ros2_ws/src/install/hangman_interfaces/include/hangman_interfaces/hangman_interfaces/action/game_progress.hpp
[2.813s] -- Up-to-date: /home/user/ros2_ws/src/install/hangman_interfaces/include/hangman_interfaces/hangman_interfaces
[2.813s] -- Up-to-date: /home/user/ros2_ws/src/install/hangman_interfaces/include/hangman_interfaces/hangman_interfaces/srv
[2.813s] -- Up-to-date: /home/user/ros2_ws/src/install/hangman_interfaces/include/hangman_interfaces/hangman_interfaces/srv/detail
[2.813s] -- Up-to-date: /home/user/ros2_ws/src/install/hangman_interfaces/include/hangman_interfaces/hangman_interfaces/srv/detail/dds_fastrtps
[2.813s] -- Installing: /home/user/ros2_ws/src/install/hangman_interfaces/include/hangman_interfaces/hangman_interfaces/srv/detail/check_letter__rosidl_typesupport_fastrtps_cpp.hpp
[2.813s] -- Up-to-date: /home/user/ros2_ws/src/install/hangman_interfaces/include/hangman_interfaces/hangman_interfaces/msg
[2.813s] -- Up-to-date: /home/user/ros2_ws/src/install/hangman_interfaces/include/hangman_interfaces/hangman_interfaces/msg/detail
[2.813s] -- Up-to-date: /home/user/ros2_ws/src/install/hangman_interfaces/include/hangman_interfaces/hangman_interfaces/msg/detail/dds_fastrtps
[2.813s] -- Installing: /home/user/ros2_ws/src/install/hangman_interfaces/include/hangman_interfaces/hangman_interfaces/msg/detail/progress__rosidl_typesupport_fastrtps_cpp.hpp
[2.813s] -- Up-to-date: /home/user/ros2_ws/src/install/hangman_interfaces/include/hangman_interfaces/hangman_interfaces/msg/rosidl_typesupport_fastrtps_cpp__visibility_control.h
[2.813s] -- Up-to-date: /home/user/ros2_ws/src/install/hangman_interfaces/include/hangman_interfaces/hangman_interfaces/action
[2.813s] -- Up-to-date: /home/user/ros2_ws/src/install/hangman_interfaces/include/hangman_interfaces/hangman_interfaces/action/detail
[2.813s] -- Up-to-date: /home/user/ros2_ws/src/install/hangman_interfaces/include/hangman_interfaces/hangman_interfaces/action/detail/dds_fastrtps
[2.813s] -- Installing: /home/user/ros2_ws/src/install/hangman_interfaces/include/hangman_interfaces/hangman_interfaces/action/detail/game_progress__rosidl_typesupport_fastrtps_cpp.hpp
[2.813s] -- Installing: /home/user/ros2_ws/src/install/hangman_interfaces/lib/libhangman_interfaces__rosidl_typesupport_fastrtps_cpp.so
[2.813s] -- Set runtime path of "/home/user/ros2_ws/src/install/hangman_interfaces/lib/libhangman_interfaces__rosidl_typesupport_fastrtps_cpp.so" to ""
[2.813s] -- Up-to-date: /home/user/ros2_ws/src/install/hangman_interfaces/include/hangman_interfaces/hangman_interfaces
[2.813s] -- Up-to-date: /home/user/ros2_ws/src/install/hangman_interfaces/include/hangman_interfaces/hangman_interfaces/srv
[2.813s] -- Up-to-date: /home/user/ros2_ws/src/install/hangman_interfaces/include/hangman_interfaces/hangman_interfaces/srv/detail
[2.813s] -- Installing: /home/user/ros2_ws/src/install/hangman_interfaces/include/hangman_interfaces/hangman_interfaces/srv/detail/check_letter__type_support.c
[2.813s] -- Installing: /home/user/ros2_ws/src/install/hangman_interfaces/include/hangman_interfaces/hangman_interfaces/srv/detail/check_letter__rosidl_typesupport_introspection_c.h
[2.813s] -- Up-to-date: /home/user/ros2_ws/src/install/hangman_interfaces/include/hangman_interfaces/hangman_interfaces/msg
[2.813s] -- Up-to-date: /home/user/ros2_ws/src/install/hangman_interfaces/include/hangman_interfaces/hangman_interfaces/msg/rosidl_typesupport_introspection_c__visibility_control.h
[2.813s] -- Up-to-date: /home/user/ros2_ws/src/install/hangman_interfaces/include/hangman_interfaces/hangman_interfaces/msg/detail
[2.813s] -- Installing: /home/user/ros2_ws/src/install/hangman_interfaces/include/hangman_interfaces/hangman_interfaces/msg/detail/progress__type_support.c
[2.813s] -- Installing: /home/user/ros2_ws/src/install/hangman_interfaces/include/hangman_interfaces/hangman_interfaces/msg/detail/progress__rosidl_typesupport_introspection_c.h
[2.813s] -- Up-to-date: /home/user/ros2_ws/src/install/hangman_interfaces/include/hangman_interfaces/hangman_interfaces/action
[2.814s] -- Up-to-date: /home/user/ros2_ws/src/install/hangman_interfaces/include/hangman_interfaces/hangman_interfaces/action/detail
[2.814s] -- Installing: /home/user/ros2_ws/src/install/hangman_interfaces/include/hangman_interfaces/hangman_interfaces/action/detail/game_progress__rosidl_typesupport_introspection_c.h
[2.814s] -- Installing: /home/user/ros2_ws/src/install/hangman_interfaces/include/hangman_interfaces/hangman_interfaces/action/detail/game_progress__type_support.c
[2.814s] -- Installing: /home/user/ros2_ws/src/install/hangman_interfaces/lib/libhangman_interfaces__rosidl_typesupport_introspection_c.so
[2.814s] -- Set runtime path of "/home/user/ros2_ws/src/install/hangman_interfaces/lib/libhangman_interfaces__rosidl_typesupport_introspection_c.so" to ""
[2.814s] -- Installing: /home/user/ros2_ws/src/install/hangman_interfaces/lib/libhangman_interfaces__rosidl_typesupport_c.so
[2.814s] -- Set runtime path of "/home/user/ros2_ws/src/install/hangman_interfaces/lib/libhangman_interfaces__rosidl_typesupport_c.so" to ""
[2.814s] -- Up-to-date: /home/user/ros2_ws/src/install/hangman_interfaces/include/hangman_interfaces/hangman_interfaces
[2.814s] -- Up-to-date: /home/user/ros2_ws/src/install/hangman_interfaces/include/hangman_interfaces/hangman_interfaces/srv
[2.814s] -- Up-to-date: /home/user/ros2_ws/src/install/hangman_interfaces/include/hangman_interfaces/hangman_interfaces/srv/detail
[2.814s] -- Installing: /home/user/ros2_ws/src/install/hangman_interfaces/include/hangman_interfaces/hangman_interfaces/srv/detail/check_letter__type_support.cpp
[2.814s] -- Installing: /home/user/ros2_ws/src/install/hangman_interfaces/include/hangman_interfaces/hangman_interfaces/srv/detail/check_letter__rosidl_typesupport_introspection_cpp.hpp
[2.814s] -- Up-to-date: /home/user/ros2_ws/src/install/hangman_interfaces/include/hangman_interfaces/hangman_interfaces/msg
[2.814s] -- Up-to-date: /home/user/ros2_ws/src/install/hangman_interfaces/include/hangman_interfaces/hangman_interfaces/msg/detail
[2.814s] -- Installing: /home/user/ros2_ws/src/install/hangman_interfaces/include/hangman_interfaces/hangman_interfaces/msg/detail/progress__rosidl_typesupport_introspection_cpp.hpp
[2.814s] -- Installing: /home/user/ros2_ws/src/install/hangman_interfaces/include/hangman_interfaces/hangman_interfaces/msg/detail/progress__type_support.cpp
[2.814s] -- Up-to-date: /home/user/ros2_ws/src/install/hangman_interfaces/include/hangman_interfaces/hangman_interfaces/action
[2.814s] -- Up-to-date: /home/user/ros2_ws/src/install/hangman_interfaces/include/hangman_interfaces/hangman_interfaces/action/detail
[2.814s] -- Installing: /home/user/ros2_ws/src/install/hangman_interfaces/include/hangman_interfaces/hangman_interfaces/action/detail/game_progress__type_support.cpp
[2.814s] -- Installing: /home/user/ros2_ws/src/install/hangman_interfaces/include/hangman_interfaces/hangman_interfaces/action/detail/game_progress__rosidl_typesupport_introspection_cpp.hpp
[2.814s] -- Installing: /home/user/ros2_ws/src/install/hangman_interfaces/lib/libhangman_interfaces__rosidl_typesupport_introspection_cpp.so
[2.815s] -- Set runtime path of "/home/user/ros2_ws/src/install/hangman_interfaces/lib/libhangman_interfaces__rosidl_typesupport_introspection_cpp.so" to ""
[2.815s] -- Installing: /home/user/ros2_ws/src/install/hangman_interfaces/lib/libhangman_interfaces__rosidl_typesupport_cpp.so
[2.815s] -- Set runtime path of "/home/user/ros2_ws/src/install/hangman_interfaces/lib/libhangman_interfaces__rosidl_typesupport_cpp.so" to ""
[2.815s] -- Up-to-date: /home/user/ros2_ws/src/install/hangman_interfaces/share/hangman_interfaces/environment/pythonpath.sh
[2.815s] -- Installing: /home/user/ros2_ws/src/install/hangman_interfaces/share/hangman_interfaces/environment/pythonpath.dsv
[2.815s] -- Up-to-date: /home/user/ros2_ws/src/install/hangman_interfaces/local/lib/python3.10/dist-packages/hangman_interfaces-0.0.0-py3.10.egg-info
[2.815s] -- Installing: /home/user/ros2_ws/src/install/hangman_interfaces/local/lib/python3.10/dist-packages/hangman_interfaces-0.0.0-py3.10.egg-info/SOURCES.txt
[2.815s] -- Installing: /home/user/ros2_ws/src/install/hangman_interfaces/local/lib/python3.10/dist-packages/hangman_interfaces-0.0.0-py3.10.egg-info/dependency_links.txt
[2.815s] -- Installing: /home/user/ros2_ws/src/install/hangman_interfaces/local/lib/python3.10/dist-packages/hangman_interfaces-0.0.0-py3.10.egg-info/top_level.txt
[2.815s] -- Installing: /home/user/ros2_ws/src/install/hangman_interfaces/local/lib/python3.10/dist-packages/hangman_interfaces-0.0.0-py3.10.egg-info/PKG-INFO
[2.815s] -- Up-to-date: /home/user/ros2_ws/src/install/hangman_interfaces/local/lib/python3.10/dist-packages/hangman_interfaces
[2.815s] -- Up-to-date: /home/user/ros2_ws/src/install/hangman_interfaces/local/lib/python3.10/dist-packages/hangman_interfaces/srv
[2.815s] -- Installing: /home/user/ros2_ws/src/install/hangman_interfaces/local/lib/python3.10/dist-packages/hangman_interfaces/srv/_check_letter_s.c
[2.815s] -- Installing: /home/user/ros2_ws/src/install/hangman_interfaces/local/lib/python3.10/dist-packages/hangman_interfaces/srv/__init__.py
[2.815s] -- Installing: /home/user/ros2_ws/src/install/hangman_interfaces/local/lib/python3.10/dist-packages/hangman_interfaces/srv/_check_letter.py
[2.815s] -- Installing: /home/user/ros2_ws/src/install/hangman_interfaces/local/lib/python3.10/dist-packages/hangman_interfaces/_hangman_interfaces_s.ep.rosidl_typesupport_introspection_c.c
[2.815s] -- Installing: /home/user/ros2_ws/src/install/hangman_interfaces/local/lib/python3.10/dist-packages/hangman_interfaces/_hangman_interfaces_s.ep.rosidl_typesupport_c.c
[2.815s] -- Up-to-date: /home/user/ros2_ws/src/install/hangman_interfaces/local/lib/python3.10/dist-packages/hangman_interfaces/msg
[2.815s] -- Installing: /home/user/ros2_ws/src/install/hangman_interfaces/local/lib/python3.10/dist-packages/hangman_interfaces/msg/_progress.py
[2.815s] -- Installing: /home/user/ros2_ws/src/install/hangman_interfaces/local/lib/python3.10/dist-packages/hangman_interfaces/msg/_progress_s.c
[2.816s] -- Installing: /home/user/ros2_ws/src/install/hangman_interfaces/local/lib/python3.10/dist-packages/hangman_interfaces/msg/__init__.py
[2.816s] -- Up-to-date: /home/user/ros2_ws/src/install/hangman_interfaces/local/lib/python3.10/dist-packages/hangman_interfaces/action
[2.816s] -- Installing: /home/user/ros2_ws/src/install/hangman_interfaces/local/lib/python3.10/dist-packages/hangman_interfaces/action/_game_progress_s.c
[2.816s] -- Installing: /home/user/ros2_ws/src/install/hangman_interfaces/local/lib/python3.10/dist-packages/hangman_interfaces/action/_game_progress.py
[2.816s] -- Installing: /home/user/ros2_ws/src/install/hangman_interfaces/local/lib/python3.10/dist-packages/hangman_interfaces/action/__init__.py
[2.816s] -- Installing: /home/user/ros2_ws/src/install/hangman_interfaces/local/lib/python3.10/dist-packages/hangman_interfaces/hangman_interfaces_s__rosidl_typesupport_introspection_c.cpython-310-x86_64-linux-gnu.so
[2.816s] -- Installing: /home/user/ros2_ws/src/install/hangman_interfaces/local/lib/python3.10/dist-packages/hangman_interfaces/_hangman_interfaces_s.ep.rosidl_typesupport_fastrtps_c.c
[2.816s] -- Installing: /home/user/ros2_ws/src/install/hangman_interfaces/local/lib/python3.10/dist-packages/hangman_interfaces/hangman_interfaces_s__rosidl_typesupport_fastrtps_c.cpython-310-x86_64-linux-gnu.so
[2.816s] -- Installing: /home/user/ros2_ws/src/install/hangman_interfaces/local/lib/python3.10/dist-packages/hangman_interfaces/hangman_interfaces_s__rosidl_typesupport_c.cpython-310-x86_64-linux-gnu.so
[2.816s] -- Installing: /home/user/ros2_ws/src/install/hangman_interfaces/local/lib/python3.10/dist-packages/hangman_interfaces/__init__.py
[2.816s] -- Installing: /home/user/ros2_ws/src/install/hangman_interfaces/local/lib/python3.10/dist-packages/hangman_interfaces/libhangman_interfaces__rosidl_generator_py.so
[2.847s] Listing '/home/user/ros2_ws/src/install/hangman_interfaces/local/lib/python3.10/dist-packages/hangman_interfaces'...
[2.847s] Compiling '/home/user/ros2_ws/src/install/hangman_interfaces/local/lib/python3.10/dist-packages/hangman_interfaces/__init__.py'...
[2.847s] Listing '/home/user/ros2_ws/src/install/hangman_interfaces/local/lib/python3.10/dist-packages/hangman_interfaces/action'...
[2.847s] Compiling '/home/user/ros2_ws/src/install/hangman_interfaces/local/lib/python3.10/dist-packages/hangman_interfaces/action/__init__.py'...
[2.847s] Compiling '/home/user/ros2_ws/src/install/hangman_interfaces/local/lib/python3.10/dist-packages/hangman_interfaces/action/_game_progress.py'...
[2.847s] Listing '/home/user/ros2_ws/src/install/hangman_interfaces/local/lib/python3.10/dist-packages/hangman_interfaces/msg'...
[2.847s] Compiling '/home/user/ros2_ws/src/install/hangman_interfaces/local/lib/python3.10/dist-packages/hangman_interfaces/msg/__init__.py'...
[2.847s] Compiling '/home/user/ros2_ws/src/install/hangman_interfaces/local/lib/python3.10/dist-packages/hangman_interfaces/msg/_progress.py'...
[2.847s] Listing '/home/user/ros2_ws/src/install/hangman_interfaces/local/lib/python3.10/dist-packages/hangman_interfaces/srv'...
[2.847s] Compiling '/home/user/ros2_ws/src/install/hangman_interfaces/local/lib/python3.10/dist-packages/hangman_interfaces/srv/__init__.py'...
[2.847s] Compiling '/home/user/ros2_ws/src/install/hangman_interfaces/local/lib/python3.10/dist-packages/hangman_interfaces/srv/_check_letter.py'...
[2.851s] -- Installing: /home/user/ros2_ws/src/install/hangman_interfaces/local/lib/python3.10/dist-packages/hangman_interfaces/hangman_interfaces_s__rosidl_typesupport_fastrtps_c.cpython-310-x86_64-linux-gnu.so
[2.851s] -- Set runtime path of "/home/user/ros2_ws/src/install/hangman_interfaces/local/lib/python3.10/dist-packages/hangman_interfaces/hangman_interfaces_s__rosidl_typesupport_fastrtps_c.cpython-310-x86_64-linux-gnu.so" to ""
[2.851s] -- Installing: /home/user/ros2_ws/src/install/hangman_interfaces/local/lib/python3.10/dist-packages/hangman_interfaces/hangman_interfaces_s__rosidl_typesupport_introspection_c.cpython-310-x86_64-linux-gnu.so
[2.851s] -- Set runtime path of "/home/user/ros2_ws/src/install/hangman_interfaces/local/lib/python3.10/dist-packages/hangman_interfaces/hangman_interfaces_s__rosidl_typesupport_introspection_c.cpython-310-x86_64-linux-gnu.so" to ""
[2.851s] -- Installing: /home/user/ros2_ws/src/install/hangman_interfaces/local/lib/python3.10/dist-packages/hangman_interfaces/hangman_interfaces_s__rosidl_typesupport_c.cpython-310-x86_64-linux-gnu.so
[2.851s] -- Set runtime path of "/home/user/ros2_ws/src/install/hangman_interfaces/local/lib/python3.10/dist-packages/hangman_interfaces/hangman_interfaces_s__rosidl_typesupport_c.cpython-310-x86_64-linux-gnu.so" to ""
[2.851s] -- Installing: /home/user/ros2_ws/src/install/hangman_interfaces/lib/libhangman_interfaces__rosidl_generator_py.so
[2.851s] -- Set runtime path of "/home/user/ros2_ws/src/install/hangman_interfaces/lib/libhangman_interfaces__rosidl_generator_py.so" to ""
[2.851s] -- Up-to-date: /home/user/ros2_ws/src/install/hangman_interfaces/share/hangman_interfaces/msg/Progress.idl
[2.851s] -- Up-to-date: /home/user/ros2_ws/src/install/hangman_interfaces/share/hangman_interfaces/srv/CheckLetter.idl
[2.851s] -- Installing: /home/user/ros2_ws/src/install/hangman_interfaces/share/hangman_interfaces/action/GameProgress.idl
[2.851s] -- Up-to-date: /home/user/ros2_ws/src/install/hangman_interfaces/share/hangman_interfaces/msg/Progress.msg
[2.852s] -- Up-to-date: /home/user/ros2_ws/src/install/hangman_interfaces/share/hangman_interfaces/srv/CheckLetter.srv
[2.852s] -- Up-to-date: /home/user/ros2_ws/src/install/hangman_interfaces/share/hangman_interfaces/srv/CheckLetter_Request.msg
[2.852s] -- Up-to-date: /home/user/ros2_ws/src/install/hangman_interfaces/share/hangman_interfaces/srv/CheckLetter_Response.msg
[2.852s] -- Installing: /home/user/ros2_ws/src/install/hangman_interfaces/share/hangman_interfaces/action/GameProgress.action
[2.852s] -- Up-to-date: /home/user/ros2_ws/src/install/hangman_interfaces/share/ament_index/resource_index/package_run_dependencies/hangman_interfaces
[2.852s] -- Up-to-date: /home/user/ros2_ws/src/install/hangman_interfaces/share/ament_index/resource_index/parent_prefix_path/hangman_interfaces
[2.852s] -- Up-to-date: /home/user/ros2_ws/src/install/hangman_interfaces/share/hangman_interfaces/environment/ament_prefix_path.sh
[2.852s] -- Installing: /home/user/ros2_ws/src/install/hangman_interfaces/share/hangman_interfaces/environment/ament_prefix_path.dsv
[2.852s] -- Up-to-date: /home/user/ros2_ws/src/install/hangman_interfaces/share/hangman_interfaces/environment/path.sh
[2.852s] -- Installing: /home/user/ros2_ws/src/install/hangman_interfaces/share/hangman_interfaces/environment/path.dsv
[2.852s] -- Up-to-date: /home/user/ros2_ws/src/install/hangman_interfaces/share/hangman_interfaces/local_setup.bash
[2.852s] -- Up-to-date: /home/user/ros2_ws/src/install/hangman_interfaces/share/hangman_interfaces/local_setup.sh
[2.852s] -- Up-to-date: /home/user/ros2_ws/src/install/hangman_interfaces/share/hangman_interfaces/local_setup.zsh
[2.852s] -- Installing: /home/user/ros2_ws/src/install/hangman_interfaces/share/hangman_interfaces/local_setup.dsv
[2.852s] -- Installing: /home/user/ros2_ws/src/install/hangman_interfaces/share/hangman_interfaces/package.dsv
[2.852s] -- Up-to-date: /home/user/ros2_ws/src/install/hangman_interfaces/share/ament_index/resource_index/packages/hangman_interfaces
[2.852s] -- Up-to-date: /home/user/ros2_ws/src/install/hangman_interfaces/share/hangman_interfaces/cmake/export_hangman_interfaces__rosidl_generator_cExport.cmake
[2.852s] -- Up-to-date: /home/user/ros2_ws/src/install/hangman_interfaces/share/hangman_interfaces/cmake/export_hangman_interfaces__rosidl_generator_cExport-noconfig.cmake
[2.852s] -- Up-to-date: /home/user/ros2_ws/src/install/hangman_interfaces/share/hangman_interfaces/cmake/export_hangman_interfaces__rosidl_typesupport_fastrtps_cExport.cmake
[2.852s] -- Up-to-date: /home/user/ros2_ws/src/install/hangman_interfaces/share/hangman_interfaces/cmake/export_hangman_interfaces__rosidl_typesupport_fastrtps_cExport-noconfig.cmake
[2.852s] -- Up-to-date: /home/user/ros2_ws/src/install/hangman_interfaces/share/hangman_interfaces/cmake/export_hangman_interfaces__rosidl_generator_cppExport.cmake
[2.852s] -- Up-to-date: /home/user/ros2_ws/src/install/hangman_interfaces/share/hangman_interfaces/cmake/export_hangman_interfaces__rosidl_typesupport_fastrtps_cppExport.cmake
[2.852s] -- Up-to-date: /home/user/ros2_ws/src/install/hangman_interfaces/share/hangman_interfaces/cmake/export_hangman_interfaces__rosidl_typesupport_fastrtps_cppExport-noconfig.cmake
[2.852s] -- Up-to-date: /home/user/ros2_ws/src/install/hangman_interfaces/share/hangman_interfaces/cmake/hangman_interfaces__rosidl_typesupport_introspection_cExport.cmake
[2.852s] -- Up-to-date: /home/user/ros2_ws/src/install/hangman_interfaces/share/hangman_interfaces/cmake/hangman_interfaces__rosidl_typesupport_introspection_cExport-noconfig.cmake
[2.852s] -- Up-to-date: /home/user/ros2_ws/src/install/hangman_interfaces/share/hangman_interfaces/cmake/hangman_interfaces__rosidl_typesupport_cExport.cmake
[2.852s] -- Up-to-date: /home/user/ros2_ws/src/install/hangman_interfaces/share/hangman_interfaces/cmake/hangman_interfaces__rosidl_typesupport_cExport-noconfig.cmake
[2.852s] -- Up-to-date: /home/user/ros2_ws/src/install/hangman_interfaces/share/hangman_interfaces/cmake/hangman_interfaces__rosidl_typesupport_introspection_cppExport.cmake
[2.853s] -- Up-to-date: /home/user/ros2_ws/src/install/hangman_interfaces/share/hangman_interfaces/cmake/hangman_interfaces__rosidl_typesupport_introspection_cppExport-noconfig.cmake
[2.853s] -- Up-to-date: /home/user/ros2_ws/src/install/hangman_interfaces/share/hangman_interfaces/cmake/hangman_interfaces__rosidl_typesupport_cppExport.cmake
[2.853s] -- Up-to-date: /home/user/ros2_ws/src/install/hangman_interfaces/share/hangman_interfaces/cmake/hangman_interfaces__rosidl_typesupport_cppExport-noconfig.cmake
[2.853s] -- Up-to-date: /home/user/ros2_ws/src/install/hangman_interfaces/share/hangman_interfaces/cmake/export_hangman_interfaces__rosidl_generator_pyExport.cmake
[2.853s] -- Up-to-date: /home/user/ros2_ws/src/install/hangman_interfaces/share/hangman_interfaces/cmake/export_hangman_interfaces__rosidl_generator_pyExport-noconfig.cmake
[2.853s] -- Up-to-date: /home/user/ros2_ws/src/install/hangman_interfaces/share/hangman_interfaces/cmake/ament_cmake_export_dependencies-extras.cmake
[2.853s] -- Up-to-date: /home/user/ros2_ws/src/install/hangman_interfaces/share/hangman_interfaces/cmake/rosidl_cmake-extras.cmake
[2.853s] -- Up-to-date: /home/user/ros2_ws/src/install/hangman_interfaces/share/hangman_interfaces/cmake/ament_cmake_export_include_directories-extras.cmake
[2.853s] -- Up-to-date: /home/user/ros2_ws/src/install/hangman_interfaces/share/hangman_interfaces/cmake/ament_cmake_export_libraries-extras.cmake
[2.853s] -- Up-to-date: /home/user/ros2_ws/src/install/hangman_interfaces/share/hangman_interfaces/cmake/ament_cmake_export_targets-extras.cmake
[2.853s] -- Up-to-date: /home/user/ros2_ws/src/install/hangman_interfaces/share/hangman_interfaces/cmake/rosidl_cmake_export_typesupport_targets-extras.cmake
[2.853s] -- Up-to-date: /home/user/ros2_ws/src/install/hangman_interfaces/share/hangman_interfaces/cmake/rosidl_cmake_export_typesupport_libraries-extras.cmake
[2.853s] -- Up-to-date: /home/user/ros2_ws/src/install/hangman_interfaces/share/hangman_interfaces/cmake/hangman_interfacesConfig.cmake
[2.853s] -- Up-to-date: /home/user/ros2_ws/src/install/hangman_interfaces/share/hangman_interfaces/cmake/hangman_interfacesConfig-version.cmake
[2.853s] -- Up-to-date: /home/user/ros2_ws/src/install/hangman_interfaces/share/hangman_interfaces/package.xml
[2.854s] Invoked command in '/home/user/ros2_ws/src/build/hangman_interfaces' returned '0': CMAKE_PREFIX_PATH=${CMAKE_PREFIX_PATH}:/home/user/ros2_ws/src/install/hangman_game:/home/user/ros2_ws/install/hangman_game:/home/user/robot_ws/install/topic_service_action_rclpy_example:/home/user/robot_ws/install/time_rclpy_example:/home/user/robot_ws/install/tf2_rclpy_example:/home/user/robot_ws/install/ros2env:/home/user/robot_ws/install/my_first_ros_rclpy_pkg:/home/user/robot_ws/install/logging_rclpy_example:/home/user/robot_ws/install/hang_man:/home/user/turtlebot3_ws/install/turtlebot3_teleop:/home/user/turtlebot3_ws/install/turtlebot3_example:/opt/ros/humble /usr/bin/cmake --install /home/user/ros2_ws/src/build/hangman_interfaces
