[0.008s] Invoking command in '/home/user/ros2_ws/build/hangman_interfaces': CMAKE_PREFIX_PATH=${CMAKE_PREFIX_PATH}:/home/user/ros2_ws/install/hangman_game:/home/user/robot_ws/install/topic_service_action_rclpy_example:/home/user/robot_ws/install/time_rclpy_example:/home/user/robot_ws/install/tf2_rclpy_example:/home/user/robot_ws/install/ros2env:/home/user/robot_ws/install/my_first_ros_rclpy_pkg:/home/user/robot_ws/install/logging_rclpy_example:/home/user/robot_ws/install/hang_man:/home/user/turtlebot3_ws/install/turtlebot3_teleop:/home/user/turtlebot3_ws/install/turtlebot3_example:/opt/ros/humble /usr/bin/cmake --build /home/user/ros2_ws/build/hangman_interfaces -- -j20 -l20
[0.025s] -- Found ament_cmake: 1.3.10 (/opt/ros/humble/share/ament_cmake/cmake)
[0.107s] -- Found builtin_interfaces: 1.2.1 (/opt/ros/humble/share/builtin_interfaces/cmake)
[0.120s] -- Found rosidl_generator_c: 3.1.5 (/opt/ros/humble/share/rosidl_generator_c/cmake)
[0.122s] -- Found rosidl_adapter: 3.1.5 (/opt/ros/humble/share/rosidl_adapter/cmake)
[0.125s] -- Found rosidl_generator_cpp: 3.1.5 (/opt/ros/humble/share/rosidl_generator_cpp/cmake)
[0.130s] -- Using all available rosidl_typesupport_c: rosidl_typesupport_fastrtps_c;rosidl_typesupport_introspection_c
[0.138s] -- Using all available rosidl_typesupport_cpp: rosidl_typesupport_fastrtps_cpp;rosidl_typesupport_introspection_cpp
[0.145s] -- Found rosidl_default_generators: 1.2.0 (/opt/ros/humble/share/rosidl_default_generators/cmake)
[0.267s] [31mCMake Error at /opt/ros/humble/share/rosidl_adapter/cmake/rosidl_adapt_interfaces.cmake:59 (message):
[0.267s]   execute_process(/usr/bin/python3 -m rosidl_adapter --package-name
[0.267s]   hangman_interfaces --arguments-file
[0.267s]   /home/user/ros2_ws/build/hangman_interfaces/rosidl_adapter__arguments__hangman_interfaces.json
[0.267s]   --output-dir
[0.267s]   /home/user/ros2_ws/build/hangman_interfaces/rosidl_adapter/hangman_interfaces
[0.268s]   --output-file
[0.268s]   /home/user/ros2_ws/build/hangman_interfaces/rosidl_adapter/hangman_interfaces.idls)
[0.268s]   returned error code 1:
[0.268s] 
[0.268s]   Traceback (most recent call last):
[0.268s] 
[0.268s]     File "/usr/lib/python3.10/runpy.py", line 196, in _run_module_as_main
[0.268s]       return _run_code(code, main_globals, None,
[0.268s]     File "/usr/lib/python3.10/runpy.py", line 86, in _run_code
[0.268s]       exec(code, run_globals)
[0.268s]     File "/opt/ros/humble/local/lib/python3.10/dist-packages/rosidl_adapter/__main__.py", line 19, in <module>
[0.268s]       sys.exit(main())
[0.268s]     File "/opt/ros/humble/local/lib/python3.10/dist-packages/rosidl_adapter/main.py", line 53, in main
[0.268s]       abs_idl_file = convert_to_idl(
[0.268s]     File "/opt/ros/humble/local/lib/python3.10/dist-packages/rosidl_adapter/__init__.py", line 29, in convert_to_idl
[0.268s]       return convert_action_to_idl(
[0.268s]     File "/opt/ros/humble/local/lib/python3.10/dist-packages/rosidl_adapter/action/__init__.py", line 28, in convert_action_to_idl
[0.268s]       action = parse_action_string(package_name, input_file.stem, content)
[0.268s]     File "/opt/ros/humble/local/lib/python3.10/dist-packages/rosidl_adapter/parser.py", line 894, in parse_action_string
[0.268s]       raise InvalidActionSpecification(
[0.268s] 
[0.268s]   rosidl_adapter.parser.InvalidActionSpecification: Number of '---'
[0.268s]   separators nonconformant with action definition
[0.268s] 
[0.268s] Call Stack (most recent call first):
[0.268s]   /opt/ros/humble/share/rosidl_cmake/cmake/rosidl_generate_interfaces.cmake:130 (rosidl_adapt_interfaces)
[0.268s]   CMakeLists.txt:31 (rosidl_generate_interfaces)
[0.268s] 
[0.268s] [0m
[0.268s] -- Configuring incomplete, errors occurred!
[0.268s] See also "/home/user/ros2_ws/build/hangman_interfaces/CMakeFiles/CMakeOutput.log".
[0.271s] gmake: *** [Makefile:1179: cmake_check_build_system] Error 1
[0.272s] Invoked command in '/home/user/ros2_ws/build/hangman_interfaces' returned '2': CMAKE_PREFIX_PATH=${CMAKE_PREFIX_PATH}:/home/user/ros2_ws/install/hangman_game:/home/user/robot_ws/install/topic_service_action_rclpy_example:/home/user/robot_ws/install/time_rclpy_example:/home/user/robot_ws/install/tf2_rclpy_example:/home/user/robot_ws/install/ros2env:/home/user/robot_ws/install/my_first_ros_rclpy_pkg:/home/user/robot_ws/install/logging_rclpy_example:/home/user/robot_ws/install/hang_man:/home/user/turtlebot3_ws/install/turtlebot3_teleop:/home/user/turtlebot3_ws/install/turtlebot3_example:/opt/ros/humble /usr/bin/cmake --build /home/user/ros2_ws/build/hangman_interfaces -- -j20 -l20
