[0.070s] DEBUG:colcon:Command line arguments: ['/usr/bin/colcon', 'build']
[0.070s] DEBUG:colcon:Parsed command line arguments: Namespace(log_base=None, log_level=None, verb_name='build', build_base='build', install_base='install', merge_install=False, symlink_install=False, test_result_base=None, continue_on_error=False, executor='parallel', parallel_workers=20, event_handlers=None, ignore_user_meta=False, metas=['./colcon.meta'], base_paths=['.'], packages_ignore=None, packages_ignore_regex=None, paths=None, packages_up_to=None, packages_up_to_regex=None, packages_above=None, packages_above_and_dependencies=None, packages_above_depth=None, packages_select_by_dep=None, packages_skip_by_dep=None, packages_skip_up_to=None, packages_select_build_failed=False, packages_skip_build_finished=False, packages_select_test_failures=False, packages_skip_test_passed=False, packages_select=None, packages_skip=None, packages_select_regex=None, packages_skip_regex=None, packages_start=None, packages_end=None, allow_overriding=[], cmake_args=None, cmake_target=None, cmake_target_skip_unavailable=False, cmake_clean_cache=False, cmake_clean_first=False, cmake_force_configure=False, ament_cmake_args=None, catkin_cmake_args=None, catkin_skip_building_tests=False, verb_parser=<colcon_defaults.argument_parser.defaults.DefaultArgumentsDecorator object at 0x711ea4112d10>, verb_extension=<colcon_core.verb.build.BuildVerb object at 0x711ea4313c40>, main=<bound method BuildVerb.main of <colcon_core.verb.build.BuildVerb object at 0x711ea4313c40>>)
[0.152s] Level 1:colcon.colcon_core.package_discovery:discover_packages(colcon_meta) check parameters
[0.152s] Level 1:colcon.colcon_core.package_discovery:discover_packages(recursive) check parameters
[0.152s] Level 1:colcon.colcon_core.package_discovery:discover_packages(ignore) check parameters
[0.152s] Level 1:colcon.colcon_core.package_discovery:discover_packages(path) check parameters
[0.152s] Level 1:colcon.colcon_core.package_discovery:discover_packages(colcon_meta) discover
[0.152s] Level 1:colcon.colcon_core.package_discovery:discover_packages(recursive) discover
[0.152s] INFO:colcon.colcon_core.package_discovery:Crawling recursively for packages in '/home/user/ros2_ws'
[0.152s] Level 1:colcon.colcon_core.package_identification:_identify(.) by extensions ['ignore', 'ignore_ament_install']
[0.152s] Level 1:colcon.colcon_core.package_identification:_identify(.) by extension 'ignore'
[0.152s] Level 1:colcon.colcon_core.package_identification:_identify(.) by extension 'ignore_ament_install'
[0.152s] Level 1:colcon.colcon_core.package_identification:_identify(.) by extensions ['colcon_pkg']
[0.152s] Level 1:colcon.colcon_core.package_identification:_identify(.) by extension 'colcon_pkg'
[0.152s] Level 1:colcon.colcon_core.package_identification:_identify(.) by extensions ['colcon_meta']
[0.152s] Level 1:colcon.colcon_core.package_identification:_identify(.) by extension 'colcon_meta'
[0.152s] Level 1:colcon.colcon_core.package_identification:_identify(.) by extensions ['ros']
[0.152s] Level 1:colcon.colcon_core.package_identification:_identify(.) by extension 'ros'
[0.164s] Level 1:colcon.colcon_core.package_identification:_identify(.) by extensions ['cmake', 'python']
[0.164s] Level 1:colcon.colcon_core.package_identification:_identify(.) by extension 'cmake'
[0.164s] Level 1:colcon.colcon_core.package_identification:_identify(.) by extension 'python'
[0.164s] Level 1:colcon.colcon_core.package_identification:_identify(.) by extensions ['python_setup_py']
[0.164s] Level 1:colcon.colcon_core.package_identification:_identify(.) by extension 'python_setup_py'
[0.164s] Level 1:colcon.colcon_core.package_identification:_identify(build) by extensions ['ignore', 'ignore_ament_install']
[0.164s] Level 1:colcon.colcon_core.package_identification:_identify(build) by extension 'ignore'
[0.164s] Level 1:colcon.colcon_core.package_identification:_identify(build) ignored
[0.164s] Level 1:colcon.colcon_core.package_identification:_identify(install) by extensions ['ignore', 'ignore_ament_install']
[0.164s] Level 1:colcon.colcon_core.package_identification:_identify(install) by extension 'ignore'
[0.164s] Level 1:colcon.colcon_core.package_identification:_identify(install) ignored
[0.164s] Level 1:colcon.colcon_core.package_identification:_identify(log) by extensions ['ignore', 'ignore_ament_install']
[0.164s] Level 1:colcon.colcon_core.package_identification:_identify(log) by extension 'ignore'
[0.164s] Level 1:colcon.colcon_core.package_identification:_identify(log) ignored
[0.164s] Level 1:colcon.colcon_core.package_identification:_identify(src) by extensions ['ignore', 'ignore_ament_install']
[0.164s] Level 1:colcon.colcon_core.package_identification:_identify(src) by extension 'ignore'
[0.164s] Level 1:colcon.colcon_core.package_identification:_identify(src) by extension 'ignore_ament_install'
[0.164s] Level 1:colcon.colcon_core.package_identification:_identify(src) by extensions ['colcon_pkg']
[0.164s] Level 1:colcon.colcon_core.package_identification:_identify(src) by extension 'colcon_pkg'
[0.164s] Level 1:colcon.colcon_core.package_identification:_identify(src) by extensions ['colcon_meta']
[0.164s] Level 1:colcon.colcon_core.package_identification:_identify(src) by extension 'colcon_meta'
[0.164s] Level 1:colcon.colcon_core.package_identification:_identify(src) by extensions ['ros']
[0.164s] Level 1:colcon.colcon_core.package_identification:_identify(src) by extension 'ros'
[0.164s] Level 1:colcon.colcon_core.package_identification:_identify(src) by extensions ['cmake', 'python']
[0.165s] Level 1:colcon.colcon_core.package_identification:_identify(src) by extension 'cmake'
[0.165s] Level 1:colcon.colcon_core.package_identification:_identify(src) by extension 'python'
[0.165s] Level 1:colcon.colcon_core.package_identification:_identify(src) by extensions ['python_setup_py']
[0.165s] Level 1:colcon.colcon_core.package_identification:_identify(src) by extension 'python_setup_py'
[0.165s] Level 1:colcon.colcon_core.package_identification:_identify(src/build) by extensions ['ignore', 'ignore_ament_install']
[0.165s] Level 1:colcon.colcon_core.package_identification:_identify(src/build) by extension 'ignore'
[0.165s] Level 1:colcon.colcon_core.package_identification:_identify(src/build) ignored
[0.165s] Level 1:colcon.colcon_core.package_identification:_identify(src/hangman_game) by extensions ['ignore', 'ignore_ament_install']
[0.165s] Level 1:colcon.colcon_core.package_identification:_identify(src/hangman_game) by extension 'ignore'
[0.165s] Level 1:colcon.colcon_core.package_identification:_identify(src/hangman_game) by extension 'ignore_ament_install'
[0.165s] Level 1:colcon.colcon_core.package_identification:_identify(src/hangman_game) by extensions ['colcon_pkg']
[0.165s] Level 1:colcon.colcon_core.package_identification:_identify(src/hangman_game) by extension 'colcon_pkg'
[0.165s] Level 1:colcon.colcon_core.package_identification:_identify(src/hangman_game) by extensions ['colcon_meta']
[0.165s] Level 1:colcon.colcon_core.package_identification:_identify(src/hangman_game) by extension 'colcon_meta'
[0.165s] Level 1:colcon.colcon_core.package_identification:_identify(src/hangman_game) by extensions ['ros']
[0.165s] Level 1:colcon.colcon_core.package_identification:_identify(src/hangman_game) by extension 'ros'
[0.166s] DEBUG:colcon.colcon_core.package_identification:Package 'src/hangman_game' with type 'ros.ament_python' and name 'hangman_game'
[0.166s] Level 1:colcon.colcon_core.package_identification:_identify(src/hangman_interfaces) by extensions ['ignore', 'ignore_ament_install']
[0.166s] Level 1:colcon.colcon_core.package_identification:_identify(src/hangman_interfaces) by extension 'ignore'
[0.166s] Level 1:colcon.colcon_core.package_identification:_identify(src/hangman_interfaces) by extension 'ignore_ament_install'
[0.166s] Level 1:colcon.colcon_core.package_identification:_identify(src/hangman_interfaces) by extensions ['colcon_pkg']
[0.167s] Level 1:colcon.colcon_core.package_identification:_identify(src/hangman_interfaces) by extension 'colcon_pkg'
[0.167s] Level 1:colcon.colcon_core.package_identification:_identify(src/hangman_interfaces) by extensions ['colcon_meta']
[0.167s] Level 1:colcon.colcon_core.package_identification:_identify(src/hangman_interfaces) by extension 'colcon_meta'
[0.167s] Level 1:colcon.colcon_core.package_identification:_identify(src/hangman_interfaces) by extensions ['ros']
[0.167s] Level 1:colcon.colcon_core.package_identification:_identify(src/hangman_interfaces) by extension 'ros'
[0.167s] DEBUG:colcon.colcon_core.package_identification:Package 'src/hangman_interfaces' with type 'ros.ament_cmake' and name 'hangman_interfaces'
[0.167s] Level 1:colcon.colcon_core.package_identification:_identify(src/install) by extensions ['ignore', 'ignore_ament_install']
[0.167s] Level 1:colcon.colcon_core.package_identification:_identify(src/install) by extension 'ignore'
[0.167s] Level 1:colcon.colcon_core.package_identification:_identify(src/install) ignored
[0.167s] Level 1:colcon.colcon_core.package_identification:_identify(src/log) by extensions ['ignore', 'ignore_ament_install']
[0.167s] Level 1:colcon.colcon_core.package_identification:_identify(src/log) by extension 'ignore'
[0.167s] Level 1:colcon.colcon_core.package_identification:_identify(src/log) ignored
[0.167s] Level 1:colcon.colcon_core.package_discovery:discover_packages(recursive) using defaults
[0.167s] Level 1:colcon.colcon_core.package_discovery:discover_packages(ignore) discover
[0.167s] Level 1:colcon.colcon_core.package_discovery:discover_packages(ignore) using defaults
[0.167s] Level 1:colcon.colcon_core.package_discovery:discover_packages(path) discover
[0.167s] Level 1:colcon.colcon_core.package_discovery:discover_packages(path) using defaults
[0.178s] Level 1:colcon.colcon_core.package_discovery:discover_packages(prefix_path) check parameters
[0.178s] Level 1:colcon.colcon_core.package_discovery:discover_packages(prefix_path) discover
[0.180s] DEBUG:colcon.colcon_installed_package_information.package_discovery:Found 2 installed packages in /home/user/ros2_ws/install
[0.180s] DEBUG:colcon.colcon_installed_package_information.package_discovery:Found 13 installed packages in /home/user/robot_ws/install
[0.180s] DEBUG:colcon.colcon_installed_package_information.package_discovery:Found 15 installed packages in /home/user/turtlebot3_ws/install
[0.181s] DEBUG:colcon.colcon_installed_package_information.package_discovery:Found 363 installed packages in /opt/ros/humble
[0.182s] Level 1:colcon.colcon_core.package_discovery:discover_packages(prefix_path) using defaults
[0.205s] Level 5:colcon.colcon_core.verb:set package 'hangman_interfaces' build argument 'cmake_args' from command line to 'None'
[0.206s] Level 5:colcon.colcon_core.verb:set package 'hangman_interfaces' build argument 'cmake_target' from command line to 'None'
[0.206s] Level 5:colcon.colcon_core.verb:set package 'hangman_interfaces' build argument 'cmake_target_skip_unavailable' from command line to 'False'
[0.206s] Level 5:colcon.colcon_core.verb:set package 'hangman_interfaces' build argument 'cmake_clean_cache' from command line to 'False'
[0.206s] Level 5:colcon.colcon_core.verb:set package 'hangman_interfaces' build argument 'cmake_clean_first' from command line to 'False'
[0.206s] Level 5:colcon.colcon_core.verb:set package 'hangman_interfaces' build argument 'cmake_force_configure' from command line to 'False'
[0.206s] Level 5:colcon.colcon_core.verb:set package 'hangman_interfaces' build argument 'ament_cmake_args' from command line to 'None'
[0.206s] Level 5:colcon.colcon_core.verb:set package 'hangman_interfaces' build argument 'catkin_cmake_args' from command line to 'None'
[0.206s] Level 5:colcon.colcon_core.verb:set package 'hangman_interfaces' build argument 'catkin_skip_building_tests' from command line to 'False'
[0.206s] DEBUG:colcon.colcon_core.verb:Building package 'hangman_interfaces' with the following arguments: {'ament_cmake_args': None, 'build_base': '/home/user/ros2_ws/build/hangman_interfaces', 'catkin_cmake_args': None, 'catkin_skip_building_tests': False, 'cmake_args': None, 'cmake_clean_cache': False, 'cmake_clean_first': False, 'cmake_force_configure': False, 'cmake_target': None, 'cmake_target_skip_unavailable': False, 'install_base': '/home/user/ros2_ws/install/hangman_interfaces', 'merge_install': False, 'path': '/home/user/ros2_ws/src/hangman_interfaces', 'symlink_install': False, 'test_result_base': None}
[0.206s] Level 5:colcon.colcon_core.verb:set package 'hangman_game' build argument 'cmake_args' from command line to 'None'
[0.206s] Level 5:colcon.colcon_core.verb:set package 'hangman_game' build argument 'cmake_target' from command line to 'None'
[0.206s] Level 5:colcon.colcon_core.verb:set package 'hangman_game' build argument 'cmake_target_skip_unavailable' from command line to 'False'
[0.206s] Level 5:colcon.colcon_core.verb:set package 'hangman_game' build argument 'cmake_clean_cache' from command line to 'False'
[0.206s] Level 5:colcon.colcon_core.verb:set package 'hangman_game' build argument 'cmake_clean_first' from command line to 'False'
[0.206s] Level 5:colcon.colcon_core.verb:set package 'hangman_game' build argument 'cmake_force_configure' from command line to 'False'
[0.206s] Level 5:colcon.colcon_core.verb:set package 'hangman_game' build argument 'ament_cmake_args' from command line to 'None'
[0.206s] Level 5:colcon.colcon_core.verb:set package 'hangman_game' build argument 'catkin_cmake_args' from command line to 'None'
[0.206s] Level 5:colcon.colcon_core.verb:set package 'hangman_game' build argument 'catkin_skip_building_tests' from command line to 'False'
[0.206s] DEBUG:colcon.colcon_core.verb:Building package 'hangman_game' with the following arguments: {'ament_cmake_args': None, 'build_base': '/home/user/ros2_ws/build/hangman_game', 'catkin_cmake_args': None, 'catkin_skip_building_tests': False, 'cmake_args': None, 'cmake_clean_cache': False, 'cmake_clean_first': False, 'cmake_force_configure': False, 'cmake_target': None, 'cmake_target_skip_unavailable': False, 'install_base': '/home/user/ros2_ws/install/hangman_game', 'merge_install': False, 'path': '/home/user/ros2_ws/src/hangman_game', 'symlink_install': False, 'test_result_base': None}
[0.206s] INFO:colcon.colcon_core.executor:Executing jobs using 'parallel' executor
[0.207s] DEBUG:colcon.colcon_parallel_executor.executor.parallel:run_until_complete
[0.207s] INFO:colcon.colcon_ros.task.ament_cmake.build:Building ROS package in '/home/user/ros2_ws/src/hangman_interfaces' with build type 'ament_cmake'
[0.208s] INFO:colcon.colcon_cmake.task.cmake.build:Building CMake package in '/home/user/ros2_ws/src/hangman_interfaces'
[0.209s] INFO:colcon.colcon_core.plugin_system:Skipping extension 'colcon_core.shell.bat': Not used on non-Windows systems
[0.209s] INFO:colcon.colcon_core.shell:Skip shell extension 'powershell' for command environment: Not usable outside of PowerShell
[0.209s] DEBUG:colcon.colcon_core.shell:Skip shell extension 'dsv' for command environment
[0.217s] DEBUG:colcon.colcon_core.event_handler.log_command:Invoking command in '/home/user/ros2_ws/build/hangman_interfaces': CMAKE_PREFIX_PATH=${CMAKE_PREFIX_PATH}:/home/user/ros2_ws/install/hangman_game:/home/user/robot_ws/install/topic_service_action_rclpy_example:/home/user/robot_ws/install/time_rclpy_example:/home/user/robot_ws/install/tf2_rclpy_example:/home/user/robot_ws/install/ros2env:/home/user/robot_ws/install/my_first_ros_rclpy_pkg:/home/user/robot_ws/install/logging_rclpy_example:/home/user/robot_ws/install/hang_man:/home/user/turtlebot3_ws/install/turtlebot3_teleop:/home/user/turtlebot3_ws/install/turtlebot3_example:/opt/ros/humble /usr/bin/cmake --build /home/user/ros2_ws/build/hangman_interfaces -- -j20 -l20
[0.445s] DEBUG:colcon.colcon_core.event_handler.log_command:Invoked command in '/home/user/ros2_ws/build/hangman_interfaces' returned '0': CMAKE_PREFIX_PATH=${CMAKE_PREFIX_PATH}:/home/user/ros2_ws/install/hangman_game:/home/user/robot_ws/install/topic_service_action_rclpy_example:/home/user/robot_ws/install/time_rclpy_example:/home/user/robot_ws/install/tf2_rclpy_example:/home/user/robot_ws/install/ros2env:/home/user/robot_ws/install/my_first_ros_rclpy_pkg:/home/user/robot_ws/install/logging_rclpy_example:/home/user/robot_ws/install/hang_man:/home/user/turtlebot3_ws/install/turtlebot3_teleop:/home/user/turtlebot3_ws/install/turtlebot3_example:/opt/ros/humble /usr/bin/cmake --build /home/user/ros2_ws/build/hangman_interfaces -- -j20 -l20
[0.538s] DEBUG:colcon.colcon_core.event_handler.log_command:Invoking command in '/home/user/ros2_ws/build/hangman_interfaces': CMAKE_PREFIX_PATH=${CMAKE_PREFIX_PATH}:/home/user/ros2_ws/install/hangman_game:/home/user/robot_ws/install/topic_service_action_rclpy_example:/home/user/robot_ws/install/time_rclpy_example:/home/user/robot_ws/install/tf2_rclpy_example:/home/user/robot_ws/install/ros2env:/home/user/robot_ws/install/my_first_ros_rclpy_pkg:/home/user/robot_ws/install/logging_rclpy_example:/home/user/robot_ws/install/hang_man:/home/user/turtlebot3_ws/install/turtlebot3_teleop:/home/user/turtlebot3_ws/install/turtlebot3_example:/opt/ros/humble /usr/bin/cmake --install /home/user/ros2_ws/build/hangman_interfaces
[0.576s] Level 1:colcon.colcon_core.environment:create_environment_scripts_only(hangman_interfaces)
[0.577s] DEBUG:colcon.colcon_core.event_handler.log_command:Invoked command in '/home/user/ros2_ws/build/hangman_interfaces' returned '0': CMAKE_PREFIX_PATH=${CMAKE_PREFIX_PATH}:/home/user/ros2_ws/install/hangman_game:/home/user/robot_ws/install/topic_service_action_rclpy_example:/home/user/robot_ws/install/time_rclpy_example:/home/user/robot_ws/install/tf2_rclpy_example:/home/user/robot_ws/install/ros2env:/home/user/robot_ws/install/my_first_ros_rclpy_pkg:/home/user/robot_ws/install/logging_rclpy_example:/home/user/robot_ws/install/hang_man:/home/user/turtlebot3_ws/install/turtlebot3_teleop:/home/user/turtlebot3_ws/install/turtlebot3_example:/opt/ros/humble /usr/bin/cmake --install /home/user/ros2_ws/build/hangman_interfaces
[0.578s] Level 1:colcon.colcon_core.environment:checking '/home/user/ros2_ws/install/hangman_interfaces' for CMake module files
[0.578s] Level 1:colcon.colcon_core.environment:checking '/home/user/ros2_ws/install/hangman_interfaces' for CMake config files
[0.578s] Level 1:colcon.colcon_core.shell:create_environment_hook('hangman_interfaces', 'cmake_prefix_path')
[0.579s] INFO:colcon.colcon_core.shell:Creating environment hook '/home/user/ros2_ws/install/hangman_interfaces/share/hangman_interfaces/hook/cmake_prefix_path.ps1'
[0.579s] INFO:colcon.colcon_core.shell:Creating environment descriptor '/home/user/ros2_ws/install/hangman_interfaces/share/hangman_interfaces/hook/cmake_prefix_path.dsv'
[0.579s] INFO:colcon.colcon_core.shell:Creating environment hook '/home/user/ros2_ws/install/hangman_interfaces/share/hangman_interfaces/hook/cmake_prefix_path.sh'
[0.580s] Level 1:colcon.colcon_core.environment:checking '/home/user/ros2_ws/install/hangman_interfaces/lib'
[0.580s] Level 1:colcon.colcon_core.shell:create_environment_hook('hangman_interfaces', 'ld_library_path_lib')
[0.580s] INFO:colcon.colcon_core.shell:Creating environment hook '/home/user/ros2_ws/install/hangman_interfaces/share/hangman_interfaces/hook/ld_library_path_lib.ps1'
[0.580s] INFO:colcon.colcon_core.shell:Creating environment descriptor '/home/user/ros2_ws/install/hangman_interfaces/share/hangman_interfaces/hook/ld_library_path_lib.dsv'
[0.580s] INFO:colcon.colcon_core.shell:Creating environment hook '/home/user/ros2_ws/install/hangman_interfaces/share/hangman_interfaces/hook/ld_library_path_lib.sh'
[0.580s] Level 1:colcon.colcon_core.environment:checking '/home/user/ros2_ws/install/hangman_interfaces/bin'
[0.580s] Level 1:colcon.colcon_core.environment:checking '/home/user/ros2_ws/install/hangman_interfaces/lib/pkgconfig/hangman_interfaces.pc'
[0.580s] Level 1:colcon.colcon_core.environment:checking '/home/user/ros2_ws/install/hangman_interfaces/lib/python3.10/site-packages'
[0.581s] Level 1:colcon.colcon_core.environment:checking '/home/user/ros2_ws/install/hangman_interfaces/bin'
[0.581s] INFO:colcon.colcon_core.shell:Creating package script '/home/user/ros2_ws/install/hangman_interfaces/share/hangman_interfaces/package.ps1'
[0.581s] INFO:colcon.colcon_core.shell:Creating package descriptor '/home/user/ros2_ws/install/hangman_interfaces/share/hangman_interfaces/package.dsv'
[0.581s] INFO:colcon.colcon_core.shell:Creating package script '/home/user/ros2_ws/install/hangman_interfaces/share/hangman_interfaces/package.sh'
[0.582s] INFO:colcon.colcon_core.shell:Creating package script '/home/user/ros2_ws/install/hangman_interfaces/share/hangman_interfaces/package.bash'
[0.582s] INFO:colcon.colcon_core.shell:Creating package script '/home/user/ros2_ws/install/hangman_interfaces/share/hangman_interfaces/package.zsh'
[0.582s] Level 1:colcon.colcon_core.environment:create_file_with_runtime_dependencies(/home/user/ros2_ws/install/hangman_interfaces/share/colcon-core/packages/hangman_interfaces)
[0.665s] Level 1:colcon.colcon_core.environment:create_environment_scripts_only(hangman_interfaces)
[0.666s] Level 1:colcon.colcon_core.environment:checking '/home/user/ros2_ws/install/hangman_interfaces' for CMake module files
[0.666s] Level 1:colcon.colcon_core.environment:checking '/home/user/ros2_ws/install/hangman_interfaces' for CMake config files
[0.666s] Level 1:colcon.colcon_core.shell:create_environment_hook('hangman_interfaces', 'cmake_prefix_path')
[0.666s] INFO:colcon.colcon_core.shell:Creating environment hook '/home/user/ros2_ws/install/hangman_interfaces/share/hangman_interfaces/hook/cmake_prefix_path.ps1'
[0.667s] INFO:colcon.colcon_core.shell:Creating environment descriptor '/home/user/ros2_ws/install/hangman_interfaces/share/hangman_interfaces/hook/cmake_prefix_path.dsv'
[0.667s] INFO:colcon.colcon_core.shell:Creating environment hook '/home/user/ros2_ws/install/hangman_interfaces/share/hangman_interfaces/hook/cmake_prefix_path.sh'
[0.667s] Level 1:colcon.colcon_core.environment:checking '/home/user/ros2_ws/install/hangman_interfaces/lib'
[0.667s] Level 1:colcon.colcon_core.shell:create_environment_hook('hangman_interfaces', 'ld_library_path_lib')
[0.667s] INFO:colcon.colcon_core.shell:Creating environment hook '/home/user/ros2_ws/install/hangman_interfaces/share/hangman_interfaces/hook/ld_library_path_lib.ps1'
[0.667s] INFO:colcon.colcon_core.shell:Creating environment descriptor '/home/user/ros2_ws/install/hangman_interfaces/share/hangman_interfaces/hook/ld_library_path_lib.dsv'
[0.668s] INFO:colcon.colcon_core.shell:Creating environment hook '/home/user/ros2_ws/install/hangman_interfaces/share/hangman_interfaces/hook/ld_library_path_lib.sh'
[0.668s] Level 1:colcon.colcon_core.environment:checking '/home/user/ros2_ws/install/hangman_interfaces/bin'
[0.668s] Level 1:colcon.colcon_core.environment:checking '/home/user/ros2_ws/install/hangman_interfaces/lib/pkgconfig/hangman_interfaces.pc'
[0.668s] Level 1:colcon.colcon_core.environment:checking '/home/user/ros2_ws/install/hangman_interfaces/lib/python3.10/site-packages'
[0.668s] Level 1:colcon.colcon_core.environment:checking '/home/user/ros2_ws/install/hangman_interfaces/bin'
[0.668s] INFO:colcon.colcon_core.shell:Creating package script '/home/user/ros2_ws/install/hangman_interfaces/share/hangman_interfaces/package.ps1'
[0.668s] INFO:colcon.colcon_core.shell:Creating package descriptor '/home/user/ros2_ws/install/hangman_interfaces/share/hangman_interfaces/package.dsv'
[0.669s] INFO:colcon.colcon_core.shell:Creating package script '/home/user/ros2_ws/install/hangman_interfaces/share/hangman_interfaces/package.sh'
[0.669s] INFO:colcon.colcon_core.shell:Creating package script '/home/user/ros2_ws/install/hangman_interfaces/share/hangman_interfaces/package.bash'
[0.669s] INFO:colcon.colcon_core.shell:Creating package script '/home/user/ros2_ws/install/hangman_interfaces/share/hangman_interfaces/package.zsh'
[0.669s] Level 1:colcon.colcon_core.environment:create_file_with_runtime_dependencies(/home/user/ros2_ws/install/hangman_interfaces/share/colcon-core/packages/hangman_interfaces)
[0.669s] INFO:colcon.colcon_ros.task.ament_python.build:Building ROS package in '/home/user/ros2_ws/src/hangman_game' with build type 'ament_python'
[0.670s] Level 1:colcon.colcon_core.shell:create_environment_hook('hangman_game', 'ament_prefix_path')
[0.670s] INFO:colcon.colcon_core.shell:Creating environment hook '/home/user/ros2_ws/install/hangman_game/share/hangman_game/hook/ament_prefix_path.ps1'
[0.670s] INFO:colcon.colcon_core.shell:Creating environment descriptor '/home/user/ros2_ws/install/hangman_game/share/hangman_game/hook/ament_prefix_path.dsv'
[0.670s] INFO:colcon.colcon_core.shell:Creating environment hook '/home/user/ros2_ws/install/hangman_game/share/hangman_game/hook/ament_prefix_path.sh'
[0.671s] INFO:colcon.colcon_core.shell:Skip shell extension 'powershell' for command environment: Not usable outside of PowerShell
[0.671s] DEBUG:colcon.colcon_core.shell:Skip shell extension 'dsv' for command environment
[0.820s] INFO:colcon.colcon_core.task.python.build:Building Python package in '/home/user/ros2_ws/src/hangman_game'
[0.820s] INFO:colcon.colcon_core.shell:Skip shell extension 'powershell' for command environment: Not usable outside of PowerShell
[0.820s] DEBUG:colcon.colcon_core.shell:Skip shell extension 'dsv' for command environment
[1.018s] DEBUG:colcon.colcon_core.event_handler.log_command:Invoking command in '/home/user/ros2_ws/src/hangman_game': LD_LIBRARY_PATH=/home/user/ros2_ws/install/hangman_interfaces/lib:/home/user/robot_ws/install/msg_srv_action_interface_example/lib:/home/user/turtlebot3_ws/install/turtlebot3_msgs/lib:/home/user/turtlebot3_ws/install/dynamixel_sdk_custom_interfaces/lib:/home/user/turtlebot3_ws/install/dynamixel_sdk/lib:/usr/lib/x86_64-linux-gnu/gazebo-11/plugins:/opt/ros/humble/opt/rviz_ogre_vendor/lib:/opt/ros/humble/lib/x86_64-linux-gnu:/opt/ros/humble/lib:/usr/share/gazebo/../../lib/x86_64-linux-gnu/gazebo-11/plugins PYTHONPATH=/home/user/ros2_ws/build/hangman_game/prefix_override:/usr/lib/python3/dist-packages/colcon_core/task/python/colcon_distutils_commands:/home/user/ros2_ws/install/hangman_game/lib/python3.10/site-packages:${PYTHONPATH} /usr/bin/python3 -W ignore:setup.py install is deprecated setup.py egg_info --egg-base ../../build/hangman_game build --build-base /home/user/ros2_ws/build/hangman_game/build install --record /home/user/ros2_ws/build/hangman_game/install.log --single-version-externally-managed install_data
[1.183s] Level 1:colcon.colcon_core.environment:checking '/home/user/ros2_ws/install/hangman_game' for CMake module files
[1.184s] DEBUG:colcon.colcon_core.event_handler.log_command:Invoked command in '/home/user/ros2_ws/src/hangman_game' returned '0': LD_LIBRARY_PATH=/home/user/ros2_ws/install/hangman_interfaces/lib:/home/user/robot_ws/install/msg_srv_action_interface_example/lib:/home/user/turtlebot3_ws/install/turtlebot3_msgs/lib:/home/user/turtlebot3_ws/install/dynamixel_sdk_custom_interfaces/lib:/home/user/turtlebot3_ws/install/dynamixel_sdk/lib:/usr/lib/x86_64-linux-gnu/gazebo-11/plugins:/opt/ros/humble/opt/rviz_ogre_vendor/lib:/opt/ros/humble/lib/x86_64-linux-gnu:/opt/ros/humble/lib:/usr/share/gazebo/../../lib/x86_64-linux-gnu/gazebo-11/plugins PYTHONPATH=/home/user/ros2_ws/build/hangman_game/prefix_override:/usr/lib/python3/dist-packages/colcon_core/task/python/colcon_distutils_commands:/home/user/ros2_ws/install/hangman_game/lib/python3.10/site-packages:${PYTHONPATH} /usr/bin/python3 -W ignore:setup.py install is deprecated setup.py egg_info --egg-base ../../build/hangman_game build --build-base /home/user/ros2_ws/build/hangman_game/build install --record /home/user/ros2_ws/build/hangman_game/install.log --single-version-externally-managed install_data
[1.184s] Level 1:colcon.colcon_core.environment:checking '/home/user/ros2_ws/install/hangman_game' for CMake config files
[1.184s] Level 1:colcon.colcon_core.environment:checking '/home/user/ros2_ws/install/hangman_game/lib'
[1.184s] Level 1:colcon.colcon_core.environment:checking '/home/user/ros2_ws/install/hangman_game/bin'
[1.185s] Level 1:colcon.colcon_core.environment:checking '/home/user/ros2_ws/install/hangman_game/lib/pkgconfig/hangman_game.pc'
[1.185s] Level 1:colcon.colcon_core.environment:checking '/home/user/ros2_ws/install/hangman_game/lib/python3.10/site-packages'
[1.185s] Level 1:colcon.colcon_core.shell:create_environment_hook('hangman_game', 'pythonpath')
[1.185s] INFO:colcon.colcon_core.shell:Creating environment hook '/home/user/ros2_ws/install/hangman_game/share/hangman_game/hook/pythonpath.ps1'
[1.185s] INFO:colcon.colcon_core.shell:Creating environment descriptor '/home/user/ros2_ws/install/hangman_game/share/hangman_game/hook/pythonpath.dsv'
[1.185s] INFO:colcon.colcon_core.shell:Creating environment hook '/home/user/ros2_ws/install/hangman_game/share/hangman_game/hook/pythonpath.sh'
[1.186s] Level 1:colcon.colcon_core.environment:checking '/home/user/ros2_ws/install/hangman_game/bin'
[1.186s] Level 1:colcon.colcon_core.environment:create_environment_scripts_only(hangman_game)
[1.186s] INFO:colcon.colcon_core.shell:Creating package script '/home/user/ros2_ws/install/hangman_game/share/hangman_game/package.ps1'
[1.186s] INFO:colcon.colcon_core.shell:Creating package descriptor '/home/user/ros2_ws/install/hangman_game/share/hangman_game/package.dsv'
[1.186s] INFO:colcon.colcon_core.shell:Creating package script '/home/user/ros2_ws/install/hangman_game/share/hangman_game/package.sh'
[1.186s] INFO:colcon.colcon_core.shell:Creating package script '/home/user/ros2_ws/install/hangman_game/share/hangman_game/package.bash'
[1.186s] INFO:colcon.colcon_core.shell:Creating package script '/home/user/ros2_ws/install/hangman_game/share/hangman_game/package.zsh'
[1.187s] Level 1:colcon.colcon_core.environment:create_file_with_runtime_dependencies(/home/user/ros2_ws/install/hangman_game/share/colcon-core/packages/hangman_game)
[1.187s] DEBUG:colcon.colcon_parallel_executor.executor.parallel:closing loop
[1.187s] DEBUG:colcon.colcon_parallel_executor.executor.parallel:loop closed
[1.187s] DEBUG:colcon.colcon_parallel_executor.executor.parallel:run_until_complete finished with '0'
[1.187s] DEBUG:colcon.colcon_core.event_reactor:joining thread
[1.193s] INFO:colcon.colcon_core.plugin_system:Skipping extension 'colcon_notification.desktop_notification.terminal_notifier': Not used on non-Darwin systems
[1.193s] INFO:colcon.colcon_core.plugin_system:Skipping extension 'colcon_notification.desktop_notification.win32': Not used on non-Windows systems
[1.193s] INFO:colcon.colcon_notification.desktop_notification:Sending desktop notification using 'notify2'
[1.202s] DEBUG:colcon.colcon_core.event_reactor:joined thread
[1.202s] INFO:colcon.colcon_core.shell:Creating prefix script '/home/user/ros2_ws/install/local_setup.ps1'
[1.203s] INFO:colcon.colcon_core.shell:Creating prefix util module '/home/user/ros2_ws/install/_local_setup_util_ps1.py'
[1.204s] INFO:colcon.colcon_core.shell:Creating prefix chain script '/home/user/ros2_ws/install/setup.ps1'
[1.205s] INFO:colcon.colcon_core.shell:Creating prefix script '/home/user/ros2_ws/install/local_setup.sh'
[1.205s] INFO:colcon.colcon_core.shell:Creating prefix util module '/home/user/ros2_ws/install/_local_setup_util_sh.py'
[1.205s] INFO:colcon.colcon_core.shell:Creating prefix chain script '/home/user/ros2_ws/install/setup.sh'
[1.206s] INFO:colcon.colcon_core.shell:Creating prefix script '/home/user/ros2_ws/install/local_setup.bash'
[1.206s] INFO:colcon.colcon_core.shell:Creating prefix chain script '/home/user/ros2_ws/install/setup.bash'
[1.207s] INFO:colcon.colcon_core.shell:Creating prefix script '/home/user/ros2_ws/install/local_setup.zsh'
[1.207s] INFO:colcon.colcon_core.shell:Creating prefix chain script '/home/user/ros2_ws/install/setup.zsh'
