[0.008s] Invoking command in '/home/user/ros2_ws/build/hangman_interfaces': CMAKE_PREFIX_PATH=${CMAKE_PREFIX_PATH}:/home/user/ros2_ws/install/hangman_game:/home/user/robot_ws/install/topic_service_action_rclpy_example:/home/user/robot_ws/install/time_rclpy_example:/home/user/robot_ws/install/tf2_rclpy_example:/home/user/robot_ws/install/ros2env:/home/user/robot_ws/install/my_first_ros_rclpy_pkg:/home/user/robot_ws/install/logging_rclpy_example:/home/user/robot_ws/install/hang_man:/home/user/turtlebot3_ws/install/turtlebot3_teleop:/home/user/turtlebot3_ws/install/turtlebot3_example:/opt/ros/humble /usr/bin/cmake --build /home/user/ros2_ws/build/hangman_interfaces -- -j20 -l20
[0.028s] -- Found ament_cmake: 1.3.10 (/opt/ros/humble/share/ament_cmake/cmake)
[0.117s] -- Found builtin_interfaces: 1.2.1 (/opt/ros/humble/share/builtin_interfaces/cmake)
[0.130s] -- Found rosidl_generator_c: 3.1.5 (/opt/ros/humble/share/rosidl_generator_c/cmake)
[0.132s] -- Found rosidl_adapter: 3.1.5 (/opt/ros/humble/share/rosidl_adapter/cmake)
[0.135s] -- Found rosidl_generator_cpp: 3.1.5 (/opt/ros/humble/share/rosidl_generator_cpp/cmake)
[0.141s] -- Using all available rosidl_typesupport_c: rosidl_typesupport_fastrtps_c;rosidl_typesupport_introspection_c
[0.149s] -- Using all available rosidl_typesupport_cpp: rosidl_typesupport_fastrtps_cpp;rosidl_typesupport_introspection_cpp
[0.156s] -- Found rosidl_default_generators: 1.2.0 (/opt/ros/humble/share/rosidl_default_generators/cmake)
[0.346s] -- Found ament_cmake_ros: 0.10.0 (/opt/ros/humble/share/ament_cmake_ros/cmake)
[0.592s] -- Using all available rosidl_typesupport_c: rosidl_typesupport_fastrtps_c;rosidl_typesupport_introspection_c
[0.677s] -- Using all available rosidl_typesupport_cpp: rosidl_typesupport_fastrtps_cpp;rosidl_typesupport_introspection_cpp
[0.695s] -- Found python_cmake_module: 0.10.0 (/opt/ros/humble/share/python_cmake_module/cmake)
[0.712s] -- Using PYTHON_EXECUTABLE: /usr/bin/python3
[0.713s] -- Using PYTHON_INCLUDE_DIRS: /usr/include/python3.10
[0.713s] -- Using PYTHON_LIBRARIES: /usr/lib/x86_64-linux-gnu/libpython3.10.so
[0.731s] -- Found ament_lint_auto: 0.12.11 (/opt/ros/humble/share/ament_lint_auto/cmake)
[0.735s] -- Added test 'lint_cmake' to check CMake code style
[0.735s] -- Added test 'xmllint' to check XML markup files
[0.736s] -- Configuring done
[0.755s] -- Generating done
[0.756s] -- Build files have been written to: /home/user/ros2_ws/build/hangman_interfaces
[0.776s] [  2%] [34m[1mGenerating C code for ROS interfaces[0m
[0.783s] [  4%] [34m[1mGenerating C++ code for ROS interfaces[0m
[0.793s] [  4%] Built target ament_cmake_python_copy_hangman_interfaces
[0.946s] running egg_info
[0.947s] writing hangman_interfaces.egg-info/PKG-INFO
[0.947s] writing dependency_links to hangman_interfaces.egg-info/dependency_links.txt
[0.947s] writing top-level names to hangman_interfaces.egg-info/top_level.txt
[0.948s] reading manifest file 'hangman_interfaces.egg-info/SOURCES.txt'
[0.949s] writing manifest file 'hangman_interfaces.egg-info/SOURCES.txt'
[0.967s] [  4%] Built target ament_cmake_python_build_hangman_interfaces_egg
[1.077s] [35m[1mConsolidate compiler generated dependencies of target hangman_interfaces__rosidl_generator_c[0m
[1.087s] [ 10%] [32mBuilding C object CMakeFiles/hangman_interfaces__rosidl_generator_c.dir/rosidl_generator_c/hangman_interfaces/srv/detail/check_letter__functions.c.o[0m
[1.087s] [ 10%] [32mBuilding C object CMakeFiles/hangman_interfaces__rosidl_generator_c.dir/rosidl_generator_c/hangman_interfaces/action/detail/game_progress__functions.c.o[0m
[1.087s] [ 10%] [32mBuilding C object CMakeFiles/hangman_interfaces__rosidl_generator_c.dir/rosidl_generator_c/hangman_interfaces/msg/detail/progress__functions.c.o[0m
[1.087s] [ 10%] Built target hangman_interfaces__cpp
[1.094s] [ 12%] [34m[1mGenerating C++ type support for eProsima Fast-RTPS[0m
[1.094s] [ 14%] [34m[1mGenerating C++ introspection for ROS interfaces[0m
[1.095s] [ 17%] [34m[1mGenerating C++ type support dispatch for ROS interfaces[0m
[1.175s] [ 19%] [32m[1mLinking C shared library libhangman_interfaces__rosidl_generator_c.so[0m
[1.205s] [ 19%] Built target hangman_interfaces__rosidl_generator_c
[1.213s] [ 21%] [34m[1mGenerating C type support dispatch for ROS interfaces[0m
[1.214s] [ 25%] [34m[1mGenerating C type support for eProsima Fast-RTPS[0m
[1.214s] [ 25%] [34m[1mGenerating C introspection for ROS interfaces[0m
[1.306s] [35m[1mConsolidate compiler generated dependencies of target hangman_interfaces__rosidl_typesupport_cpp[0m
[1.317s] [ 27%] [32mBuilding CXX object CMakeFiles/hangman_interfaces__rosidl_typesupport_cpp.dir/rosidl_typesupport_cpp/hangman_interfaces/msg/progress__type_support.cpp.o[0m
[1.318s] [ 29%] [32mBuilding CXX object CMakeFiles/hangman_interfaces__rosidl_typesupport_cpp.dir/rosidl_typesupport_cpp/hangman_interfaces/action/game_progress__type_support.cpp.o[0m
[1.319s] [ 31%] [32mBuilding CXX object CMakeFiles/hangman_interfaces__rosidl_typesupport_cpp.dir/rosidl_typesupport_cpp/hangman_interfaces/srv/check_letter__type_support.cpp.o[0m
[1.340s] [35m[1mConsolidate compiler generated dependencies of target hangman_interfaces__rosidl_typesupport_introspection_cpp[0m
[1.350s] [ 34%] [32mBuilding CXX object CMakeFiles/hangman_interfaces__rosidl_typesupport_introspection_cpp.dir/rosidl_typesupport_introspection_cpp/hangman_interfaces/srv/detail/check_letter__type_support.cpp.o[0m
[1.351s] [ 36%] [32mBuilding CXX object CMakeFiles/hangman_interfaces__rosidl_typesupport_introspection_cpp.dir/rosidl_typesupport_introspection_cpp/hangman_interfaces/action/detail/game_progress__type_support.cpp.o[0m
[1.353s] [ 38%] [32mBuilding CXX object CMakeFiles/hangman_interfaces__rosidl_typesupport_introspection_cpp.dir/rosidl_typesupport_introspection_cpp/hangman_interfaces/msg/detail/progress__type_support.cpp.o[0m
[1.391s] [35m[1mConsolidate compiler generated dependencies of target hangman_interfaces__rosidl_typesupport_fastrtps_cpp[0m
[1.404s] [ 44%] [32mBuilding CXX object CMakeFiles/hangman_interfaces__rosidl_typesupport_fastrtps_cpp.dir/rosidl_typesupport_fastrtps_cpp/hangman_interfaces/srv/detail/dds_fastrtps/check_letter__type_support.cpp.o[0m
[1.405s] [ 44%] [32mBuilding CXX object CMakeFiles/hangman_interfaces__rosidl_typesupport_fastrtps_cpp.dir/rosidl_typesupport_fastrtps_cpp/hangman_interfaces/action/detail/dds_fastrtps/game_progress__type_support.cpp.o[0m
[1.405s] [ 44%] [32mBuilding CXX object CMakeFiles/hangman_interfaces__rosidl_typesupport_fastrtps_cpp.dir/rosidl_typesupport_fastrtps_cpp/hangman_interfaces/msg/detail/dds_fastrtps/progress__type_support.cpp.o[0m
[1.432s] [35m[1mConsolidate compiler generated dependencies of target hangman_interfaces__rosidl_typesupport_c[0m
[1.442s] [ 46%] [32mBuilding CXX object CMakeFiles/hangman_interfaces__rosidl_typesupport_c.dir/rosidl_typesupport_c/hangman_interfaces/msg/progress__type_support.cpp.o[0m
[1.443s] [ 48%] [32mBuilding CXX object CMakeFiles/hangman_interfaces__rosidl_typesupport_c.dir/rosidl_typesupport_c/hangman_interfaces/srv/check_letter__type_support.cpp.o[0m
[1.443s] [ 51%] [32mBuilding CXX object CMakeFiles/hangman_interfaces__rosidl_typesupport_c.dir/rosidl_typesupport_c/hangman_interfaces/action/game_progress__type_support.cpp.o[0m
[1.483s] [ 53%] [32m[1mLinking CXX shared library libhangman_interfaces__rosidl_typesupport_c.so[0m
[1.520s] [ 53%] Built target hangman_interfaces__rosidl_typesupport_c
[1.562s] [35m[1mConsolidate compiler generated dependencies of target hangman_interfaces__rosidl_typesupport_introspection_c[0m
[1.571s] [ 55%] [32mBuilding C object CMakeFiles/hangman_interfaces__rosidl_typesupport_introspection_c.dir/rosidl_typesupport_introspection_c/hangman_interfaces/srv/detail/check_letter__type_support.c.o[0m
[1.572s] [ 57%] [32mBuilding C object CMakeFiles/hangman_interfaces__rosidl_typesupport_introspection_c.dir/rosidl_typesupport_introspection_c/hangman_interfaces/msg/detail/progress__type_support.c.o[0m
[1.573s] [ 59%] [32mBuilding C object CMakeFiles/hangman_interfaces__rosidl_typesupport_introspection_c.dir/rosidl_typesupport_introspection_c/hangman_interfaces/action/detail/game_progress__type_support.c.o[0m
[1.599s] [ 61%] [32m[1mLinking CXX shared library libhangman_interfaces__rosidl_typesupport_cpp.so[0m
[1.603s] [ 63%] [32m[1mLinking C shared library libhangman_interfaces__rosidl_typesupport_introspection_c.so[0m
[1.626s] [ 63%] Built target hangman_interfaces__rosidl_typesupport_introspection_c
[1.628s] [ 63%] Built target hangman_interfaces__rosidl_typesupport_cpp
[1.660s] [35m[1mConsolidate compiler generated dependencies of target hangman_interfaces__rosidl_typesupport_fastrtps_c[0m
[1.671s] [ 65%] [32mBuilding CXX object CMakeFiles/hangman_interfaces__rosidl_typesupport_fastrtps_c.dir/rosidl_typesupport_fastrtps_c/hangman_interfaces/msg/detail/progress__type_support_c.cpp.o[0m
[1.673s] [ 70%] [32mBuilding CXX object CMakeFiles/hangman_interfaces__rosidl_typesupport_fastrtps_c.dir/rosidl_typesupport_fastrtps_c/hangman_interfaces/srv/detail/check_letter__type_support_c.cpp.o[0m
[1.673s] [ 70%] [32mBuilding CXX object CMakeFiles/hangman_interfaces__rosidl_typesupport_fastrtps_c.dir/rosidl_typesupport_fastrtps_c/hangman_interfaces/action/detail/game_progress__type_support_c.cpp.o[0m
[1.722s] [ 72%] [32m[1mLinking CXX shared library libhangman_interfaces__rosidl_typesupport_introspection_cpp.so[0m
[1.742s] [ 74%] [32m[1mLinking CXX shared library libhangman_interfaces__rosidl_typesupport_fastrtps_cpp.so[0m
[1.774s] [ 74%] Built target hangman_interfaces__rosidl_typesupport_introspection_cpp
[1.794s] [ 74%] Built target hangman_interfaces__rosidl_typesupport_fastrtps_cpp
[1.897s] [ 76%] [32m[1mLinking CXX shared library libhangman_interfaces__rosidl_typesupport_fastrtps_c.so[0m
[1.945s] [ 76%] Built target hangman_interfaces__rosidl_typesupport_fastrtps_c
[1.961s] [ 76%] Built target hangman_interfaces
[1.980s] [ 78%] [34m[1mGenerating Python code for ROS interfaces[0m
[2.478s] [ 78%] Built target hangman_interfaces__py
[2.486s] [35m[1mConsolidate compiler generated dependencies of target hangman_interfaces__rosidl_generator_py[0m
[2.497s] [ 82%] [32mBuilding C object CMakeFiles/hangman_interfaces__rosidl_generator_py.dir/rosidl_generator_py/hangman_interfaces/srv/_check_letter_s.c.o[0m
[2.497s] [ 82%] [32mBuilding C object CMakeFiles/hangman_interfaces__rosidl_generator_py.dir/rosidl_generator_py/hangman_interfaces/msg/_progress_s.c.o[0m
[2.497s] [ 85%] [32mBuilding C object CMakeFiles/hangman_interfaces__rosidl_generator_py.dir/rosidl_generator_py/hangman_interfaces/action/_game_progress_s.c.o[0m
[2.583s] [ 87%] [32m[1mLinking C shared library rosidl_generator_py/hangman_interfaces/libhangman_interfaces__rosidl_generator_py.so[0m
[2.613s] [ 87%] Built target hangman_interfaces__rosidl_generator_py
[2.620s] [35m[1mConsolidate compiler generated dependencies of target hangman_interfaces__rosidl_typesupport_c__pyext[0m
[2.622s] [35m[1mConsolidate compiler generated dependencies of target hangman_interfaces__rosidl_typesupport_introspection_c__pyext[0m
[2.622s] [35m[1mConsolidate compiler generated dependencies of target hangman_interfaces__rosidl_typesupport_fastrtps_c__pyext[0m
[2.632s] [ 89%] [32mBuilding C object CMakeFiles/hangman_interfaces__rosidl_typesupport_c__pyext.dir/rosidl_generator_py/hangman_interfaces/_hangman_interfaces_s.ep.rosidl_typesupport_c.c.o[0m
[2.632s] [ 91%] [32mBuilding C object CMakeFiles/hangman_interfaces__rosidl_typesupport_introspection_c__pyext.dir/rosidl_generator_py/hangman_interfaces/_hangman_interfaces_s.ep.rosidl_typesupport_introspection_c.c.o[0m
[2.634s] [ 93%] [32mBuilding C object CMakeFiles/hangman_interfaces__rosidl_typesupport_fastrtps_c__pyext.dir/rosidl_generator_py/hangman_interfaces/_hangman_interfaces_s.ep.rosidl_typesupport_fastrtps_c.c.o[0m
[2.709s] [ 95%] [32m[1mLinking C shared library rosidl_generator_py/hangman_interfaces/hangman_interfaces_s__rosidl_typesupport_fastrtps_c.cpython-310-x86_64-linux-gnu.so[0m
[2.710s] [ 97%] [32m[1mLinking C shared library rosidl_generator_py/hangman_interfaces/hangman_interfaces_s__rosidl_typesupport_c.cpython-310-x86_64-linux-gnu.so[0m
[2.712s] [100%] [32m[1mLinking C shared library rosidl_generator_py/hangman_interfaces/hangman_interfaces_s__rosidl_typesupport_introspection_c.cpython-310-x86_64-linux-gnu.so[0m
[2.739s] [100%] Built target hangman_interfaces__rosidl_typesupport_c__pyext
[2.740s] [100%] Built target hangman_interfaces__rosidl_typesupport_fastrtps_c__pyext
[2.742s] [100%] Built target hangman_interfaces__rosidl_typesupport_introspection_c__pyext
[2.752s] Invoked command in '/home/user/ros2_ws/build/hangman_interfaces' returned '0': CMAKE_PREFIX_PATH=${CMAKE_PREFIX_PATH}:/home/user/ros2_ws/install/hangman_game:/home/user/robot_ws/install/topic_service_action_rclpy_example:/home/user/robot_ws/install/time_rclpy_example:/home/user/robot_ws/install/tf2_rclpy_example:/home/user/robot_ws/install/ros2env:/home/user/robot_ws/install/my_first_ros_rclpy_pkg:/home/user/robot_ws/install/logging_rclpy_example:/home/user/robot_ws/install/hang_man:/home/user/turtlebot3_ws/install/turtlebot3_teleop:/home/user/turtlebot3_ws/install/turtlebot3_example:/opt/ros/humble /usr/bin/cmake --build /home/user/ros2_ws/build/hangman_interfaces -- -j20 -l20
[2.858s] Invoking command in '/home/user/ros2_ws/build/hangman_interfaces': CMAKE_PREFIX_PATH=${CMAKE_PREFIX_PATH}:/home/user/ros2_ws/install/hangman_game:/home/user/robot_ws/install/topic_service_action_rclpy_example:/home/user/robot_ws/install/time_rclpy_example:/home/user/robot_ws/install/tf2_rclpy_example:/home/user/robot_ws/install/ros2env:/home/user/robot_ws/install/my_first_ros_rclpy_pkg:/home/user/robot_ws/install/logging_rclpy_example:/home/user/robot_ws/install/hang_man:/home/user/turtlebot3_ws/install/turtlebot3_teleop:/home/user/turtlebot3_ws/install/turtlebot3_example:/opt/ros/humble /usr/bin/cmake --install /home/user/ros2_ws/build/hangman_interfaces
[2.865s] -- Install configuration: ""
[2.865s] -- Up-to-date: /home/user/ros2_ws/install/hangman_interfaces/share/ament_index/resource_index/rosidl_interfaces/hangman_interfaces
[2.865s] -- Up-to-date: /home/user/ros2_ws/install/hangman_interfaces/include/hangman_interfaces/hangman_interfaces
[2.865s] -- Up-to-date: /home/user/ros2_ws/install/hangman_interfaces/include/hangman_interfaces/hangman_interfaces/srv
[2.865s] -- Installing: /home/user/ros2_ws/install/hangman_interfaces/include/hangman_interfaces/hangman_interfaces/srv/check_letter.h
[2.865s] -- Up-to-date: /home/user/ros2_ws/install/hangman_interfaces/include/hangman_interfaces/hangman_interfaces/srv/detail
[2.865s] -- Installing: /home/user/ros2_ws/install/hangman_interfaces/include/hangman_interfaces/hangman_interfaces/srv/detail/check_letter__functions.c
[2.865s] -- Installing: /home/user/ros2_ws/install/hangman_interfaces/include/hangman_interfaces/hangman_interfaces/srv/detail/check_letter__struct.h
[2.865s] -- Installing: /home/user/ros2_ws/install/hangman_interfaces/include/hangman_interfaces/hangman_interfaces/srv/detail/check_letter__type_support.h
[2.865s] -- Installing: /home/user/ros2_ws/install/hangman_interfaces/include/hangman_interfaces/hangman_interfaces/srv/detail/check_letter__functions.h
[2.865s] -- Up-to-date: /home/user/ros2_ws/install/hangman_interfaces/include/hangman_interfaces/hangman_interfaces/msg
[2.865s] -- Up-to-date: /home/user/ros2_ws/install/hangman_interfaces/include/hangman_interfaces/hangman_interfaces/msg/rosidl_generator_c__visibility_control.h
[2.865s] -- Up-to-date: /home/user/ros2_ws/install/hangman_interfaces/include/hangman_interfaces/hangman_interfaces/msg/detail
[2.865s] -- Installing: /home/user/ros2_ws/install/hangman_interfaces/include/hangman_interfaces/hangman_interfaces/msg/detail/progress__struct.h
[2.865s] -- Installing: /home/user/ros2_ws/install/hangman_interfaces/include/hangman_interfaces/hangman_interfaces/msg/detail/progress__functions.c
[2.865s] -- Installing: /home/user/ros2_ws/install/hangman_interfaces/include/hangman_interfaces/hangman_interfaces/msg/detail/progress__type_support.h
[2.866s] -- Installing: /home/user/ros2_ws/install/hangman_interfaces/include/hangman_interfaces/hangman_interfaces/msg/detail/progress__functions.h
[2.866s] -- Installing: /home/user/ros2_ws/install/hangman_interfaces/include/hangman_interfaces/hangman_interfaces/msg/progress.h
[2.866s] -- Up-to-date: /home/user/ros2_ws/install/hangman_interfaces/include/hangman_interfaces/hangman_interfaces/action
[2.866s] -- Installing: /home/user/ros2_ws/install/hangman_interfaces/include/hangman_interfaces/hangman_interfaces/action/game_progress.h
[2.866s] -- Up-to-date: /home/user/ros2_ws/install/hangman_interfaces/include/hangman_interfaces/hangman_interfaces/action/detail
[2.866s] -- Installing: /home/user/ros2_ws/install/hangman_interfaces/include/hangman_interfaces/hangman_interfaces/action/detail/game_progress__struct.h
[2.866s] -- Installing: /home/user/ros2_ws/install/hangman_interfaces/include/hangman_interfaces/hangman_interfaces/action/detail/game_progress__type_support.h
[2.866s] -- Installing: /home/user/ros2_ws/install/hangman_interfaces/include/hangman_interfaces/hangman_interfaces/action/detail/game_progress__functions.c
[2.866s] -- Installing: /home/user/ros2_ws/install/hangman_interfaces/include/hangman_interfaces/hangman_interfaces/action/detail/game_progress__functions.h
[2.866s] -- Up-to-date: /home/user/ros2_ws/install/hangman_interfaces/share/hangman_interfaces/environment/library_path.sh
[2.866s] -- Installing: /home/user/ros2_ws/install/hangman_interfaces/share/hangman_interfaces/environment/library_path.dsv
[2.866s] -- Installing: /home/user/ros2_ws/install/hangman_interfaces/lib/libhangman_interfaces__rosidl_generator_c.so
[2.866s] -- Set runtime path of "/home/user/ros2_ws/install/hangman_interfaces/lib/libhangman_interfaces__rosidl_generator_c.so" to ""
[2.866s] -- Up-to-date: /home/user/ros2_ws/install/hangman_interfaces/include/hangman_interfaces/hangman_interfaces
[2.866s] -- Up-to-date: /home/user/ros2_ws/install/hangman_interfaces/include/hangman_interfaces/hangman_interfaces/srv
[2.866s] -- Up-to-date: /home/user/ros2_ws/install/hangman_interfaces/include/hangman_interfaces/hangman_interfaces/srv/detail
[2.866s] -- Installing: /home/user/ros2_ws/install/hangman_interfaces/include/hangman_interfaces/hangman_interfaces/srv/detail/check_letter__rosidl_typesupport_fastrtps_c.h
[2.866s] -- Up-to-date: /home/user/ros2_ws/install/hangman_interfaces/include/hangman_interfaces/hangman_interfaces/msg
[2.866s] -- Up-to-date: /home/user/ros2_ws/install/hangman_interfaces/include/hangman_interfaces/hangman_interfaces/msg/rosidl_typesupport_fastrtps_c__visibility_control.h
[2.866s] -- Up-to-date: /home/user/ros2_ws/install/hangman_interfaces/include/hangman_interfaces/hangman_interfaces/msg/detail
[2.867s] -- Installing: /home/user/ros2_ws/install/hangman_interfaces/include/hangman_interfaces/hangman_interfaces/msg/detail/progress__rosidl_typesupport_fastrtps_c.h
[2.867s] -- Up-to-date: /home/user/ros2_ws/install/hangman_interfaces/include/hangman_interfaces/hangman_interfaces/action
[2.867s] -- Up-to-date: /home/user/ros2_ws/install/hangman_interfaces/include/hangman_interfaces/hangman_interfaces/action/detail
[2.867s] -- Installing: /home/user/ros2_ws/install/hangman_interfaces/include/hangman_interfaces/hangman_interfaces/action/detail/game_progress__rosidl_typesupport_fastrtps_c.h
[2.867s] -- Installing: /home/user/ros2_ws/install/hangman_interfaces/lib/libhangman_interfaces__rosidl_typesupport_fastrtps_c.so
[2.867s] -- Set runtime path of "/home/user/ros2_ws/install/hangman_interfaces/lib/libhangman_interfaces__rosidl_typesupport_fastrtps_c.so" to ""
[2.867s] -- Up-to-date: /home/user/ros2_ws/install/hangman_interfaces/include/hangman_interfaces/hangman_interfaces
[2.867s] -- Up-to-date: /home/user/ros2_ws/install/hangman_interfaces/include/hangman_interfaces/hangman_interfaces/srv
[2.867s] -- Up-to-date: /home/user/ros2_ws/install/hangman_interfaces/include/hangman_interfaces/hangman_interfaces/srv/detail
[2.867s] -- Installing: /home/user/ros2_ws/install/hangman_interfaces/include/hangman_interfaces/hangman_interfaces/srv/detail/check_letter__struct.hpp
[2.867s] -- Installing: /home/user/ros2_ws/install/hangman_interfaces/include/hangman_interfaces/hangman_interfaces/srv/detail/check_letter__traits.hpp
[2.867s] -- Installing: /home/user/ros2_ws/install/hangman_interfaces/include/hangman_interfaces/hangman_interfaces/srv/detail/check_letter__builder.hpp
[2.867s] -- Installing: /home/user/ros2_ws/install/hangman_interfaces/include/hangman_interfaces/hangman_interfaces/srv/check_letter.hpp
[2.867s] -- Up-to-date: /home/user/ros2_ws/install/hangman_interfaces/include/hangman_interfaces/hangman_interfaces/msg
[2.867s] -- Up-to-date: /home/user/ros2_ws/install/hangman_interfaces/include/hangman_interfaces/hangman_interfaces/msg/detail
[2.867s] -- Installing: /home/user/ros2_ws/install/hangman_interfaces/include/hangman_interfaces/hangman_interfaces/msg/detail/progress__builder.hpp
[2.867s] -- Installing: /home/user/ros2_ws/install/hangman_interfaces/include/hangman_interfaces/hangman_interfaces/msg/detail/progress__struct.hpp
[2.867s] -- Installing: /home/user/ros2_ws/install/hangman_interfaces/include/hangman_interfaces/hangman_interfaces/msg/detail/progress__traits.hpp
[2.867s] -- Installing: /home/user/ros2_ws/install/hangman_interfaces/include/hangman_interfaces/hangman_interfaces/msg/progress.hpp
[2.867s] -- Up-to-date: /home/user/ros2_ws/install/hangman_interfaces/include/hangman_interfaces/hangman_interfaces/action
[2.867s] -- Up-to-date: /home/user/ros2_ws/install/hangman_interfaces/include/hangman_interfaces/hangman_interfaces/action/detail
[2.867s] -- Installing: /home/user/ros2_ws/install/hangman_interfaces/include/hangman_interfaces/hangman_interfaces/action/detail/game_progress__traits.hpp
[2.867s] -- Installing: /home/user/ros2_ws/install/hangman_interfaces/include/hangman_interfaces/hangman_interfaces/action/detail/game_progress__struct.hpp
[2.867s] -- Installing: /home/user/ros2_ws/install/hangman_interfaces/include/hangman_interfaces/hangman_interfaces/action/detail/game_progress__builder.hpp
[2.868s] -- Installing: /home/user/ros2_ws/install/hangman_interfaces/include/hangman_interfaces/hangman_interfaces/action/game_progress.hpp
[2.868s] -- Up-to-date: /home/user/ros2_ws/install/hangman_interfaces/include/hangman_interfaces/hangman_interfaces
[2.868s] -- Up-to-date: /home/user/ros2_ws/install/hangman_interfaces/include/hangman_interfaces/hangman_interfaces/srv
[2.868s] -- Up-to-date: /home/user/ros2_ws/install/hangman_interfaces/include/hangman_interfaces/hangman_interfaces/srv/detail
[2.868s] -- Up-to-date: /home/user/ros2_ws/install/hangman_interfaces/include/hangman_interfaces/hangman_interfaces/srv/detail/dds_fastrtps
[2.868s] -- Installing: /home/user/ros2_ws/install/hangman_interfaces/include/hangman_interfaces/hangman_interfaces/srv/detail/check_letter__rosidl_typesupport_fastrtps_cpp.hpp
[2.868s] -- Up-to-date: /home/user/ros2_ws/install/hangman_interfaces/include/hangman_interfaces/hangman_interfaces/msg
[2.868s] -- Up-to-date: /home/user/ros2_ws/install/hangman_interfaces/include/hangman_interfaces/hangman_interfaces/msg/detail
[2.868s] -- Up-to-date: /home/user/ros2_ws/install/hangman_interfaces/include/hangman_interfaces/hangman_interfaces/msg/detail/dds_fastrtps
[2.868s] -- Installing: /home/user/ros2_ws/install/hangman_interfaces/include/hangman_interfaces/hangman_interfaces/msg/detail/progress__rosidl_typesupport_fastrtps_cpp.hpp
[2.868s] -- Up-to-date: /home/user/ros2_ws/install/hangman_interfaces/include/hangman_interfaces/hangman_interfaces/msg/rosidl_typesupport_fastrtps_cpp__visibility_control.h
[2.868s] -- Up-to-date: /home/user/ros2_ws/install/hangman_interfaces/include/hangman_interfaces/hangman_interfaces/action
[2.868s] -- Up-to-date: /home/user/ros2_ws/install/hangman_interfaces/include/hangman_interfaces/hangman_interfaces/action/detail
[2.868s] -- Up-to-date: /home/user/ros2_ws/install/hangman_interfaces/include/hangman_interfaces/hangman_interfaces/action/detail/dds_fastrtps
[2.868s] -- Installing: /home/user/ros2_ws/install/hangman_interfaces/include/hangman_interfaces/hangman_interfaces/action/detail/game_progress__rosidl_typesupport_fastrtps_cpp.hpp
[2.868s] -- Installing: /home/user/ros2_ws/install/hangman_interfaces/lib/libhangman_interfaces__rosidl_typesupport_fastrtps_cpp.so
[2.868s] -- Set runtime path of "/home/user/ros2_ws/install/hangman_interfaces/lib/libhangman_interfaces__rosidl_typesupport_fastrtps_cpp.so" to ""
[2.868s] -- Up-to-date: /home/user/ros2_ws/install/hangman_interfaces/include/hangman_interfaces/hangman_interfaces
[2.868s] -- Up-to-date: /home/user/ros2_ws/install/hangman_interfaces/include/hangman_interfaces/hangman_interfaces/srv
[2.868s] -- Up-to-date: /home/user/ros2_ws/install/hangman_interfaces/include/hangman_interfaces/hangman_interfaces/srv/detail
[2.868s] -- Installing: /home/user/ros2_ws/install/hangman_interfaces/include/hangman_interfaces/hangman_interfaces/srv/detail/check_letter__type_support.c
[2.868s] -- Installing: /home/user/ros2_ws/install/hangman_interfaces/include/hangman_interfaces/hangman_interfaces/srv/detail/check_letter__rosidl_typesupport_introspection_c.h
[2.868s] -- Up-to-date: /home/user/ros2_ws/install/hangman_interfaces/include/hangman_interfaces/hangman_interfaces/msg
[2.868s] -- Up-to-date: /home/user/ros2_ws/install/hangman_interfaces/include/hangman_interfaces/hangman_interfaces/msg/rosidl_typesupport_introspection_c__visibility_control.h
[2.868s] -- Up-to-date: /home/user/ros2_ws/install/hangman_interfaces/include/hangman_interfaces/hangman_interfaces/msg/detail
[2.868s] -- Installing: /home/user/ros2_ws/install/hangman_interfaces/include/hangman_interfaces/hangman_interfaces/msg/detail/progress__type_support.c
[2.869s] -- Installing: /home/user/ros2_ws/install/hangman_interfaces/include/hangman_interfaces/hangman_interfaces/msg/detail/progress__rosidl_typesupport_introspection_c.h
[2.869s] -- Up-to-date: /home/user/ros2_ws/install/hangman_interfaces/include/hangman_interfaces/hangman_interfaces/action
[2.869s] -- Up-to-date: /home/user/ros2_ws/install/hangman_interfaces/include/hangman_interfaces/hangman_interfaces/action/detail
[2.869s] -- Installing: /home/user/ros2_ws/install/hangman_interfaces/include/hangman_interfaces/hangman_interfaces/action/detail/game_progress__rosidl_typesupport_introspection_c.h
[2.869s] -- Installing: /home/user/ros2_ws/install/hangman_interfaces/include/hangman_interfaces/hangman_interfaces/action/detail/game_progress__type_support.c
[2.869s] -- Installing: /home/user/ros2_ws/install/hangman_interfaces/lib/libhangman_interfaces__rosidl_typesupport_introspection_c.so
[2.869s] -- Set runtime path of "/home/user/ros2_ws/install/hangman_interfaces/lib/libhangman_interfaces__rosidl_typesupport_introspection_c.so" to ""
[2.869s] -- Installing: /home/user/ros2_ws/install/hangman_interfaces/lib/libhangman_interfaces__rosidl_typesupport_c.so
[2.869s] -- Set runtime path of "/home/user/ros2_ws/install/hangman_interfaces/lib/libhangman_interfaces__rosidl_typesupport_c.so" to ""
[2.869s] -- Up-to-date: /home/user/ros2_ws/install/hangman_interfaces/include/hangman_interfaces/hangman_interfaces
[2.869s] -- Up-to-date: /home/user/ros2_ws/install/hangman_interfaces/include/hangman_interfaces/hangman_interfaces/srv
[2.869s] -- Up-to-date: /home/user/ros2_ws/install/hangman_interfaces/include/hangman_interfaces/hangman_interfaces/srv/detail
[2.869s] -- Installing: /home/user/ros2_ws/install/hangman_interfaces/include/hangman_interfaces/hangman_interfaces/srv/detail/check_letter__type_support.cpp
[2.869s] -- Installing: /home/user/ros2_ws/install/hangman_interfaces/include/hangman_interfaces/hangman_interfaces/srv/detail/check_letter__rosidl_typesupport_introspection_cpp.hpp
[2.869s] -- Up-to-date: /home/user/ros2_ws/install/hangman_interfaces/include/hangman_interfaces/hangman_interfaces/msg
[2.869s] -- Up-to-date: /home/user/ros2_ws/install/hangman_interfaces/include/hangman_interfaces/hangman_interfaces/msg/detail
[2.869s] -- Installing: /home/user/ros2_ws/install/hangman_interfaces/include/hangman_interfaces/hangman_interfaces/msg/detail/progress__rosidl_typesupport_introspection_cpp.hpp
[2.869s] -- Installing: /home/user/ros2_ws/install/hangman_interfaces/include/hangman_interfaces/hangman_interfaces/msg/detail/progress__type_support.cpp
[2.869s] -- Up-to-date: /home/user/ros2_ws/install/hangman_interfaces/include/hangman_interfaces/hangman_interfaces/action
[2.869s] -- Up-to-date: /home/user/ros2_ws/install/hangman_interfaces/include/hangman_interfaces/hangman_interfaces/action/detail
[2.869s] -- Installing: /home/user/ros2_ws/install/hangman_interfaces/include/hangman_interfaces/hangman_interfaces/action/detail/game_progress__type_support.cpp
[2.869s] -- Installing: /home/user/ros2_ws/install/hangman_interfaces/include/hangman_interfaces/hangman_interfaces/action/detail/game_progress__rosidl_typesupport_introspection_cpp.hpp
[2.869s] -- Installing: /home/user/ros2_ws/install/hangman_interfaces/lib/libhangman_interfaces__rosidl_typesupport_introspection_cpp.so
[2.870s] -- Set runtime path of "/home/user/ros2_ws/install/hangman_interfaces/lib/libhangman_interfaces__rosidl_typesupport_introspection_cpp.so" to ""
[2.870s] -- Installing: /home/user/ros2_ws/install/hangman_interfaces/lib/libhangman_interfaces__rosidl_typesupport_cpp.so
[2.870s] -- Set runtime path of "/home/user/ros2_ws/install/hangman_interfaces/lib/libhangman_interfaces__rosidl_typesupport_cpp.so" to ""
[2.870s] -- Up-to-date: /home/user/ros2_ws/install/hangman_interfaces/share/hangman_interfaces/environment/pythonpath.sh
[2.870s] -- Installing: /home/user/ros2_ws/install/hangman_interfaces/share/hangman_interfaces/environment/pythonpath.dsv
[2.870s] -- Up-to-date: /home/user/ros2_ws/install/hangman_interfaces/local/lib/python3.10/dist-packages/hangman_interfaces-0.0.0-py3.10.egg-info
[2.870s] -- Installing: /home/user/ros2_ws/install/hangman_interfaces/local/lib/python3.10/dist-packages/hangman_interfaces-0.0.0-py3.10.egg-info/SOURCES.txt
[2.870s] -- Installing: /home/user/ros2_ws/install/hangman_interfaces/local/lib/python3.10/dist-packages/hangman_interfaces-0.0.0-py3.10.egg-info/dependency_links.txt
[2.870s] -- Installing: /home/user/ros2_ws/install/hangman_interfaces/local/lib/python3.10/dist-packages/hangman_interfaces-0.0.0-py3.10.egg-info/top_level.txt
[2.870s] -- Installing: /home/user/ros2_ws/install/hangman_interfaces/local/lib/python3.10/dist-packages/hangman_interfaces-0.0.0-py3.10.egg-info/PKG-INFO
[2.870s] -- Up-to-date: /home/user/ros2_ws/install/hangman_interfaces/local/lib/python3.10/dist-packages/hangman_interfaces
[2.870s] -- Up-to-date: /home/user/ros2_ws/install/hangman_interfaces/local/lib/python3.10/dist-packages/hangman_interfaces/srv
[2.870s] -- Installing: /home/user/ros2_ws/install/hangman_interfaces/local/lib/python3.10/dist-packages/hangman_interfaces/srv/_check_letter_s.c
[2.870s] -- Installing: /home/user/ros2_ws/install/hangman_interfaces/local/lib/python3.10/dist-packages/hangman_interfaces/srv/__init__.py
[2.870s] -- Installing: /home/user/ros2_ws/install/hangman_interfaces/local/lib/python3.10/dist-packages/hangman_interfaces/srv/_check_letter.py
[2.870s] -- Installing: /home/user/ros2_ws/install/hangman_interfaces/local/lib/python3.10/dist-packages/hangman_interfaces/_hangman_interfaces_s.ep.rosidl_typesupport_introspection_c.c
[2.870s] -- Installing: /home/user/ros2_ws/install/hangman_interfaces/local/lib/python3.10/dist-packages/hangman_interfaces/_hangman_interfaces_s.ep.rosidl_typesupport_c.c
[2.870s] -- Up-to-date: /home/user/ros2_ws/install/hangman_interfaces/local/lib/python3.10/dist-packages/hangman_interfaces/msg
[2.871s] -- Installing: /home/user/ros2_ws/install/hangman_interfaces/local/lib/python3.10/dist-packages/hangman_interfaces/msg/_progress.py
[2.871s] -- Installing: /home/user/ros2_ws/install/hangman_interfaces/local/lib/python3.10/dist-packages/hangman_interfaces/msg/_progress_s.c
[2.871s] -- Installing: /home/user/ros2_ws/install/hangman_interfaces/local/lib/python3.10/dist-packages/hangman_interfaces/msg/__init__.py
[2.871s] -- Up-to-date: /home/user/ros2_ws/install/hangman_interfaces/local/lib/python3.10/dist-packages/hangman_interfaces/action
[2.871s] -- Installing: /home/user/ros2_ws/install/hangman_interfaces/local/lib/python3.10/dist-packages/hangman_interfaces/action/_game_progress_s.c
[2.871s] -- Installing: /home/user/ros2_ws/install/hangman_interfaces/local/lib/python3.10/dist-packages/hangman_interfaces/action/_game_progress.py
[2.871s] -- Installing: /home/user/ros2_ws/install/hangman_interfaces/local/lib/python3.10/dist-packages/hangman_interfaces/action/__init__.py
[2.871s] -- Installing: /home/user/ros2_ws/install/hangman_interfaces/local/lib/python3.10/dist-packages/hangman_interfaces/hangman_interfaces_s__rosidl_typesupport_introspection_c.cpython-310-x86_64-linux-gnu.so
[2.871s] -- Installing: /home/user/ros2_ws/install/hangman_interfaces/local/lib/python3.10/dist-packages/hangman_interfaces/_hangman_interfaces_s.ep.rosidl_typesupport_fastrtps_c.c
[2.871s] -- Installing: /home/user/ros2_ws/install/hangman_interfaces/local/lib/python3.10/dist-packages/hangman_interfaces/hangman_interfaces_s__rosidl_typesupport_fastrtps_c.cpython-310-x86_64-linux-gnu.so
[2.871s] -- Installing: /home/user/ros2_ws/install/hangman_interfaces/local/lib/python3.10/dist-packages/hangman_interfaces/hangman_interfaces_s__rosidl_typesupport_c.cpython-310-x86_64-linux-gnu.so
[2.871s] -- Installing: /home/user/ros2_ws/install/hangman_interfaces/local/lib/python3.10/dist-packages/hangman_interfaces/__init__.py
[2.871s] -- Installing: /home/user/ros2_ws/install/hangman_interfaces/local/lib/python3.10/dist-packages/hangman_interfaces/libhangman_interfaces__rosidl_generator_py.so
[2.908s] Listing '/home/user/ros2_ws/install/hangman_interfaces/local/lib/python3.10/dist-packages/hangman_interfaces'...
[2.908s] Compiling '/home/user/ros2_ws/install/hangman_interfaces/local/lib/python3.10/dist-packages/hangman_interfaces/__init__.py'...
[2.908s] Listing '/home/user/ros2_ws/install/hangman_interfaces/local/lib/python3.10/dist-packages/hangman_interfaces/action'...
[2.908s] Compiling '/home/user/ros2_ws/install/hangman_interfaces/local/lib/python3.10/dist-packages/hangman_interfaces/action/__init__.py'...
[2.908s] Compiling '/home/user/ros2_ws/install/hangman_interfaces/local/lib/python3.10/dist-packages/hangman_interfaces/action/_game_progress.py'...
[2.908s] Listing '/home/user/ros2_ws/install/hangman_interfaces/local/lib/python3.10/dist-packages/hangman_interfaces/msg'...
[2.908s] Compiling '/home/user/ros2_ws/install/hangman_interfaces/local/lib/python3.10/dist-packages/hangman_interfaces/msg/__init__.py'...
[2.908s] Compiling '/home/user/ros2_ws/install/hangman_interfaces/local/lib/python3.10/dist-packages/hangman_interfaces/msg/_progress.py'...
[2.908s] Listing '/home/user/ros2_ws/install/hangman_interfaces/local/lib/python3.10/dist-packages/hangman_interfaces/srv'...
[2.908s] Compiling '/home/user/ros2_ws/install/hangman_interfaces/local/lib/python3.10/dist-packages/hangman_interfaces/srv/__init__.py'...
[2.908s] Compiling '/home/user/ros2_ws/install/hangman_interfaces/local/lib/python3.10/dist-packages/hangman_interfaces/srv/_check_letter.py'...
[2.912s] -- Installing: /home/user/ros2_ws/install/hangman_interfaces/local/lib/python3.10/dist-packages/hangman_interfaces/hangman_interfaces_s__rosidl_typesupport_fastrtps_c.cpython-310-x86_64-linux-gnu.so
[2.913s] -- Set runtime path of "/home/user/ros2_ws/install/hangman_interfaces/local/lib/python3.10/dist-packages/hangman_interfaces/hangman_interfaces_s__rosidl_typesupport_fastrtps_c.cpython-310-x86_64-linux-gnu.so" to ""
[2.913s] -- Installing: /home/user/ros2_ws/install/hangman_interfaces/local/lib/python3.10/dist-packages/hangman_interfaces/hangman_interfaces_s__rosidl_typesupport_introspection_c.cpython-310-x86_64-linux-gnu.so
[2.913s] -- Set runtime path of "/home/user/ros2_ws/install/hangman_interfaces/local/lib/python3.10/dist-packages/hangman_interfaces/hangman_interfaces_s__rosidl_typesupport_introspection_c.cpython-310-x86_64-linux-gnu.so" to ""
[2.913s] -- Installing: /home/user/ros2_ws/install/hangman_interfaces/local/lib/python3.10/dist-packages/hangman_interfaces/hangman_interfaces_s__rosidl_typesupport_c.cpython-310-x86_64-linux-gnu.so
[2.913s] -- Set runtime path of "/home/user/ros2_ws/install/hangman_interfaces/local/lib/python3.10/dist-packages/hangman_interfaces/hangman_interfaces_s__rosidl_typesupport_c.cpython-310-x86_64-linux-gnu.so" to ""
[2.913s] -- Installing: /home/user/ros2_ws/install/hangman_interfaces/lib/libhangman_interfaces__rosidl_generator_py.so
[2.913s] -- Set runtime path of "/home/user/ros2_ws/install/hangman_interfaces/lib/libhangman_interfaces__rosidl_generator_py.so" to ""
[2.913s] -- Up-to-date: /home/user/ros2_ws/install/hangman_interfaces/share/hangman_interfaces/msg/Progress.idl
[2.913s] -- Up-to-date: /home/user/ros2_ws/install/hangman_interfaces/share/hangman_interfaces/srv/CheckLetter.idl
[2.914s] -- Installing: /home/user/ros2_ws/install/hangman_interfaces/share/hangman_interfaces/action/GameProgress.idl
[2.914s] -- Up-to-date: /home/user/ros2_ws/install/hangman_interfaces/share/hangman_interfaces/msg/Progress.msg
[2.914s] -- Up-to-date: /home/user/ros2_ws/install/hangman_interfaces/share/hangman_interfaces/srv/CheckLetter.srv
[2.914s] -- Up-to-date: /home/user/ros2_ws/install/hangman_interfaces/share/hangman_interfaces/srv/CheckLetter_Request.msg
[2.914s] -- Up-to-date: /home/user/ros2_ws/install/hangman_interfaces/share/hangman_interfaces/srv/CheckLetter_Response.msg
[2.914s] -- Installing: /home/user/ros2_ws/install/hangman_interfaces/share/hangman_interfaces/action/GameProgress.action
[2.914s] -- Up-to-date: /home/user/ros2_ws/install/hangman_interfaces/share/ament_index/resource_index/package_run_dependencies/hangman_interfaces
[2.914s] -- Installing: /home/user/ros2_ws/install/hangman_interfaces/share/ament_index/resource_index/parent_prefix_path/hangman_interfaces
[2.914s] -- Up-to-date: /home/user/ros2_ws/install/hangman_interfaces/share/hangman_interfaces/environment/ament_prefix_path.sh
[2.914s] -- Installing: /home/user/ros2_ws/install/hangman_interfaces/share/hangman_interfaces/environment/ament_prefix_path.dsv
[2.914s] -- Up-to-date: /home/user/ros2_ws/install/hangman_interfaces/share/hangman_interfaces/environment/path.sh
[2.914s] -- Installing: /home/user/ros2_ws/install/hangman_interfaces/share/hangman_interfaces/environment/path.dsv
[2.914s] -- Up-to-date: /home/user/ros2_ws/install/hangman_interfaces/share/hangman_interfaces/local_setup.bash
[2.914s] -- Up-to-date: /home/user/ros2_ws/install/hangman_interfaces/share/hangman_interfaces/local_setup.sh
[2.914s] -- Up-to-date: /home/user/ros2_ws/install/hangman_interfaces/share/hangman_interfaces/local_setup.zsh
[2.914s] -- Installing: /home/user/ros2_ws/install/hangman_interfaces/share/hangman_interfaces/local_setup.dsv
[2.914s] -- Installing: /home/user/ros2_ws/install/hangman_interfaces/share/hangman_interfaces/package.dsv
[2.915s] -- Up-to-date: /home/user/ros2_ws/install/hangman_interfaces/share/ament_index/resource_index/packages/hangman_interfaces
[2.915s] -- Up-to-date: /home/user/ros2_ws/install/hangman_interfaces/share/hangman_interfaces/cmake/export_hangman_interfaces__rosidl_generator_cExport.cmake
[2.915s] -- Up-to-date: /home/user/ros2_ws/install/hangman_interfaces/share/hangman_interfaces/cmake/export_hangman_interfaces__rosidl_generator_cExport-noconfig.cmake
[2.915s] -- Up-to-date: /home/user/ros2_ws/install/hangman_interfaces/share/hangman_interfaces/cmake/export_hangman_interfaces__rosidl_typesupport_fastrtps_cExport.cmake
[2.915s] -- Up-to-date: /home/user/ros2_ws/install/hangman_interfaces/share/hangman_interfaces/cmake/export_hangman_interfaces__rosidl_typesupport_fastrtps_cExport-noconfig.cmake
[2.915s] -- Up-to-date: /home/user/ros2_ws/install/hangman_interfaces/share/hangman_interfaces/cmake/export_hangman_interfaces__rosidl_generator_cppExport.cmake
[2.915s] -- Up-to-date: /home/user/ros2_ws/install/hangman_interfaces/share/hangman_interfaces/cmake/export_hangman_interfaces__rosidl_typesupport_fastrtps_cppExport.cmake
[2.915s] -- Up-to-date: /home/user/ros2_ws/install/hangman_interfaces/share/hangman_interfaces/cmake/export_hangman_interfaces__rosidl_typesupport_fastrtps_cppExport-noconfig.cmake
[2.915s] -- Up-to-date: /home/user/ros2_ws/install/hangman_interfaces/share/hangman_interfaces/cmake/hangman_interfaces__rosidl_typesupport_introspection_cExport.cmake
[2.915s] -- Up-to-date: /home/user/ros2_ws/install/hangman_interfaces/share/hangman_interfaces/cmake/hangman_interfaces__rosidl_typesupport_introspection_cExport-noconfig.cmake
[2.915s] -- Up-to-date: /home/user/ros2_ws/install/hangman_interfaces/share/hangman_interfaces/cmake/hangman_interfaces__rosidl_typesupport_cExport.cmake
[2.915s] -- Up-to-date: /home/user/ros2_ws/install/hangman_interfaces/share/hangman_interfaces/cmake/hangman_interfaces__rosidl_typesupport_cExport-noconfig.cmake
[2.915s] -- Up-to-date: /home/user/ros2_ws/install/hangman_interfaces/share/hangman_interfaces/cmake/hangman_interfaces__rosidl_typesupport_introspection_cppExport.cmake
[2.915s] -- Up-to-date: /home/user/ros2_ws/install/hangman_interfaces/share/hangman_interfaces/cmake/hangman_interfaces__rosidl_typesupport_introspection_cppExport-noconfig.cmake
[2.915s] -- Up-to-date: /home/user/ros2_ws/install/hangman_interfaces/share/hangman_interfaces/cmake/hangman_interfaces__rosidl_typesupport_cppExport.cmake
[2.915s] -- Up-to-date: /home/user/ros2_ws/install/hangman_interfaces/share/hangman_interfaces/cmake/hangman_interfaces__rosidl_typesupport_cppExport-noconfig.cmake
[2.915s] -- Up-to-date: /home/user/ros2_ws/install/hangman_interfaces/share/hangman_interfaces/cmake/export_hangman_interfaces__rosidl_generator_pyExport.cmake
[2.915s] -- Up-to-date: /home/user/ros2_ws/install/hangman_interfaces/share/hangman_interfaces/cmake/export_hangman_interfaces__rosidl_generator_pyExport-noconfig.cmake
[2.915s] -- Up-to-date: /home/user/ros2_ws/install/hangman_interfaces/share/hangman_interfaces/cmake/ament_cmake_export_dependencies-extras.cmake
[2.915s] -- Up-to-date: /home/user/ros2_ws/install/hangman_interfaces/share/hangman_interfaces/cmake/rosidl_cmake-extras.cmake
[2.915s] -- Up-to-date: /home/user/ros2_ws/install/hangman_interfaces/share/hangman_interfaces/cmake/ament_cmake_export_include_directories-extras.cmake
[2.915s] -- Up-to-date: /home/user/ros2_ws/install/hangman_interfaces/share/hangman_interfaces/cmake/ament_cmake_export_libraries-extras.cmake
[2.915s] -- Up-to-date: /home/user/ros2_ws/install/hangman_interfaces/share/hangman_interfaces/cmake/ament_cmake_export_targets-extras.cmake
[2.915s] -- Up-to-date: /home/user/ros2_ws/install/hangman_interfaces/share/hangman_interfaces/cmake/rosidl_cmake_export_typesupport_targets-extras.cmake
[2.916s] -- Up-to-date: /home/user/ros2_ws/install/hangman_interfaces/share/hangman_interfaces/cmake/rosidl_cmake_export_typesupport_libraries-extras.cmake
[2.916s] -- Up-to-date: /home/user/ros2_ws/install/hangman_interfaces/share/hangman_interfaces/cmake/hangman_interfacesConfig.cmake
[2.916s] -- Up-to-date: /home/user/ros2_ws/install/hangman_interfaces/share/hangman_interfaces/cmake/hangman_interfacesConfig-version.cmake
[2.916s] -- Up-to-date: /home/user/ros2_ws/install/hangman_interfaces/share/hangman_interfaces/package.xml
[2.917s] Invoked command in '/home/user/ros2_ws/build/hangman_interfaces' returned '0': CMAKE_PREFIX_PATH=${CMAKE_PREFIX_PATH}:/home/user/ros2_ws/install/hangman_game:/home/user/robot_ws/install/topic_service_action_rclpy_example:/home/user/robot_ws/install/time_rclpy_example:/home/user/robot_ws/install/tf2_rclpy_example:/home/user/robot_ws/install/ros2env:/home/user/robot_ws/install/my_first_ros_rclpy_pkg:/home/user/robot_ws/install/logging_rclpy_example:/home/user/robot_ws/install/hang_man:/home/user/turtlebot3_ws/install/turtlebot3_teleop:/home/user/turtlebot3_ws/install/turtlebot3_example:/opt/ros/humble /usr/bin/cmake --install /home/user/ros2_ws/build/hangman_interfaces
