[0.344s] Invoking command in '/home/user/ros2_ws/src/hangman_game': PYTHONPATH=/home/user/ros2_ws/src/build/hangman_game/prefix_override:/usr/lib/python3/dist-packages/colcon_core/task/python/colcon_distutils_commands:/home/user/ros2_ws/src/install/hangman_game/lib/python3.10/site-packages:${PYTHONPATH} /usr/bin/python3 -W ignore:setup.py install is deprecated setup.py egg_info --egg-base ../build/hangman_game build --build-base /home/user/ros2_ws/src/build/hangman_game/build install --record /home/user/ros2_ws/src/build/hangman_game/install.log --single-version-externally-managed install_data
[0.474s] running egg_info
[0.474s] creating ../build/hangman_game/hangman_game.egg-info
[0.474s] writing ../build/hangman_game/hangman_game.egg-info/PKG-INFO
[0.474s] writing dependency_links to ../build/hangman_game/hangman_game.egg-info/dependency_links.txt
[0.474s] writing entry points to ../build/hangman_game/hangman_game.egg-info/entry_points.txt
[0.474s] writing requirements to ../build/hangman_game/hangman_game.egg-info/requires.txt
[0.474s] writing top-level names to ../build/hangman_game/hangman_game.egg-info/top_level.txt
[0.474s] writing manifest file '../build/hangman_game/hangman_game.egg-info/SOURCES.txt'
[0.475s] reading manifest file '../build/hangman_game/hangman_game.egg-info/SOURCES.txt'
[0.475s] writing manifest file '../build/hangman_game/hangman_game.egg-info/SOURCES.txt'
[0.475s] running build
[0.475s] running build_py
[0.475s] creating /home/user/ros2_ws/src/build/hangman_game/build
[0.475s] creating /home/user/ros2_ws/src/build/hangman_game/build/lib
[0.476s] creating /home/user/ros2_ws/src/build/hangman_game/build/lib/hangman_game
[0.476s] copying hangman_game/word_service.py -> /home/user/ros2_ws/src/build/hangman_game/build/lib/hangman_game
[0.476s] copying hangman_game/progress_action_client.py -> /home/user/ros2_ws/src/build/hangman_game/build/lib/hangman_game
[0.476s] copying hangman_game/user_input.py -> /home/user/ros2_ws/src/build/hangman_game/build/lib/hangman_game
[0.476s] copying hangman_game/progress_action_server.py -> /home/user/ros2_ws/src/build/hangman_game/build/lib/hangman_game
[0.476s] copying hangman_game/__init__.py -> /home/user/ros2_ws/src/build/hangman_game/build/lib/hangman_game
[0.476s] copying hangman_game/letter_publisher.py -> /home/user/ros2_ws/src/build/hangman_game/build/lib/hangman_game
[0.476s] running install
[0.476s] running install_lib
[0.476s] creating /home/user/ros2_ws/src/install/hangman_game/lib/python3.10/site-packages/hangman_game
[0.476s] copying /home/user/ros2_ws/src/build/hangman_game/build/lib/hangman_game/word_service.py -> /home/user/ros2_ws/src/install/hangman_game/lib/python3.10/site-packages/hangman_game
[0.477s] copying /home/user/ros2_ws/src/build/hangman_game/build/lib/hangman_game/progress_action_client.py -> /home/user/ros2_ws/src/install/hangman_game/lib/python3.10/site-packages/hangman_game
[0.477s] copying /home/user/ros2_ws/src/build/hangman_game/build/lib/hangman_game/user_input.py -> /home/user/ros2_ws/src/install/hangman_game/lib/python3.10/site-packages/hangman_game
[0.477s] copying /home/user/ros2_ws/src/build/hangman_game/build/lib/hangman_game/progress_action_server.py -> /home/user/ros2_ws/src/install/hangman_game/lib/python3.10/site-packages/hangman_game
[0.477s] copying /home/user/ros2_ws/src/build/hangman_game/build/lib/hangman_game/__init__.py -> /home/user/ros2_ws/src/install/hangman_game/lib/python3.10/site-packages/hangman_game
[0.477s] copying /home/user/ros2_ws/src/build/hangman_game/build/lib/hangman_game/letter_publisher.py -> /home/user/ros2_ws/src/install/hangman_game/lib/python3.10/site-packages/hangman_game
[0.477s] byte-compiling /home/user/ros2_ws/src/install/hangman_game/lib/python3.10/site-packages/hangman_game/word_service.py to word_service.cpython-310.pyc
[0.478s] byte-compiling /home/user/ros2_ws/src/install/hangman_game/lib/python3.10/site-packages/hangman_game/progress_action_client.py to progress_action_client.cpython-310.pyc
[0.478s] byte-compiling /home/user/ros2_ws/src/install/hangman_game/lib/python3.10/site-packages/hangman_game/user_input.py to user_input.cpython-310.pyc
[0.478s] byte-compiling /home/user/ros2_ws/src/install/hangman_game/lib/python3.10/site-packages/hangman_game/progress_action_server.py to progress_action_server.cpython-310.pyc
[0.478s] byte-compiling /home/user/ros2_ws/src/install/hangman_game/lib/python3.10/site-packages/hangman_game/__init__.py to __init__.cpython-310.pyc
[0.478s] byte-compiling /home/user/ros2_ws/src/install/hangman_game/lib/python3.10/site-packages/hangman_game/letter_publisher.py to letter_publisher.cpython-310.pyc
[0.478s] running install_data
[0.479s] creating /home/user/ros2_ws/src/install/hangman_game/share/ament_index
[0.479s] creating /home/user/ros2_ws/src/install/hangman_game/share/ament_index/resource_index
[0.479s] creating /home/user/ros2_ws/src/install/hangman_game/share/ament_index/resource_index/packages
[0.479s] copying resource/hangman_game -> /home/user/ros2_ws/src/install/hangman_game/share/ament_index/resource_index/packages
[0.479s] copying package.xml -> /home/user/ros2_ws/src/install/hangman_game/share/hangman_game
[0.479s] running install_egg_info
[0.480s] Copying ../build/hangman_game/hangman_game.egg-info to /home/user/ros2_ws/src/install/hangman_game/lib/python3.10/site-packages/hangman_game-0.0.0-py3.10.egg-info
[0.480s] running install_scripts
[0.493s] Installing letter_publisher script to /home/user/ros2_ws/src/install/hangman_game/lib/hangman_game
[0.493s] Installing progress_action_client script to /home/user/ros2_ws/src/install/hangman_game/lib/hangman_game
[0.493s] Installing progress_action_server script to /home/user/ros2_ws/src/install/hangman_game/lib/hangman_game
[0.493s] Installing user_input script to /home/user/ros2_ws/src/install/hangman_game/lib/hangman_game
[0.493s] Installing word_service script to /home/user/ros2_ws/src/install/hangman_game/lib/hangman_game
[0.493s] writing list of installed files to '/home/user/ros2_ws/src/build/hangman_game/install.log'
[0.505s] Invoked command in '/home/user/ros2_ws/src/hangman_game' returned '0': PYTHONPATH=/home/user/ros2_ws/src/build/hangman_game/prefix_override:/usr/lib/python3/dist-packages/colcon_core/task/python/colcon_distutils_commands:/home/user/ros2_ws/src/install/hangman_game/lib/python3.10/site-packages:${PYTHONPATH} /usr/bin/python3 -W ignore:setup.py install is deprecated setup.py egg_info --egg-base ../build/hangman_game build --build-base /home/user/ros2_ws/src/build/hangman_game/build install --record /home/user/ros2_ws/src/build/hangman_game/install.log --single-version-externally-managed install_data
