[0.008s] Invoking command in '/home/user/ros2_ws/src/build/hangman_interfaces': CMAKE_PREFIX_PATH=${CMAKE_PREFIX_PATH}:/home/user/ros2_ws/src/install/hangman_game:/home/user/ros2_ws/install/hangman_game:/home/user/robot_ws/install/topic_service_action_rclpy_example:/home/user/robot_ws/install/time_rclpy_example:/home/user/robot_ws/install/tf2_rclpy_example:/home/user/robot_ws/install/ros2env:/home/user/robot_ws/install/my_first_ros_rclpy_pkg:/home/user/robot_ws/install/logging_rclpy_example:/home/user/robot_ws/install/hang_man:/home/user/turtlebot3_ws/install/turtlebot3_teleop:/home/user/turtlebot3_ws/install/turtlebot3_example:/opt/ros/humble /usr/bin/cmake --build /home/user/ros2_ws/src/build/hangman_interfaces -- -j20 -l20
[0.045s] [35m[1mConsolidate compiler generated dependencies of target hangman_interfaces__rosidl_generator_c[0m
[0.053s] [  2%] Built target hangman_interfaces__cpp
[0.055s] [ 12%] Built target hangman_interfaces__rosidl_generator_c
[0.064s] [ 12%] Built target ament_cmake_python_copy_hangman_interfaces
[0.064s] [35m[1mConsolidate compiler generated dependencies of target hangman_interfaces__rosidl_typesupport_c[0m
[0.064s] [35m[1mConsolidate compiler generated dependencies of target hangman_interfaces__rosidl_typesupport_introspection_c[0m
[0.064s] [35m[1mConsolidate compiler generated dependencies of target hangman_interfaces__rosidl_typesupport_fastrtps_c[0m
[0.065s] [35m[1mConsolidate compiler generated dependencies of target hangman_interfaces__rosidl_typesupport_introspection_cpp[0m
[0.066s] [35m[1mConsolidate compiler generated dependencies of target hangman_interfaces__rosidl_typesupport_fastrtps_cpp[0m
[0.069s] [35m[1mConsolidate compiler generated dependencies of target hangman_interfaces__rosidl_typesupport_cpp[0m
[0.080s] [ 23%] Built target hangman_interfaces__rosidl_typesupport_c
[0.080s] [ 34%] Built target hangman_interfaces__rosidl_typesupport_introspection_c
[0.081s] [ 44%] Built target hangman_interfaces__rosidl_typesupport_introspection_cpp
[0.082s] [ 55%] Built target hangman_interfaces__rosidl_typesupport_fastrtps_c
[0.085s] [ 65%] Built target hangman_interfaces__rosidl_typesupport_fastrtps_cpp
[0.085s] [ 76%] Built target hangman_interfaces__rosidl_typesupport_cpp
[0.100s] [ 76%] Built target hangman_interfaces
[0.117s] [ 78%] Built target hangman_interfaces__py
[0.125s] [35m[1mConsolidate compiler generated dependencies of target hangman_interfaces__rosidl_generator_py[0m
[0.134s] [ 87%] Built target hangman_interfaces__rosidl_generator_py
[0.142s] [35m[1mConsolidate compiler generated dependencies of target hangman_interfaces__rosidl_typesupport_introspection_c__pyext[0m
[0.142s] [35m[1mConsolidate compiler generated dependencies of target hangman_interfaces__rosidl_typesupport_fastrtps_c__pyext[0m
[0.143s] [35m[1mConsolidate compiler generated dependencies of target hangman_interfaces__rosidl_typesupport_c__pyext[0m
[0.153s] [ 91%] Built target hangman_interfaces__rosidl_typesupport_fastrtps_c__pyext
[0.153s] [ 95%] Built target hangman_interfaces__rosidl_typesupport_introspection_c__pyext
[0.155s] [100%] Built target hangman_interfaces__rosidl_typesupport_c__pyext
[0.216s] running egg_info
[0.216s] writing hangman_interfaces.egg-info/PKG-INFO
[0.217s] writing dependency_links to hangman_interfaces.egg-info/dependency_links.txt
[0.217s] writing top-level names to hangman_interfaces.egg-info/top_level.txt
[0.218s] reading manifest file 'hangman_interfaces.egg-info/SOURCES.txt'
[0.218s] writing manifest file 'hangman_interfaces.egg-info/SOURCES.txt'
[0.236s] [100%] Built target ament_cmake_python_build_hangman_interfaces_egg
[0.245s] Invoked command in '/home/user/ros2_ws/src/build/hangman_interfaces' returned '0': CMAKE_PREFIX_PATH=${CMAKE_PREFIX_PATH}:/home/user/ros2_ws/src/install/hangman_game:/home/user/ros2_ws/install/hangman_game:/home/user/robot_ws/install/topic_service_action_rclpy_example:/home/user/robot_ws/install/time_rclpy_example:/home/user/robot_ws/install/tf2_rclpy_example:/home/user/robot_ws/install/ros2env:/home/user/robot_ws/install/my_first_ros_rclpy_pkg:/home/user/robot_ws/install/logging_rclpy_example:/home/user/robot_ws/install/hang_man:/home/user/turtlebot3_ws/install/turtlebot3_teleop:/home/user/turtlebot3_ws/install/turtlebot3_example:/opt/ros/humble /usr/bin/cmake --build /home/user/ros2_ws/src/build/hangman_interfaces -- -j20 -l20
[0.339s] Invoking command in '/home/user/ros2_ws/src/build/hangman_interfaces': CMAKE_PREFIX_PATH=${CMAKE_PREFIX_PATH}:/home/user/ros2_ws/src/install/hangman_game:/home/user/ros2_ws/install/hangman_game:/home/user/robot_ws/install/topic_service_action_rclpy_example:/home/user/robot_ws/install/time_rclpy_example:/home/user/robot_ws/install/tf2_rclpy_example:/home/user/robot_ws/install/ros2env:/home/user/robot_ws/install/my_first_ros_rclpy_pkg:/home/user/robot_ws/install/logging_rclpy_example:/home/user/robot_ws/install/hang_man:/home/user/turtlebot3_ws/install/turtlebot3_teleop:/home/user/turtlebot3_ws/install/turtlebot3_example:/opt/ros/humble /usr/bin/cmake --install /home/user/ros2_ws/src/build/hangman_interfaces
[0.345s] -- Install configuration: ""
[0.345s] -- Up-to-date: /home/user/ros2_ws/src/install/hangman_interfaces/share/ament_index/resource_index/rosidl_interfaces/hangman_interfaces
[0.345s] -- Up-to-date: /home/user/ros2_ws/src/install/hangman_interfaces/include/hangman_interfaces/hangman_interfaces
[0.345s] -- Up-to-date: /home/user/ros2_ws/src/install/hangman_interfaces/include/hangman_interfaces/hangman_interfaces/srv
[0.345s] -- Up-to-date: /home/user/ros2_ws/src/install/hangman_interfaces/include/hangman_interfaces/hangman_interfaces/srv/check_letter.h
[0.345s] -- Up-to-date: /home/user/ros2_ws/src/install/hangman_interfaces/include/hangman_interfaces/hangman_interfaces/srv/detail
[0.345s] -- Up-to-date: /home/user/ros2_ws/src/install/hangman_interfaces/include/hangman_interfaces/hangman_interfaces/srv/detail/check_letter__functions.c
[0.345s] -- Up-to-date: /home/user/ros2_ws/src/install/hangman_interfaces/include/hangman_interfaces/hangman_interfaces/srv/detail/check_letter__struct.h
[0.345s] -- Up-to-date: /home/user/ros2_ws/src/install/hangman_interfaces/include/hangman_interfaces/hangman_interfaces/srv/detail/check_letter__type_support.h
[0.345s] -- Up-to-date: /home/user/ros2_ws/src/install/hangman_interfaces/include/hangman_interfaces/hangman_interfaces/srv/detail/check_letter__functions.h
[0.345s] -- Up-to-date: /home/user/ros2_ws/src/install/hangman_interfaces/include/hangman_interfaces/hangman_interfaces/msg
[0.345s] -- Up-to-date: /home/user/ros2_ws/src/install/hangman_interfaces/include/hangman_interfaces/hangman_interfaces/msg/rosidl_generator_c__visibility_control.h
[0.345s] -- Up-to-date: /home/user/ros2_ws/src/install/hangman_interfaces/include/hangman_interfaces/hangman_interfaces/msg/detail
[0.345s] -- Up-to-date: /home/user/ros2_ws/src/install/hangman_interfaces/include/hangman_interfaces/hangman_interfaces/msg/detail/progress__struct.h
[0.345s] -- Up-to-date: /home/user/ros2_ws/src/install/hangman_interfaces/include/hangman_interfaces/hangman_interfaces/msg/detail/progress__functions.c
[0.345s] -- Up-to-date: /home/user/ros2_ws/src/install/hangman_interfaces/include/hangman_interfaces/hangman_interfaces/msg/detail/progress__type_support.h
[0.345s] -- Up-to-date: /home/user/ros2_ws/src/install/hangman_interfaces/include/hangman_interfaces/hangman_interfaces/msg/detail/progress__functions.h
[0.345s] -- Up-to-date: /home/user/ros2_ws/src/install/hangman_interfaces/include/hangman_interfaces/hangman_interfaces/msg/progress.h
[0.345s] -- Up-to-date: /home/user/ros2_ws/src/install/hangman_interfaces/include/hangman_interfaces/hangman_interfaces/action
[0.345s] -- Up-to-date: /home/user/ros2_ws/src/install/hangman_interfaces/include/hangman_interfaces/hangman_interfaces/action/game_progress.h
[0.345s] -- Up-to-date: /home/user/ros2_ws/src/install/hangman_interfaces/include/hangman_interfaces/hangman_interfaces/action/detail
[0.345s] -- Up-to-date: /home/user/ros2_ws/src/install/hangman_interfaces/include/hangman_interfaces/hangman_interfaces/action/detail/game_progress__struct.h
[0.345s] -- Up-to-date: /home/user/ros2_ws/src/install/hangman_interfaces/include/hangman_interfaces/hangman_interfaces/action/detail/game_progress__type_support.h
[0.345s] -- Up-to-date: /home/user/ros2_ws/src/install/hangman_interfaces/include/hangman_interfaces/hangman_interfaces/action/detail/game_progress__functions.c
[0.345s] -- Up-to-date: /home/user/ros2_ws/src/install/hangman_interfaces/include/hangman_interfaces/hangman_interfaces/action/detail/game_progress__functions.h
[0.345s] -- Up-to-date: /home/user/ros2_ws/src/install/hangman_interfaces/share/hangman_interfaces/environment/library_path.sh
[0.345s] -- Up-to-date: /home/user/ros2_ws/src/install/hangman_interfaces/share/hangman_interfaces/environment/library_path.dsv
[0.345s] -- Up-to-date: /home/user/ros2_ws/src/install/hangman_interfaces/lib/libhangman_interfaces__rosidl_generator_c.so
[0.345s] -- Up-to-date: /home/user/ros2_ws/src/install/hangman_interfaces/include/hangman_interfaces/hangman_interfaces
[0.345s] -- Up-to-date: /home/user/ros2_ws/src/install/hangman_interfaces/include/hangman_interfaces/hangman_interfaces/srv
[0.345s] -- Up-to-date: /home/user/ros2_ws/src/install/hangman_interfaces/include/hangman_interfaces/hangman_interfaces/srv/detail
[0.346s] -- Up-to-date: /home/user/ros2_ws/src/install/hangman_interfaces/include/hangman_interfaces/hangman_interfaces/srv/detail/check_letter__rosidl_typesupport_fastrtps_c.h
[0.346s] -- Up-to-date: /home/user/ros2_ws/src/install/hangman_interfaces/include/hangman_interfaces/hangman_interfaces/msg
[0.346s] -- Up-to-date: /home/user/ros2_ws/src/install/hangman_interfaces/include/hangman_interfaces/hangman_interfaces/msg/rosidl_typesupport_fastrtps_c__visibility_control.h
[0.346s] -- Up-to-date: /home/user/ros2_ws/src/install/hangman_interfaces/include/hangman_interfaces/hangman_interfaces/msg/detail
[0.346s] -- Up-to-date: /home/user/ros2_ws/src/install/hangman_interfaces/include/hangman_interfaces/hangman_interfaces/msg/detail/progress__rosidl_typesupport_fastrtps_c.h
[0.346s] -- Up-to-date: /home/user/ros2_ws/src/install/hangman_interfaces/include/hangman_interfaces/hangman_interfaces/action
[0.346s] -- Up-to-date: /home/user/ros2_ws/src/install/hangman_interfaces/include/hangman_interfaces/hangman_interfaces/action/detail
[0.346s] -- Up-to-date: /home/user/ros2_ws/src/install/hangman_interfaces/include/hangman_interfaces/hangman_interfaces/action/detail/game_progress__rosidl_typesupport_fastrtps_c.h
[0.346s] -- Up-to-date: /home/user/ros2_ws/src/install/hangman_interfaces/lib/libhangman_interfaces__rosidl_typesupport_fastrtps_c.so
[0.346s] -- Up-to-date: /home/user/ros2_ws/src/install/hangman_interfaces/include/hangman_interfaces/hangman_interfaces
[0.346s] -- Up-to-date: /home/user/ros2_ws/src/install/hangman_interfaces/include/hangman_interfaces/hangman_interfaces/srv
[0.346s] -- Up-to-date: /home/user/ros2_ws/src/install/hangman_interfaces/include/hangman_interfaces/hangman_interfaces/srv/detail
[0.346s] -- Up-to-date: /home/user/ros2_ws/src/install/hangman_interfaces/include/hangman_interfaces/hangman_interfaces/srv/detail/check_letter__struct.hpp
[0.346s] -- Up-to-date: /home/user/ros2_ws/src/install/hangman_interfaces/include/hangman_interfaces/hangman_interfaces/srv/detail/check_letter__traits.hpp
[0.346s] -- Up-to-date: /home/user/ros2_ws/src/install/hangman_interfaces/include/hangman_interfaces/hangman_interfaces/srv/detail/check_letter__builder.hpp
[0.346s] -- Up-to-date: /home/user/ros2_ws/src/install/hangman_interfaces/include/hangman_interfaces/hangman_interfaces/srv/check_letter.hpp
[0.346s] -- Up-to-date: /home/user/ros2_ws/src/install/hangman_interfaces/include/hangman_interfaces/hangman_interfaces/msg
[0.346s] -- Up-to-date: /home/user/ros2_ws/src/install/hangman_interfaces/include/hangman_interfaces/hangman_interfaces/msg/detail
[0.346s] -- Up-to-date: /home/user/ros2_ws/src/install/hangman_interfaces/include/hangman_interfaces/hangman_interfaces/msg/detail/progress__builder.hpp
[0.346s] -- Up-to-date: /home/user/ros2_ws/src/install/hangman_interfaces/include/hangman_interfaces/hangman_interfaces/msg/detail/progress__struct.hpp
[0.346s] -- Up-to-date: /home/user/ros2_ws/src/install/hangman_interfaces/include/hangman_interfaces/hangman_interfaces/msg/detail/progress__traits.hpp
[0.346s] -- Up-to-date: /home/user/ros2_ws/src/install/hangman_interfaces/include/hangman_interfaces/hangman_interfaces/msg/progress.hpp
[0.346s] -- Up-to-date: /home/user/ros2_ws/src/install/hangman_interfaces/include/hangman_interfaces/hangman_interfaces/action
[0.346s] -- Up-to-date: /home/user/ros2_ws/src/install/hangman_interfaces/include/hangman_interfaces/hangman_interfaces/action/detail
[0.346s] -- Up-to-date: /home/user/ros2_ws/src/install/hangman_interfaces/include/hangman_interfaces/hangman_interfaces/action/detail/game_progress__traits.hpp
[0.346s] -- Up-to-date: /home/user/ros2_ws/src/install/hangman_interfaces/include/hangman_interfaces/hangman_interfaces/action/detail/game_progress__struct.hpp
[0.346s] -- Up-to-date: /home/user/ros2_ws/src/install/hangman_interfaces/include/hangman_interfaces/hangman_interfaces/action/detail/game_progress__builder.hpp
[0.346s] -- Up-to-date: /home/user/ros2_ws/src/install/hangman_interfaces/include/hangman_interfaces/hangman_interfaces/action/game_progress.hpp
[0.346s] -- Up-to-date: /home/user/ros2_ws/src/install/hangman_interfaces/include/hangman_interfaces/hangman_interfaces
[0.346s] -- Up-to-date: /home/user/ros2_ws/src/install/hangman_interfaces/include/hangman_interfaces/hangman_interfaces/srv
[0.346s] -- Up-to-date: /home/user/ros2_ws/src/install/hangman_interfaces/include/hangman_interfaces/hangman_interfaces/srv/detail
[0.346s] -- Up-to-date: /home/user/ros2_ws/src/install/hangman_interfaces/include/hangman_interfaces/hangman_interfaces/srv/detail/dds_fastrtps
[0.346s] -- Up-to-date: /home/user/ros2_ws/src/install/hangman_interfaces/include/hangman_interfaces/hangman_interfaces/srv/detail/check_letter__rosidl_typesupport_fastrtps_cpp.hpp
[0.346s] -- Up-to-date: /home/user/ros2_ws/src/install/hangman_interfaces/include/hangman_interfaces/hangman_interfaces/msg
[0.346s] -- Up-to-date: /home/user/ros2_ws/src/install/hangman_interfaces/include/hangman_interfaces/hangman_interfaces/msg/detail
[0.347s] -- Up-to-date: /home/user/ros2_ws/src/install/hangman_interfaces/include/hangman_interfaces/hangman_interfaces/msg/detail/dds_fastrtps
[0.347s] -- Up-to-date: /home/user/ros2_ws/src/install/hangman_interfaces/include/hangman_interfaces/hangman_interfaces/msg/detail/progress__rosidl_typesupport_fastrtps_cpp.hpp
[0.347s] -- Up-to-date: /home/user/ros2_ws/src/install/hangman_interfaces/include/hangman_interfaces/hangman_interfaces/msg/rosidl_typesupport_fastrtps_cpp__visibility_control.h
[0.347s] -- Up-to-date: /home/user/ros2_ws/src/install/hangman_interfaces/include/hangman_interfaces/hangman_interfaces/action
[0.347s] -- Up-to-date: /home/user/ros2_ws/src/install/hangman_interfaces/include/hangman_interfaces/hangman_interfaces/action/detail
[0.347s] -- Up-to-date: /home/user/ros2_ws/src/install/hangman_interfaces/include/hangman_interfaces/hangman_interfaces/action/detail/dds_fastrtps
[0.347s] -- Up-to-date: /home/user/ros2_ws/src/install/hangman_interfaces/include/hangman_interfaces/hangman_interfaces/action/detail/game_progress__rosidl_typesupport_fastrtps_cpp.hpp
[0.347s] -- Up-to-date: /home/user/ros2_ws/src/install/hangman_interfaces/lib/libhangman_interfaces__rosidl_typesupport_fastrtps_cpp.so
[0.347s] -- Up-to-date: /home/user/ros2_ws/src/install/hangman_interfaces/include/hangman_interfaces/hangman_interfaces
[0.347s] -- Up-to-date: /home/user/ros2_ws/src/install/hangman_interfaces/include/hangman_interfaces/hangman_interfaces/srv
[0.347s] -- Up-to-date: /home/user/ros2_ws/src/install/hangman_interfaces/include/hangman_interfaces/hangman_interfaces/srv/detail
[0.347s] -- Up-to-date: /home/user/ros2_ws/src/install/hangman_interfaces/include/hangman_interfaces/hangman_interfaces/srv/detail/check_letter__type_support.c
[0.347s] -- Up-to-date: /home/user/ros2_ws/src/install/hangman_interfaces/include/hangman_interfaces/hangman_interfaces/srv/detail/check_letter__rosidl_typesupport_introspection_c.h
[0.347s] -- Up-to-date: /home/user/ros2_ws/src/install/hangman_interfaces/include/hangman_interfaces/hangman_interfaces/msg
[0.347s] -- Up-to-date: /home/user/ros2_ws/src/install/hangman_interfaces/include/hangman_interfaces/hangman_interfaces/msg/rosidl_typesupport_introspection_c__visibility_control.h
[0.347s] -- Up-to-date: /home/user/ros2_ws/src/install/hangman_interfaces/include/hangman_interfaces/hangman_interfaces/msg/detail
[0.347s] -- Up-to-date: /home/user/ros2_ws/src/install/hangman_interfaces/include/hangman_interfaces/hangman_interfaces/msg/detail/progress__type_support.c
[0.347s] -- Up-to-date: /home/user/ros2_ws/src/install/hangman_interfaces/include/hangman_interfaces/hangman_interfaces/msg/detail/progress__rosidl_typesupport_introspection_c.h
[0.347s] -- Up-to-date: /home/user/ros2_ws/src/install/hangman_interfaces/include/hangman_interfaces/hangman_interfaces/action
[0.347s] -- Up-to-date: /home/user/ros2_ws/src/install/hangman_interfaces/include/hangman_interfaces/hangman_interfaces/action/detail
[0.347s] -- Up-to-date: /home/user/ros2_ws/src/install/hangman_interfaces/include/hangman_interfaces/hangman_interfaces/action/detail/game_progress__rosidl_typesupport_introspection_c.h
[0.347s] -- Up-to-date: /home/user/ros2_ws/src/install/hangman_interfaces/include/hangman_interfaces/hangman_interfaces/action/detail/game_progress__type_support.c
[0.347s] -- Up-to-date: /home/user/ros2_ws/src/install/hangman_interfaces/lib/libhangman_interfaces__rosidl_typesupport_introspection_c.so
[0.347s] -- Up-to-date: /home/user/ros2_ws/src/install/hangman_interfaces/lib/libhangman_interfaces__rosidl_typesupport_c.so
[0.347s] -- Up-to-date: /home/user/ros2_ws/src/install/hangman_interfaces/include/hangman_interfaces/hangman_interfaces
[0.347s] -- Up-to-date: /home/user/ros2_ws/src/install/hangman_interfaces/include/hangman_interfaces/hangman_interfaces/srv
[0.347s] -- Up-to-date: /home/user/ros2_ws/src/install/hangman_interfaces/include/hangman_interfaces/hangman_interfaces/srv/detail
[0.347s] -- Up-to-date: /home/user/ros2_ws/src/install/hangman_interfaces/include/hangman_interfaces/hangman_interfaces/srv/detail/check_letter__type_support.cpp
[0.347s] -- Up-to-date: /home/user/ros2_ws/src/install/hangman_interfaces/include/hangman_interfaces/hangman_interfaces/srv/detail/check_letter__rosidl_typesupport_introspection_cpp.hpp
[0.347s] -- Up-to-date: /home/user/ros2_ws/src/install/hangman_interfaces/include/hangman_interfaces/hangman_interfaces/msg
[0.347s] -- Up-to-date: /home/user/ros2_ws/src/install/hangman_interfaces/include/hangman_interfaces/hangman_interfaces/msg/detail
[0.347s] -- Up-to-date: /home/user/ros2_ws/src/install/hangman_interfaces/include/hangman_interfaces/hangman_interfaces/msg/detail/progress__rosidl_typesupport_introspection_cpp.hpp
[0.347s] -- Up-to-date: /home/user/ros2_ws/src/install/hangman_interfaces/include/hangman_interfaces/hangman_interfaces/msg/detail/progress__type_support.cpp
[0.347s] -- Up-to-date: /home/user/ros2_ws/src/install/hangman_interfaces/include/hangman_interfaces/hangman_interfaces/action
[0.347s] -- Up-to-date: /home/user/ros2_ws/src/install/hangman_interfaces/include/hangman_interfaces/hangman_interfaces/action/detail
[0.347s] -- Up-to-date: /home/user/ros2_ws/src/install/hangman_interfaces/include/hangman_interfaces/hangman_interfaces/action/detail/game_progress__type_support.cpp
[0.347s] -- Up-to-date: /home/user/ros2_ws/src/install/hangman_interfaces/include/hangman_interfaces/hangman_interfaces/action/detail/game_progress__rosidl_typesupport_introspection_cpp.hpp
[0.347s] -- Up-to-date: /home/user/ros2_ws/src/install/hangman_interfaces/lib/libhangman_interfaces__rosidl_typesupport_introspection_cpp.so
[0.347s] -- Up-to-date: /home/user/ros2_ws/src/install/hangman_interfaces/lib/libhangman_interfaces__rosidl_typesupport_cpp.so
[0.348s] -- Up-to-date: /home/user/ros2_ws/src/install/hangman_interfaces/share/hangman_interfaces/environment/pythonpath.sh
[0.348s] -- Up-to-date: /home/user/ros2_ws/src/install/hangman_interfaces/share/hangman_interfaces/environment/pythonpath.dsv
[0.348s] -- Up-to-date: /home/user/ros2_ws/src/install/hangman_interfaces/local/lib/python3.10/dist-packages/hangman_interfaces-0.0.0-py3.10.egg-info
[0.348s] -- Installing: /home/user/ros2_ws/src/install/hangman_interfaces/local/lib/python3.10/dist-packages/hangman_interfaces-0.0.0-py3.10.egg-info/SOURCES.txt
[0.348s] -- Installing: /home/user/ros2_ws/src/install/hangman_interfaces/local/lib/python3.10/dist-packages/hangman_interfaces-0.0.0-py3.10.egg-info/dependency_links.txt
[0.348s] -- Installing: /home/user/ros2_ws/src/install/hangman_interfaces/local/lib/python3.10/dist-packages/hangman_interfaces-0.0.0-py3.10.egg-info/top_level.txt
[0.348s] -- Installing: /home/user/ros2_ws/src/install/hangman_interfaces/local/lib/python3.10/dist-packages/hangman_interfaces-0.0.0-py3.10.egg-info/PKG-INFO
[0.348s] -- Up-to-date: /home/user/ros2_ws/src/install/hangman_interfaces/local/lib/python3.10/dist-packages/hangman_interfaces
[0.348s] -- Up-to-date: /home/user/ros2_ws/src/install/hangman_interfaces/local/lib/python3.10/dist-packages/hangman_interfaces/srv
[0.348s] -- Up-to-date: /home/user/ros2_ws/src/install/hangman_interfaces/local/lib/python3.10/dist-packages/hangman_interfaces/srv/_check_letter_s.c
[0.348s] -- Up-to-date: /home/user/ros2_ws/src/install/hangman_interfaces/local/lib/python3.10/dist-packages/hangman_interfaces/srv/__init__.py
[0.348s] -- Up-to-date: /home/user/ros2_ws/src/install/hangman_interfaces/local/lib/python3.10/dist-packages/hangman_interfaces/srv/_check_letter.py
[0.348s] -- Up-to-date: /home/user/ros2_ws/src/install/hangman_interfaces/local/lib/python3.10/dist-packages/hangman_interfaces/_hangman_interfaces_s.ep.rosidl_typesupport_introspection_c.c
[0.348s] -- Up-to-date: /home/user/ros2_ws/src/install/hangman_interfaces/local/lib/python3.10/dist-packages/hangman_interfaces/_hangman_interfaces_s.ep.rosidl_typesupport_c.c
[0.348s] -- Up-to-date: /home/user/ros2_ws/src/install/hangman_interfaces/local/lib/python3.10/dist-packages/hangman_interfaces/msg
[0.348s] -- Up-to-date: /home/user/ros2_ws/src/install/hangman_interfaces/local/lib/python3.10/dist-packages/hangman_interfaces/msg/_progress.py
[0.348s] -- Up-to-date: /home/user/ros2_ws/src/install/hangman_interfaces/local/lib/python3.10/dist-packages/hangman_interfaces/msg/_progress_s.c
[0.348s] -- Up-to-date: /home/user/ros2_ws/src/install/hangman_interfaces/local/lib/python3.10/dist-packages/hangman_interfaces/msg/__init__.py
[0.348s] -- Up-to-date: /home/user/ros2_ws/src/install/hangman_interfaces/local/lib/python3.10/dist-packages/hangman_interfaces/action
[0.348s] -- Up-to-date: /home/user/ros2_ws/src/install/hangman_interfaces/local/lib/python3.10/dist-packages/hangman_interfaces/action/_game_progress_s.c
[0.348s] -- Up-to-date: /home/user/ros2_ws/src/install/hangman_interfaces/local/lib/python3.10/dist-packages/hangman_interfaces/action/_game_progress.py
[0.348s] -- Up-to-date: /home/user/ros2_ws/src/install/hangman_interfaces/local/lib/python3.10/dist-packages/hangman_interfaces/action/__init__.py
[0.348s] -- Up-to-date: /home/user/ros2_ws/src/install/hangman_interfaces/local/lib/python3.10/dist-packages/hangman_interfaces/hangman_interfaces_s__rosidl_typesupport_introspection_c.cpython-310-x86_64-linux-gnu.so
[0.348s] -- Up-to-date: /home/user/ros2_ws/src/install/hangman_interfaces/local/lib/python3.10/dist-packages/hangman_interfaces/_hangman_interfaces_s.ep.rosidl_typesupport_fastrtps_c.c
[0.348s] -- Up-to-date: /home/user/ros2_ws/src/install/hangman_interfaces/local/lib/python3.10/dist-packages/hangman_interfaces/hangman_interfaces_s__rosidl_typesupport_fastrtps_c.cpython-310-x86_64-linux-gnu.so
[0.348s] -- Up-to-date: /home/user/ros2_ws/src/install/hangman_interfaces/local/lib/python3.10/dist-packages/hangman_interfaces/hangman_interfaces_s__rosidl_typesupport_c.cpython-310-x86_64-linux-gnu.so
[0.348s] -- Up-to-date: /home/user/ros2_ws/src/install/hangman_interfaces/local/lib/python3.10/dist-packages/hangman_interfaces/__init__.py
[0.348s] -- Up-to-date: /home/user/ros2_ws/src/install/hangman_interfaces/local/lib/python3.10/dist-packages/hangman_interfaces/libhangman_interfaces__rosidl_generator_py.so
[0.372s] Listing '/home/user/ros2_ws/src/install/hangman_interfaces/local/lib/python3.10/dist-packages/hangman_interfaces'...
[0.372s] Listing '/home/user/ros2_ws/src/install/hangman_interfaces/local/lib/python3.10/dist-packages/hangman_interfaces/action'...
[0.372s] Listing '/home/user/ros2_ws/src/install/hangman_interfaces/local/lib/python3.10/dist-packages/hangman_interfaces/msg'...
[0.372s] Listing '/home/user/ros2_ws/src/install/hangman_interfaces/local/lib/python3.10/dist-packages/hangman_interfaces/srv'...
[0.374s] -- Up-to-date: /home/user/ros2_ws/src/install/hangman_interfaces/local/lib/python3.10/dist-packages/hangman_interfaces/hangman_interfaces_s__rosidl_typesupport_fastrtps_c.cpython-310-x86_64-linux-gnu.so
[0.374s] -- Up-to-date: /home/user/ros2_ws/src/install/hangman_interfaces/local/lib/python3.10/dist-packages/hangman_interfaces/hangman_interfaces_s__rosidl_typesupport_introspection_c.cpython-310-x86_64-linux-gnu.so
[0.374s] -- Up-to-date: /home/user/ros2_ws/src/install/hangman_interfaces/local/lib/python3.10/dist-packages/hangman_interfaces/hangman_interfaces_s__rosidl_typesupport_c.cpython-310-x86_64-linux-gnu.so
[0.374s] -- Up-to-date: /home/user/ros2_ws/src/install/hangman_interfaces/lib/libhangman_interfaces__rosidl_generator_py.so
[0.375s] -- Up-to-date: /home/user/ros2_ws/src/install/hangman_interfaces/share/hangman_interfaces/msg/Progress.idl
[0.375s] -- Up-to-date: /home/user/ros2_ws/src/install/hangman_interfaces/share/hangman_interfaces/srv/CheckLetter.idl
[0.375s] -- Up-to-date: /home/user/ros2_ws/src/install/hangman_interfaces/share/hangman_interfaces/action/GameProgress.idl
[0.375s] -- Up-to-date: /home/user/ros2_ws/src/install/hangman_interfaces/share/hangman_interfaces/msg/Progress.msg
[0.375s] -- Up-to-date: /home/user/ros2_ws/src/install/hangman_interfaces/share/hangman_interfaces/srv/CheckLetter.srv
[0.375s] -- Up-to-date: /home/user/ros2_ws/src/install/hangman_interfaces/share/hangman_interfaces/srv/CheckLetter_Request.msg
[0.375s] -- Up-to-date: /home/user/ros2_ws/src/install/hangman_interfaces/share/hangman_interfaces/srv/CheckLetter_Response.msg
[0.375s] -- Up-to-date: /home/user/ros2_ws/src/install/hangman_interfaces/share/hangman_interfaces/action/GameProgress.action
[0.375s] -- Up-to-date: /home/user/ros2_ws/src/install/hangman_interfaces/share/ament_index/resource_index/package_run_dependencies/hangman_interfaces
[0.375s] -- Up-to-date: /home/user/ros2_ws/src/install/hangman_interfaces/share/ament_index/resource_index/parent_prefix_path/hangman_interfaces
[0.375s] -- Up-to-date: /home/user/ros2_ws/src/install/hangman_interfaces/share/hangman_interfaces/environment/ament_prefix_path.sh
[0.375s] -- Up-to-date: /home/user/ros2_ws/src/install/hangman_interfaces/share/hangman_interfaces/environment/ament_prefix_path.dsv
[0.375s] -- Up-to-date: /home/user/ros2_ws/src/install/hangman_interfaces/share/hangman_interfaces/environment/path.sh
[0.375s] -- Up-to-date: /home/user/ros2_ws/src/install/hangman_interfaces/share/hangman_interfaces/environment/path.dsv
[0.375s] -- Up-to-date: /home/user/ros2_ws/src/install/hangman_interfaces/share/hangman_interfaces/local_setup.bash
[0.375s] -- Up-to-date: /home/user/ros2_ws/src/install/hangman_interfaces/share/hangman_interfaces/local_setup.sh
[0.375s] -- Up-to-date: /home/user/ros2_ws/src/install/hangman_interfaces/share/hangman_interfaces/local_setup.zsh
[0.375s] -- Up-to-date: /home/user/ros2_ws/src/install/hangman_interfaces/share/hangman_interfaces/local_setup.dsv
[0.375s] -- Installing: /home/user/ros2_ws/src/install/hangman_interfaces/share/hangman_interfaces/package.dsv
[0.375s] -- Up-to-date: /home/user/ros2_ws/src/install/hangman_interfaces/share/ament_index/resource_index/packages/hangman_interfaces
[0.375s] -- Up-to-date: /home/user/ros2_ws/src/install/hangman_interfaces/share/hangman_interfaces/cmake/export_hangman_interfaces__rosidl_generator_cExport.cmake
[0.375s] -- Up-to-date: /home/user/ros2_ws/src/install/hangman_interfaces/share/hangman_interfaces/cmake/export_hangman_interfaces__rosidl_generator_cExport-noconfig.cmake
[0.375s] -- Up-to-date: /home/user/ros2_ws/src/install/hangman_interfaces/share/hangman_interfaces/cmake/export_hangman_interfaces__rosidl_typesupport_fastrtps_cExport.cmake
[0.375s] -- Up-to-date: /home/user/ros2_ws/src/install/hangman_interfaces/share/hangman_interfaces/cmake/export_hangman_interfaces__rosidl_typesupport_fastrtps_cExport-noconfig.cmake
[0.375s] -- Up-to-date: /home/user/ros2_ws/src/install/hangman_interfaces/share/hangman_interfaces/cmake/export_hangman_interfaces__rosidl_generator_cppExport.cmake
[0.375s] -- Up-to-date: /home/user/ros2_ws/src/install/hangman_interfaces/share/hangman_interfaces/cmake/export_hangman_interfaces__rosidl_typesupport_fastrtps_cppExport.cmake
[0.375s] -- Up-to-date: /home/user/ros2_ws/src/install/hangman_interfaces/share/hangman_interfaces/cmake/export_hangman_interfaces__rosidl_typesupport_fastrtps_cppExport-noconfig.cmake
[0.375s] -- Up-to-date: /home/user/ros2_ws/src/install/hangman_interfaces/share/hangman_interfaces/cmake/hangman_interfaces__rosidl_typesupport_introspection_cExport.cmake
[0.375s] -- Up-to-date: /home/user/ros2_ws/src/install/hangman_interfaces/share/hangman_interfaces/cmake/hangman_interfaces__rosidl_typesupport_introspection_cExport-noconfig.cmake
[0.375s] -- Up-to-date: /home/user/ros2_ws/src/install/hangman_interfaces/share/hangman_interfaces/cmake/hangman_interfaces__rosidl_typesupport_cExport.cmake
[0.375s] -- Up-to-date: /home/user/ros2_ws/src/install/hangman_interfaces/share/hangman_interfaces/cmake/hangman_interfaces__rosidl_typesupport_cExport-noconfig.cmake
[0.375s] -- Up-to-date: /home/user/ros2_ws/src/install/hangman_interfaces/share/hangman_interfaces/cmake/hangman_interfaces__rosidl_typesupport_introspection_cppExport.cmake
[0.375s] -- Up-to-date: /home/user/ros2_ws/src/install/hangman_interfaces/share/hangman_interfaces/cmake/hangman_interfaces__rosidl_typesupport_introspection_cppExport-noconfig.cmake
[0.375s] -- Up-to-date: /home/user/ros2_ws/src/install/hangman_interfaces/share/hangman_interfaces/cmake/hangman_interfaces__rosidl_typesupport_cppExport.cmake
[0.375s] -- Up-to-date: /home/user/ros2_ws/src/install/hangman_interfaces/share/hangman_interfaces/cmake/hangman_interfaces__rosidl_typesupport_cppExport-noconfig.cmake
[0.376s] -- Up-to-date: /home/user/ros2_ws/src/install/hangman_interfaces/share/hangman_interfaces/cmake/export_hangman_interfaces__rosidl_generator_pyExport.cmake
[0.376s] -- Up-to-date: /home/user/ros2_ws/src/install/hangman_interfaces/share/hangman_interfaces/cmake/export_hangman_interfaces__rosidl_generator_pyExport-noconfig.cmake
[0.376s] -- Up-to-date: /home/user/ros2_ws/src/install/hangman_interfaces/share/hangman_interfaces/cmake/ament_cmake_export_dependencies-extras.cmake
[0.376s] -- Up-to-date: /home/user/ros2_ws/src/install/hangman_interfaces/share/hangman_interfaces/cmake/rosidl_cmake-extras.cmake
[0.376s] -- Up-to-date: /home/user/ros2_ws/src/install/hangman_interfaces/share/hangman_interfaces/cmake/ament_cmake_export_include_directories-extras.cmake
[0.376s] -- Up-to-date: /home/user/ros2_ws/src/install/hangman_interfaces/share/hangman_interfaces/cmake/ament_cmake_export_libraries-extras.cmake
[0.376s] -- Up-to-date: /home/user/ros2_ws/src/install/hangman_interfaces/share/hangman_interfaces/cmake/ament_cmake_export_targets-extras.cmake
[0.376s] -- Up-to-date: /home/user/ros2_ws/src/install/hangman_interfaces/share/hangman_interfaces/cmake/rosidl_cmake_export_typesupport_targets-extras.cmake
[0.376s] -- Up-to-date: /home/user/ros2_ws/src/install/hangman_interfaces/share/hangman_interfaces/cmake/rosidl_cmake_export_typesupport_libraries-extras.cmake
[0.376s] -- Up-to-date: /home/user/ros2_ws/src/install/hangman_interfaces/share/hangman_interfaces/cmake/hangman_interfacesConfig.cmake
[0.376s] -- Up-to-date: /home/user/ros2_ws/src/install/hangman_interfaces/share/hangman_interfaces/cmake/hangman_interfacesConfig-version.cmake
[0.376s] -- Up-to-date: /home/user/ros2_ws/src/install/hangman_interfaces/share/hangman_interfaces/package.xml
[0.377s] Invoked command in '/home/user/ros2_ws/src/build/hangman_interfaces' returned '0': CMAKE_PREFIX_PATH=${CMAKE_PREFIX_PATH}:/home/user/ros2_ws/src/install/hangman_game:/home/user/ros2_ws/install/hangman_game:/home/user/robot_ws/install/topic_service_action_rclpy_example:/home/user/robot_ws/install/time_rclpy_example:/home/user/robot_ws/install/tf2_rclpy_example:/home/user/robot_ws/install/ros2env:/home/user/robot_ws/install/my_first_ros_rclpy_pkg:/home/user/robot_ws/install/logging_rclpy_example:/home/user/robot_ws/install/hang_man:/home/user/turtlebot3_ws/install/turtlebot3_teleop:/home/user/turtlebot3_ws/install/turtlebot3_example:/opt/ros/humble /usr/bin/cmake --install /home/user/ros2_ws/src/build/hangman_interfaces
