[0.008s] Invoking command in '/home/user/ros2_ws/src/build/hangman_interfaces': CMAKE_PREFIX_PATH=${CMAKE_PREFIX_PATH}:/home/user/ros2_ws/src/install/hangman_game:/home/user/ros2_ws/install/hangman_game:/home/user/robot_ws/install/topic_service_action_rclpy_example:/home/user/robot_ws/install/time_rclpy_example:/home/user/robot_ws/install/tf2_rclpy_example:/home/user/robot_ws/install/ros2env:/home/user/robot_ws/install/my_first_ros_rclpy_pkg:/home/user/robot_ws/install/logging_rclpy_example:/home/user/robot_ws/install/hang_man:/home/user/turtlebot3_ws/install/turtlebot3_teleop:/home/user/turtlebot3_ws/install/turtlebot3_example:/opt/ros/humble /usr/bin/cmake /home/user/ros2_ws/src/hangman_interfaces -DCMAKE_INSTALL_PREFIX=/home/user/ros2_ws/src/install/hangman_interfaces
[0.047s] -- The C compiler identification is GNU 11.4.0
[0.085s] -- The CXX compiler identification is GNU 11.4.0
[0.090s] -- Detecting C compiler ABI info
[0.142s] -- Detecting C compiler ABI info - done
[0.145s] -- Check for working C compiler: /usr/bin/cc - skipped
[0.146s] -- Detecting C compile features
[0.146s] -- Detecting C compile features - done
[0.148s] -- Detecting CXX compiler ABI info
[0.207s] -- Detecting CXX compiler ABI info - done
[0.215s] -- Check for working CXX compiler: /usr/bin/c++ - skipped
[0.215s] -- Detecting CXX compile features
[0.215s] -- Detecting CXX compile features - done
[0.220s] -- Found ament_cmake: 1.3.10 (/opt/ros/humble/share/ament_cmake/cmake)
[0.332s] -- Found Python3: /usr/bin/python3 (found version "3.10.12") found components: Interpreter 
[0.402s] -- Found builtin_interfaces: 1.2.1 (/opt/ros/humble/share/builtin_interfaces/cmake)
[0.427s] -- Found rosidl_generator_c: 3.1.5 (/opt/ros/humble/share/rosidl_generator_c/cmake)
[0.432s] -- Found rosidl_adapter: 3.1.5 (/opt/ros/humble/share/rosidl_adapter/cmake)
[0.439s] -- Found rosidl_generator_cpp: 3.1.5 (/opt/ros/humble/share/rosidl_generator_cpp/cmake)
[0.447s] -- Using all available rosidl_typesupport_c: rosidl_typesupport_fastrtps_c;rosidl_typesupport_introspection_c
[0.459s] -- Using all available rosidl_typesupport_cpp: rosidl_typesupport_fastrtps_cpp;rosidl_typesupport_introspection_cpp
[0.470s] -- Found rosidl_default_generators: 1.2.0 (/opt/ros/humble/share/rosidl_default_generators/cmake)
[0.674s] -- Found ament_cmake_ros: 0.10.0 (/opt/ros/humble/share/ament_cmake_ros/cmake)
[0.898s] -- Using all available rosidl_typesupport_c: rosidl_typesupport_fastrtps_c;rosidl_typesupport_introspection_c
[0.996s] -- Using all available rosidl_typesupport_cpp: rosidl_typesupport_fastrtps_cpp;rosidl_typesupport_introspection_cpp
[1.011s] -- Found PythonInterp: /usr/bin/python3 (found suitable version "3.10.12", minimum required is "3.6") 
[1.013s] -- Found python_cmake_module: 0.10.0 (/opt/ros/humble/share/python_cmake_module/cmake)
[1.031s] -- Found PythonLibs: /usr/lib/x86_64-linux-gnu/libpython3.10.so (found suitable version "3.10.12", minimum required is "3.5") 
[1.031s] -- Using PYTHON_EXECUTABLE: /usr/bin/python3
[1.031s] -- Using PYTHON_INCLUDE_DIRS: /usr/include/python3.10
[1.031s] -- Using PYTHON_LIBRARIES: /usr/lib/x86_64-linux-gnu/libpython3.10.so
[1.047s] -- Found PythonExtra: .so  
[1.082s] -- Found ament_lint_auto: 0.12.11 (/opt/ros/humble/share/ament_lint_auto/cmake)
[1.098s] -- Added test 'lint_cmake' to check CMake code style
[1.098s] -- Added test 'xmllint' to check XML markup files
[1.100s] -- Configuring done
[1.117s] -- Generating done
[1.118s] -- Build files have been written to: /home/user/ros2_ws/src/build/hangman_interfaces
[1.123s] Invoked command in '/home/user/ros2_ws/src/build/hangman_interfaces' returned '0': CMAKE_PREFIX_PATH=${CMAKE_PREFIX_PATH}:/home/user/ros2_ws/src/install/hangman_game:/home/user/ros2_ws/install/hangman_game:/home/user/robot_ws/install/topic_service_action_rclpy_example:/home/user/robot_ws/install/time_rclpy_example:/home/user/robot_ws/install/tf2_rclpy_example:/home/user/robot_ws/install/ros2env:/home/user/robot_ws/install/my_first_ros_rclpy_pkg:/home/user/robot_ws/install/logging_rclpy_example:/home/user/robot_ws/install/hang_man:/home/user/turtlebot3_ws/install/turtlebot3_teleop:/home/user/turtlebot3_ws/install/turtlebot3_example:/opt/ros/humble /usr/bin/cmake /home/user/ros2_ws/src/hangman_interfaces -DCMAKE_INSTALL_PREFIX=/home/user/ros2_ws/src/install/hangman_interfaces
[1.123s] Invoking command in '/home/user/ros2_ws/src/build/hangman_interfaces': CMAKE_PREFIX_PATH=${CMAKE_PREFIX_PATH}:/home/user/ros2_ws/src/install/hangman_game:/home/user/ros2_ws/install/hangman_game:/home/user/robot_ws/install/topic_service_action_rclpy_example:/home/user/robot_ws/install/time_rclpy_example:/home/user/robot_ws/install/tf2_rclpy_example:/home/user/robot_ws/install/ros2env:/home/user/robot_ws/install/my_first_ros_rclpy_pkg:/home/user/robot_ws/install/logging_rclpy_example:/home/user/robot_ws/install/hang_man:/home/user/turtlebot3_ws/install/turtlebot3_teleop:/home/user/turtlebot3_ws/install/turtlebot3_example:/opt/ros/humble /usr/bin/cmake --build /home/user/ros2_ws/src/build/hangman_interfaces -- -j20 -l20
[1.156s] [  2%] [34m[1mGenerating C code for ROS interfaces[0m
[1.164s] [  4%] [34m[1mGenerating C++ code for ROS interfaces[0m
[1.168s] [  4%] Built target ament_cmake_python_copy_hangman_interfaces
[1.312s] running egg_info
[1.312s] creating hangman_interfaces.egg-info
[1.312s] writing hangman_interfaces.egg-info/PKG-INFO
[1.312s] writing dependency_links to hangman_interfaces.egg-info/dependency_links.txt
[1.312s] writing top-level names to hangman_interfaces.egg-info/top_level.txt
[1.312s] writing manifest file 'hangman_interfaces.egg-info/SOURCES.txt'
[1.313s] reading manifest file 'hangman_interfaces.egg-info/SOURCES.txt'
[1.313s] writing manifest file 'hangman_interfaces.egg-info/SOURCES.txt'
[1.331s] [  4%] Built target ament_cmake_python_build_hangman_interfaces_egg
[1.461s] [  4%] Built target hangman_interfaces__cpp
[1.468s] [  6%] [34m[1mGenerating C++ type support dispatch for ROS interfaces[0m
[1.469s] [  8%] [34m[1mGenerating C++ type support for eProsima Fast-RTPS[0m
[1.470s] [ 10%] [34m[1mGenerating C++ introspection for ROS interfaces[0m
[1.474s] [ 17%] [32mBuilding C object CMakeFiles/hangman_interfaces__rosidl_generator_c.dir/rosidl_generator_c/hangman_interfaces/msg/detail/progress__functions.c.o[0m
[1.474s] [ 17%] [32mBuilding C object CMakeFiles/hangman_interfaces__rosidl_generator_c.dir/rosidl_generator_c/hangman_interfaces/action/detail/game_progress__functions.c.o[0m
[1.474s] [ 17%] [32mBuilding C object CMakeFiles/hangman_interfaces__rosidl_generator_c.dir/rosidl_generator_c/hangman_interfaces/srv/detail/check_letter__functions.c.o[0m
[1.553s] [ 19%] [32m[1mLinking C shared library libhangman_interfaces__rosidl_generator_c.so[0m
[1.582s] [ 19%] Built target hangman_interfaces__rosidl_generator_c
[1.590s] [ 21%] [34m[1mGenerating C introspection for ROS interfaces[0m
[1.591s] [ 25%] [34m[1mGenerating C type support dispatch for ROS interfaces[0m
[1.591s] [ 25%] [34m[1mGenerating C type support for eProsima Fast-RTPS[0m
[1.689s] [ 27%] [32mBuilding CXX object CMakeFiles/hangman_interfaces__rosidl_typesupport_cpp.dir/rosidl_typesupport_cpp/hangman_interfaces/action/game_progress__type_support.cpp.o[0m
[1.691s] [ 29%] [32mBuilding CXX object CMakeFiles/hangman_interfaces__rosidl_typesupport_cpp.dir/rosidl_typesupport_cpp/hangman_interfaces/srv/check_letter__type_support.cpp.o[0m
[1.691s] [ 31%] [32mBuilding CXX object CMakeFiles/hangman_interfaces__rosidl_typesupport_cpp.dir/rosidl_typesupport_cpp/hangman_interfaces/msg/progress__type_support.cpp.o[0m
[1.760s] [ 34%] [32mBuilding CXX object CMakeFiles/hangman_interfaces__rosidl_typesupport_introspection_cpp.dir/rosidl_typesupport_introspection_cpp/hangman_interfaces/srv/detail/check_letter__type_support.cpp.o[0m
[1.761s] [ 38%] [32mBuilding CXX object CMakeFiles/hangman_interfaces__rosidl_typesupport_introspection_cpp.dir/rosidl_typesupport_introspection_cpp/hangman_interfaces/action/detail/game_progress__type_support.cpp.o[0m
[1.761s] [ 38%] [32mBuilding CXX object CMakeFiles/hangman_interfaces__rosidl_typesupport_introspection_cpp.dir/rosidl_typesupport_introspection_cpp/hangman_interfaces/msg/detail/progress__type_support.cpp.o[0m
[1.770s] [ 40%] [32mBuilding CXX object CMakeFiles/hangman_interfaces__rosidl_typesupport_fastrtps_cpp.dir/rosidl_typesupport_fastrtps_cpp/hangman_interfaces/srv/detail/dds_fastrtps/check_letter__type_support.cpp.o[0m
[1.772s] [ 44%] [32mBuilding CXX object CMakeFiles/hangman_interfaces__rosidl_typesupport_fastrtps_cpp.dir/rosidl_typesupport_fastrtps_cpp/hangman_interfaces/action/detail/dds_fastrtps/game_progress__type_support.cpp.o[0m
[1.773s] [ 44%] [32mBuilding CXX object CMakeFiles/hangman_interfaces__rosidl_typesupport_fastrtps_cpp.dir/rosidl_typesupport_fastrtps_cpp/hangman_interfaces/msg/detail/dds_fastrtps/progress__type_support.cpp.o[0m
[1.837s] [ 46%] [32mBuilding CXX object CMakeFiles/hangman_interfaces__rosidl_typesupport_c.dir/rosidl_typesupport_c/hangman_interfaces/srv/check_letter__type_support.cpp.o[0m
[1.838s] [ 48%] [32mBuilding CXX object CMakeFiles/hangman_interfaces__rosidl_typesupport_c.dir/rosidl_typesupport_c/hangman_interfaces/msg/progress__type_support.cpp.o[0m
[1.840s] [ 51%] [32mBuilding CXX object CMakeFiles/hangman_interfaces__rosidl_typesupport_c.dir/rosidl_typesupport_c/hangman_interfaces/action/game_progress__type_support.cpp.o[0m
[1.872s] [ 53%] [32m[1mLinking CXX shared library libhangman_interfaces__rosidl_typesupport_c.so[0m
[1.879s] [ 55%] [32mBuilding C object CMakeFiles/hangman_interfaces__rosidl_typesupport_introspection_c.dir/rosidl_typesupport_introspection_c/hangman_interfaces/srv/detail/check_letter__type_support.c.o[0m
[1.879s] [ 57%] [32mBuilding C object CMakeFiles/hangman_interfaces__rosidl_typesupport_introspection_c.dir/rosidl_typesupport_introspection_c/hangman_interfaces/action/detail/game_progress__type_support.c.o[0m
[1.882s] [ 59%] [32mBuilding C object CMakeFiles/hangman_interfaces__rosidl_typesupport_introspection_c.dir/rosidl_typesupport_introspection_c/hangman_interfaces/msg/detail/progress__type_support.c.o[0m
[1.909s] [ 59%] Built target hangman_interfaces__rosidl_typesupport_c
[1.912s] [ 61%] [32m[1mLinking C shared library libhangman_interfaces__rosidl_typesupport_introspection_c.so[0m
[1.940s] [ 61%] Built target hangman_interfaces__rosidl_typesupport_introspection_c
[2.001s] [ 63%] [32m[1mLinking CXX shared library libhangman_interfaces__rosidl_typesupport_cpp.so[0m
[2.034s] [ 63%] Built target hangman_interfaces__rosidl_typesupport_cpp
[2.037s] [ 70%] [32mBuilding CXX object CMakeFiles/hangman_interfaces__rosidl_typesupport_fastrtps_c.dir/rosidl_typesupport_fastrtps_c/hangman_interfaces/action/detail/game_progress__type_support_c.cpp.o[0m
[2.038s] [ 70%] [32mBuilding CXX object CMakeFiles/hangman_interfaces__rosidl_typesupport_fastrtps_c.dir/rosidl_typesupport_fastrtps_c/hangman_interfaces/msg/detail/progress__type_support_c.cpp.o[0m
[2.038s] [ 70%] [32mBuilding CXX object CMakeFiles/hangman_interfaces__rosidl_typesupport_fastrtps_c.dir/rosidl_typesupport_fastrtps_c/hangman_interfaces/srv/detail/check_letter__type_support_c.cpp.o[0m
[2.125s] [ 72%] [32m[1mLinking CXX shared library libhangman_interfaces__rosidl_typesupport_introspection_cpp.so[0m
[2.177s] [ 72%] Built target hangman_interfaces__rosidl_typesupport_introspection_cpp
[2.230s] [ 74%] [32m[1mLinking CXX shared library libhangman_interfaces__rosidl_typesupport_fastrtps_cpp.so[0m
[2.254s] [ 76%] [32m[1mLinking CXX shared library libhangman_interfaces__rosidl_typesupport_fastrtps_c.so[0m
[2.281s] [ 76%] Built target hangman_interfaces__rosidl_typesupport_fastrtps_cpp
[2.301s] [ 76%] Built target hangman_interfaces__rosidl_typesupport_fastrtps_c
[2.315s] [ 76%] Built target hangman_interfaces
[2.334s] [ 78%] [34m[1mGenerating Python code for ROS interfaces[0m
[2.822s] [ 78%] Built target hangman_interfaces__py
[2.836s] [ 80%] [32mBuilding C object CMakeFiles/hangman_interfaces__rosidl_generator_py.dir/rosidl_generator_py/hangman_interfaces/msg/_progress_s.c.o[0m
[2.836s] [ 82%] [32mBuilding C object CMakeFiles/hangman_interfaces__rosidl_generator_py.dir/rosidl_generator_py/hangman_interfaces/srv/_check_letter_s.c.o[0m
[2.837s] [ 85%] [32mBuilding C object CMakeFiles/hangman_interfaces__rosidl_generator_py.dir/rosidl_generator_py/hangman_interfaces/action/_game_progress_s.c.o[0m
[2.918s] [ 87%] [32m[1mLinking C shared library rosidl_generator_py/hangman_interfaces/libhangman_interfaces__rosidl_generator_py.so[0m
[2.951s] [ 87%] Built target hangman_interfaces__rosidl_generator_py
[2.970s] [ 89%] [32mBuilding C object CMakeFiles/hangman_interfaces__rosidl_typesupport_introspection_c__pyext.dir/rosidl_generator_py/hangman_interfaces/_hangman_interfaces_s.ep.rosidl_typesupport_introspection_c.c.o[0m
[2.970s] [ 93%] [32mBuilding C object CMakeFiles/hangman_interfaces__rosidl_typesupport_c__pyext.dir/rosidl_generator_py/hangman_interfaces/_hangman_interfaces_s.ep.rosidl_typesupport_c.c.o[0m
[2.970s] [ 93%] [32mBuilding C object CMakeFiles/hangman_interfaces__rosidl_typesupport_fastrtps_c__pyext.dir/rosidl_generator_py/hangman_interfaces/_hangman_interfaces_s.ep.rosidl_typesupport_fastrtps_c.c.o[0m
[3.044s] [ 95%] [32m[1mLinking C shared library rosidl_generator_py/hangman_interfaces/hangman_interfaces_s__rosidl_typesupport_introspection_c.cpython-310-x86_64-linux-gnu.so[0m
[3.044s] [ 97%] [32m[1mLinking C shared library rosidl_generator_py/hangman_interfaces/hangman_interfaces_s__rosidl_typesupport_c.cpython-310-x86_64-linux-gnu.so[0m
[3.048s] [100%] [32m[1mLinking C shared library rosidl_generator_py/hangman_interfaces/hangman_interfaces_s__rosidl_typesupport_fastrtps_c.cpython-310-x86_64-linux-gnu.so[0m
[3.073s] [100%] Built target hangman_interfaces__rosidl_typesupport_c__pyext
[3.074s] [100%] Built target hangman_interfaces__rosidl_typesupport_introspection_c__pyext
[3.074s] [100%] Built target hangman_interfaces__rosidl_typesupport_fastrtps_c__pyext
[3.083s] Invoked command in '/home/user/ros2_ws/src/build/hangman_interfaces' returned '0': CMAKE_PREFIX_PATH=${CMAKE_PREFIX_PATH}:/home/user/ros2_ws/src/install/hangman_game:/home/user/ros2_ws/install/hangman_game:/home/user/robot_ws/install/topic_service_action_rclpy_example:/home/user/robot_ws/install/time_rclpy_example:/home/user/robot_ws/install/tf2_rclpy_example:/home/user/robot_ws/install/ros2env:/home/user/robot_ws/install/my_first_ros_rclpy_pkg:/home/user/robot_ws/install/logging_rclpy_example:/home/user/robot_ws/install/hang_man:/home/user/turtlebot3_ws/install/turtlebot3_teleop:/home/user/turtlebot3_ws/install/turtlebot3_example:/opt/ros/humble /usr/bin/cmake --build /home/user/ros2_ws/src/build/hangman_interfaces -- -j20 -l20
[3.180s] Invoking command in '/home/user/ros2_ws/src/build/hangman_interfaces': CMAKE_PREFIX_PATH=${CMAKE_PREFIX_PATH}:/home/user/ros2_ws/src/install/hangman_game:/home/user/ros2_ws/install/hangman_game:/home/user/robot_ws/install/topic_service_action_rclpy_example:/home/user/robot_ws/install/time_rclpy_example:/home/user/robot_ws/install/tf2_rclpy_example:/home/user/robot_ws/install/ros2env:/home/user/robot_ws/install/my_first_ros_rclpy_pkg:/home/user/robot_ws/install/logging_rclpy_example:/home/user/robot_ws/install/hang_man:/home/user/turtlebot3_ws/install/turtlebot3_teleop:/home/user/turtlebot3_ws/install/turtlebot3_example:/opt/ros/humble /usr/bin/cmake --install /home/user/ros2_ws/src/build/hangman_interfaces
[3.184s] -- Install configuration: ""
[3.184s] -- Installing: /home/user/ros2_ws/src/install/hangman_interfaces/share/ament_index/resource_index/rosidl_interfaces/hangman_interfaces
[3.184s] -- Installing: /home/user/ros2_ws/src/install/hangman_interfaces/include/hangman_interfaces/hangman_interfaces
[3.184s] -- Installing: /home/user/ros2_ws/src/install/hangman_interfaces/include/hangman_interfaces/hangman_interfaces/srv
[3.184s] -- Installing: /home/user/ros2_ws/src/install/hangman_interfaces/include/hangman_interfaces/hangman_interfaces/srv/check_letter.h
[3.184s] -- Installing: /home/user/ros2_ws/src/install/hangman_interfaces/include/hangman_interfaces/hangman_interfaces/srv/detail
[3.184s] -- Installing: /home/user/ros2_ws/src/install/hangman_interfaces/include/hangman_interfaces/hangman_interfaces/srv/detail/check_letter__functions.c
[3.184s] -- Installing: /home/user/ros2_ws/src/install/hangman_interfaces/include/hangman_interfaces/hangman_interfaces/srv/detail/check_letter__struct.h
[3.184s] -- Installing: /home/user/ros2_ws/src/install/hangman_interfaces/include/hangman_interfaces/hangman_interfaces/srv/detail/check_letter__type_support.h
[3.184s] -- Installing: /home/user/ros2_ws/src/install/hangman_interfaces/include/hangman_interfaces/hangman_interfaces/srv/detail/check_letter__functions.h
[3.184s] -- Installing: /home/user/ros2_ws/src/install/hangman_interfaces/include/hangman_interfaces/hangman_interfaces/msg
[3.184s] -- Installing: /home/user/ros2_ws/src/install/hangman_interfaces/include/hangman_interfaces/hangman_interfaces/msg/rosidl_generator_c__visibility_control.h
[3.185s] -- Installing: /home/user/ros2_ws/src/install/hangman_interfaces/include/hangman_interfaces/hangman_interfaces/msg/detail
[3.185s] -- Installing: /home/user/ros2_ws/src/install/hangman_interfaces/include/hangman_interfaces/hangman_interfaces/msg/detail/progress__struct.h
[3.185s] -- Installing: /home/user/ros2_ws/src/install/hangman_interfaces/include/hangman_interfaces/hangman_interfaces/msg/detail/progress__functions.c
[3.185s] -- Installing: /home/user/ros2_ws/src/install/hangman_interfaces/include/hangman_interfaces/hangman_interfaces/msg/detail/progress__type_support.h
[3.185s] -- Installing: /home/user/ros2_ws/src/install/hangman_interfaces/include/hangman_interfaces/hangman_interfaces/msg/detail/progress__functions.h
[3.185s] -- Installing: /home/user/ros2_ws/src/install/hangman_interfaces/include/hangman_interfaces/hangman_interfaces/msg/progress.h
[3.185s] -- Installing: /home/user/ros2_ws/src/install/hangman_interfaces/include/hangman_interfaces/hangman_interfaces/action
[3.185s] -- Installing: /home/user/ros2_ws/src/install/hangman_interfaces/include/hangman_interfaces/hangman_interfaces/action/game_progress.h
[3.185s] -- Installing: /home/user/ros2_ws/src/install/hangman_interfaces/include/hangman_interfaces/hangman_interfaces/action/detail
[3.185s] -- Installing: /home/user/ros2_ws/src/install/hangman_interfaces/include/hangman_interfaces/hangman_interfaces/action/detail/game_progress__struct.h
[3.185s] -- Installing: /home/user/ros2_ws/src/install/hangman_interfaces/include/hangman_interfaces/hangman_interfaces/action/detail/game_progress__type_support.h
[3.185s] -- Installing: /home/user/ros2_ws/src/install/hangman_interfaces/include/hangman_interfaces/hangman_interfaces/action/detail/game_progress__functions.c
[3.185s] -- Installing: /home/user/ros2_ws/src/install/hangman_interfaces/include/hangman_interfaces/hangman_interfaces/action/detail/game_progress__functions.h
[3.185s] -- Installing: /home/user/ros2_ws/src/install/hangman_interfaces/share/hangman_interfaces/environment/library_path.sh
[3.185s] -- Installing: /home/user/ros2_ws/src/install/hangman_interfaces/share/hangman_interfaces/environment/library_path.dsv
[3.185s] -- Installing: /home/user/ros2_ws/src/install/hangman_interfaces/lib/libhangman_interfaces__rosidl_generator_c.so
[3.185s] -- Set runtime path of "/home/user/ros2_ws/src/install/hangman_interfaces/lib/libhangman_interfaces__rosidl_generator_c.so" to ""
[3.185s] -- Up-to-date: /home/user/ros2_ws/src/install/hangman_interfaces/include/hangman_interfaces/hangman_interfaces
[3.185s] -- Up-to-date: /home/user/ros2_ws/src/install/hangman_interfaces/include/hangman_interfaces/hangman_interfaces/srv
[3.185s] -- Up-to-date: /home/user/ros2_ws/src/install/hangman_interfaces/include/hangman_interfaces/hangman_interfaces/srv/detail
[3.185s] -- Installing: /home/user/ros2_ws/src/install/hangman_interfaces/include/hangman_interfaces/hangman_interfaces/srv/detail/check_letter__rosidl_typesupport_fastrtps_c.h
[3.185s] -- Up-to-date: /home/user/ros2_ws/src/install/hangman_interfaces/include/hangman_interfaces/hangman_interfaces/msg
[3.185s] -- Installing: /home/user/ros2_ws/src/install/hangman_interfaces/include/hangman_interfaces/hangman_interfaces/msg/rosidl_typesupport_fastrtps_c__visibility_control.h
[3.185s] -- Up-to-date: /home/user/ros2_ws/src/install/hangman_interfaces/include/hangman_interfaces/hangman_interfaces/msg/detail
[3.185s] -- Installing: /home/user/ros2_ws/src/install/hangman_interfaces/include/hangman_interfaces/hangman_interfaces/msg/detail/progress__rosidl_typesupport_fastrtps_c.h
[3.185s] -- Up-to-date: /home/user/ros2_ws/src/install/hangman_interfaces/include/hangman_interfaces/hangman_interfaces/action
[3.185s] -- Up-to-date: /home/user/ros2_ws/src/install/hangman_interfaces/include/hangman_interfaces/hangman_interfaces/action/detail
[3.185s] -- Installing: /home/user/ros2_ws/src/install/hangman_interfaces/include/hangman_interfaces/hangman_interfaces/action/detail/game_progress__rosidl_typesupport_fastrtps_c.h
[3.186s] -- Installing: /home/user/ros2_ws/src/install/hangman_interfaces/lib/libhangman_interfaces__rosidl_typesupport_fastrtps_c.so
[3.186s] -- Set runtime path of "/home/user/ros2_ws/src/install/hangman_interfaces/lib/libhangman_interfaces__rosidl_typesupport_fastrtps_c.so" to ""
[3.186s] -- Up-to-date: /home/user/ros2_ws/src/install/hangman_interfaces/include/hangman_interfaces/hangman_interfaces
[3.186s] -- Up-to-date: /home/user/ros2_ws/src/install/hangman_interfaces/include/hangman_interfaces/hangman_interfaces/srv
[3.186s] -- Up-to-date: /home/user/ros2_ws/src/install/hangman_interfaces/include/hangman_interfaces/hangman_interfaces/srv/detail
[3.186s] -- Installing: /home/user/ros2_ws/src/install/hangman_interfaces/include/hangman_interfaces/hangman_interfaces/srv/detail/check_letter__struct.hpp
[3.186s] -- Installing: /home/user/ros2_ws/src/install/hangman_interfaces/include/hangman_interfaces/hangman_interfaces/srv/detail/check_letter__traits.hpp
[3.186s] -- Installing: /home/user/ros2_ws/src/install/hangman_interfaces/include/hangman_interfaces/hangman_interfaces/srv/detail/check_letter__builder.hpp
[3.186s] -- Installing: /home/user/ros2_ws/src/install/hangman_interfaces/include/hangman_interfaces/hangman_interfaces/srv/check_letter.hpp
[3.186s] -- Up-to-date: /home/user/ros2_ws/src/install/hangman_interfaces/include/hangman_interfaces/hangman_interfaces/msg
[3.186s] -- Up-to-date: /home/user/ros2_ws/src/install/hangman_interfaces/include/hangman_interfaces/hangman_interfaces/msg/detail
[3.186s] -- Installing: /home/user/ros2_ws/src/install/hangman_interfaces/include/hangman_interfaces/hangman_interfaces/msg/detail/progress__builder.hpp
[3.186s] -- Installing: /home/user/ros2_ws/src/install/hangman_interfaces/include/hangman_interfaces/hangman_interfaces/msg/detail/progress__struct.hpp
[3.186s] -- Installing: /home/user/ros2_ws/src/install/hangman_interfaces/include/hangman_interfaces/hangman_interfaces/msg/detail/progress__traits.hpp
[3.186s] -- Installing: /home/user/ros2_ws/src/install/hangman_interfaces/include/hangman_interfaces/hangman_interfaces/msg/progress.hpp
[3.186s] -- Up-to-date: /home/user/ros2_ws/src/install/hangman_interfaces/include/hangman_interfaces/hangman_interfaces/action
[3.186s] -- Up-to-date: /home/user/ros2_ws/src/install/hangman_interfaces/include/hangman_interfaces/hangman_interfaces/action/detail
[3.186s] -- Installing: /home/user/ros2_ws/src/install/hangman_interfaces/include/hangman_interfaces/hangman_interfaces/action/detail/game_progress__traits.hpp
[3.186s] -- Installing: /home/user/ros2_ws/src/install/hangman_interfaces/include/hangman_interfaces/hangman_interfaces/action/detail/game_progress__struct.hpp
[3.186s] -- Installing: /home/user/ros2_ws/src/install/hangman_interfaces/include/hangman_interfaces/hangman_interfaces/action/detail/game_progress__builder.hpp
[3.186s] -- Installing: /home/user/ros2_ws/src/install/hangman_interfaces/include/hangman_interfaces/hangman_interfaces/action/game_progress.hpp
[3.186s] -- Up-to-date: /home/user/ros2_ws/src/install/hangman_interfaces/include/hangman_interfaces/hangman_interfaces
[3.186s] -- Up-to-date: /home/user/ros2_ws/src/install/hangman_interfaces/include/hangman_interfaces/hangman_interfaces/srv
[3.186s] -- Up-to-date: /home/user/ros2_ws/src/install/hangman_interfaces/include/hangman_interfaces/hangman_interfaces/srv/detail
[3.186s] -- Installing: /home/user/ros2_ws/src/install/hangman_interfaces/include/hangman_interfaces/hangman_interfaces/srv/detail/dds_fastrtps
[3.186s] -- Installing: /home/user/ros2_ws/src/install/hangman_interfaces/include/hangman_interfaces/hangman_interfaces/srv/detail/check_letter__rosidl_typesupport_fastrtps_cpp.hpp
[3.186s] -- Up-to-date: /home/user/ros2_ws/src/install/hangman_interfaces/include/hangman_interfaces/hangman_interfaces/msg
[3.186s] -- Up-to-date: /home/user/ros2_ws/src/install/hangman_interfaces/include/hangman_interfaces/hangman_interfaces/msg/detail
[3.186s] -- Installing: /home/user/ros2_ws/src/install/hangman_interfaces/include/hangman_interfaces/hangman_interfaces/msg/detail/dds_fastrtps
[3.186s] -- Installing: /home/user/ros2_ws/src/install/hangman_interfaces/include/hangman_interfaces/hangman_interfaces/msg/detail/progress__rosidl_typesupport_fastrtps_cpp.hpp
[3.186s] -- Installing: /home/user/ros2_ws/src/install/hangman_interfaces/include/hangman_interfaces/hangman_interfaces/msg/rosidl_typesupport_fastrtps_cpp__visibility_control.h
[3.187s] -- Up-to-date: /home/user/ros2_ws/src/install/hangman_interfaces/include/hangman_interfaces/hangman_interfaces/action
[3.187s] -- Up-to-date: /home/user/ros2_ws/src/install/hangman_interfaces/include/hangman_interfaces/hangman_interfaces/action/detail
[3.187s] -- Installing: /home/user/ros2_ws/src/install/hangman_interfaces/include/hangman_interfaces/hangman_interfaces/action/detail/dds_fastrtps
[3.187s] -- Installing: /home/user/ros2_ws/src/install/hangman_interfaces/include/hangman_interfaces/hangman_interfaces/action/detail/game_progress__rosidl_typesupport_fastrtps_cpp.hpp
[3.187s] -- Installing: /home/user/ros2_ws/src/install/hangman_interfaces/lib/libhangman_interfaces__rosidl_typesupport_fastrtps_cpp.so
[3.187s] -- Set runtime path of "/home/user/ros2_ws/src/install/hangman_interfaces/lib/libhangman_interfaces__rosidl_typesupport_fastrtps_cpp.so" to ""
[3.187s] -- Up-to-date: /home/user/ros2_ws/src/install/hangman_interfaces/include/hangman_interfaces/hangman_interfaces
[3.187s] -- Up-to-date: /home/user/ros2_ws/src/install/hangman_interfaces/include/hangman_interfaces/hangman_interfaces/srv
[3.187s] -- Up-to-date: /home/user/ros2_ws/src/install/hangman_interfaces/include/hangman_interfaces/hangman_interfaces/srv/detail
[3.187s] -- Installing: /home/user/ros2_ws/src/install/hangman_interfaces/include/hangman_interfaces/hangman_interfaces/srv/detail/check_letter__type_support.c
[3.187s] -- Installing: /home/user/ros2_ws/src/install/hangman_interfaces/include/hangman_interfaces/hangman_interfaces/srv/detail/check_letter__rosidl_typesupport_introspection_c.h
[3.187s] -- Up-to-date: /home/user/ros2_ws/src/install/hangman_interfaces/include/hangman_interfaces/hangman_interfaces/msg
[3.187s] -- Installing: /home/user/ros2_ws/src/install/hangman_interfaces/include/hangman_interfaces/hangman_interfaces/msg/rosidl_typesupport_introspection_c__visibility_control.h
[3.187s] -- Up-to-date: /home/user/ros2_ws/src/install/hangman_interfaces/include/hangman_interfaces/hangman_interfaces/msg/detail
[3.187s] -- Installing: /home/user/ros2_ws/src/install/hangman_interfaces/include/hangman_interfaces/hangman_interfaces/msg/detail/progress__type_support.c
[3.187s] -- Installing: /home/user/ros2_ws/src/install/hangman_interfaces/include/hangman_interfaces/hangman_interfaces/msg/detail/progress__rosidl_typesupport_introspection_c.h
[3.187s] -- Up-to-date: /home/user/ros2_ws/src/install/hangman_interfaces/include/hangman_interfaces/hangman_interfaces/action
[3.187s] -- Up-to-date: /home/user/ros2_ws/src/install/hangman_interfaces/include/hangman_interfaces/hangman_interfaces/action/detail
[3.187s] -- Installing: /home/user/ros2_ws/src/install/hangman_interfaces/include/hangman_interfaces/hangman_interfaces/action/detail/game_progress__rosidl_typesupport_introspection_c.h
[3.187s] -- Installing: /home/user/ros2_ws/src/install/hangman_interfaces/include/hangman_interfaces/hangman_interfaces/action/detail/game_progress__type_support.c
[3.187s] -- Installing: /home/user/ros2_ws/src/install/hangman_interfaces/lib/libhangman_interfaces__rosidl_typesupport_introspection_c.so
[3.187s] -- Set runtime path of "/home/user/ros2_ws/src/install/hangman_interfaces/lib/libhangman_interfaces__rosidl_typesupport_introspection_c.so" to ""
[3.187s] -- Installing: /home/user/ros2_ws/src/install/hangman_interfaces/lib/libhangman_interfaces__rosidl_typesupport_c.so
[3.187s] -- Set runtime path of "/home/user/ros2_ws/src/install/hangman_interfaces/lib/libhangman_interfaces__rosidl_typesupport_c.so" to ""
[3.187s] -- Up-to-date: /home/user/ros2_ws/src/install/hangman_interfaces/include/hangman_interfaces/hangman_interfaces
[3.188s] -- Up-to-date: /home/user/ros2_ws/src/install/hangman_interfaces/include/hangman_interfaces/hangman_interfaces/srv
[3.188s] -- Up-to-date: /home/user/ros2_ws/src/install/hangman_interfaces/include/hangman_interfaces/hangman_interfaces/srv/detail
[3.188s] -- Installing: /home/user/ros2_ws/src/install/hangman_interfaces/include/hangman_interfaces/hangman_interfaces/srv/detail/check_letter__type_support.cpp
[3.188s] -- Installing: /home/user/ros2_ws/src/install/hangman_interfaces/include/hangman_interfaces/hangman_interfaces/srv/detail/check_letter__rosidl_typesupport_introspection_cpp.hpp
[3.188s] -- Up-to-date: /home/user/ros2_ws/src/install/hangman_interfaces/include/hangman_interfaces/hangman_interfaces/msg
[3.188s] -- Up-to-date: /home/user/ros2_ws/src/install/hangman_interfaces/include/hangman_interfaces/hangman_interfaces/msg/detail
[3.188s] -- Installing: /home/user/ros2_ws/src/install/hangman_interfaces/include/hangman_interfaces/hangman_interfaces/msg/detail/progress__rosidl_typesupport_introspection_cpp.hpp
[3.188s] -- Installing: /home/user/ros2_ws/src/install/hangman_interfaces/include/hangman_interfaces/hangman_interfaces/msg/detail/progress__type_support.cpp
[3.188s] -- Up-to-date: /home/user/ros2_ws/src/install/hangman_interfaces/include/hangman_interfaces/hangman_interfaces/action
[3.188s] -- Up-to-date: /home/user/ros2_ws/src/install/hangman_interfaces/include/hangman_interfaces/hangman_interfaces/action/detail
[3.188s] -- Installing: /home/user/ros2_ws/src/install/hangman_interfaces/include/hangman_interfaces/hangman_interfaces/action/detail/game_progress__type_support.cpp
[3.188s] -- Installing: /home/user/ros2_ws/src/install/hangman_interfaces/include/hangman_interfaces/hangman_interfaces/action/detail/game_progress__rosidl_typesupport_introspection_cpp.hpp
[3.188s] -- Installing: /home/user/ros2_ws/src/install/hangman_interfaces/lib/libhangman_interfaces__rosidl_typesupport_introspection_cpp.so
[3.188s] -- Set runtime path of "/home/user/ros2_ws/src/install/hangman_interfaces/lib/libhangman_interfaces__rosidl_typesupport_introspection_cpp.so" to ""
[3.188s] -- Installing: /home/user/ros2_ws/src/install/hangman_interfaces/lib/libhangman_interfaces__rosidl_typesupport_cpp.so
[3.188s] -- Set runtime path of "/home/user/ros2_ws/src/install/hangman_interfaces/lib/libhangman_interfaces__rosidl_typesupport_cpp.so" to ""
[3.188s] -- Installing: /home/user/ros2_ws/src/install/hangman_interfaces/share/hangman_interfaces/environment/pythonpath.sh
[3.188s] -- Installing: /home/user/ros2_ws/src/install/hangman_interfaces/share/hangman_interfaces/environment/pythonpath.dsv
[3.188s] -- Installing: /home/user/ros2_ws/src/install/hangman_interfaces/local/lib/python3.10/dist-packages/hangman_interfaces-0.0.0-py3.10.egg-info
[3.188s] -- Installing: /home/user/ros2_ws/src/install/hangman_interfaces/local/lib/python3.10/dist-packages/hangman_interfaces-0.0.0-py3.10.egg-info/SOURCES.txt
[3.188s] -- Installing: /home/user/ros2_ws/src/install/hangman_interfaces/local/lib/python3.10/dist-packages/hangman_interfaces-0.0.0-py3.10.egg-info/dependency_links.txt
[3.188s] -- Installing: /home/user/ros2_ws/src/install/hangman_interfaces/local/lib/python3.10/dist-packages/hangman_interfaces-0.0.0-py3.10.egg-info/top_level.txt
[3.188s] -- Installing: /home/user/ros2_ws/src/install/hangman_interfaces/local/lib/python3.10/dist-packages/hangman_interfaces-0.0.0-py3.10.egg-info/PKG-INFO
[3.188s] -- Installing: /home/user/ros2_ws/src/install/hangman_interfaces/local/lib/python3.10/dist-packages/hangman_interfaces
[3.188s] -- Installing: /home/user/ros2_ws/src/install/hangman_interfaces/local/lib/python3.10/dist-packages/hangman_interfaces/srv
[3.188s] -- Installing: /home/user/ros2_ws/src/install/hangman_interfaces/local/lib/python3.10/dist-packages/hangman_interfaces/srv/_check_letter_s.c
[3.189s] -- Installing: /home/user/ros2_ws/src/install/hangman_interfaces/local/lib/python3.10/dist-packages/hangman_interfaces/srv/__init__.py
[3.189s] -- Installing: /home/user/ros2_ws/src/install/hangman_interfaces/local/lib/python3.10/dist-packages/hangman_interfaces/srv/_check_letter.py
[3.189s] -- Installing: /home/user/ros2_ws/src/install/hangman_interfaces/local/lib/python3.10/dist-packages/hangman_interfaces/_hangman_interfaces_s.ep.rosidl_typesupport_introspection_c.c
[3.189s] -- Installing: /home/user/ros2_ws/src/install/hangman_interfaces/local/lib/python3.10/dist-packages/hangman_interfaces/_hangman_interfaces_s.ep.rosidl_typesupport_c.c
[3.189s] -- Installing: /home/user/ros2_ws/src/install/hangman_interfaces/local/lib/python3.10/dist-packages/hangman_interfaces/msg
[3.189s] -- Installing: /home/user/ros2_ws/src/install/hangman_interfaces/local/lib/python3.10/dist-packages/hangman_interfaces/msg/_progress.py
[3.189s] -- Installing: /home/user/ros2_ws/src/install/hangman_interfaces/local/lib/python3.10/dist-packages/hangman_interfaces/msg/_progress_s.c
[3.189s] -- Installing: /home/user/ros2_ws/src/install/hangman_interfaces/local/lib/python3.10/dist-packages/hangman_interfaces/msg/__init__.py
[3.189s] -- Installing: /home/user/ros2_ws/src/install/hangman_interfaces/local/lib/python3.10/dist-packages/hangman_interfaces/action
[3.189s] -- Installing: /home/user/ros2_ws/src/install/hangman_interfaces/local/lib/python3.10/dist-packages/hangman_interfaces/action/_game_progress_s.c
[3.189s] -- Installing: /home/user/ros2_ws/src/install/hangman_interfaces/local/lib/python3.10/dist-packages/hangman_interfaces/action/_game_progress.py
[3.189s] -- Installing: /home/user/ros2_ws/src/install/hangman_interfaces/local/lib/python3.10/dist-packages/hangman_interfaces/action/__init__.py
[3.189s] -- Installing: /home/user/ros2_ws/src/install/hangman_interfaces/local/lib/python3.10/dist-packages/hangman_interfaces/hangman_interfaces_s__rosidl_typesupport_introspection_c.cpython-310-x86_64-linux-gnu.so
[3.189s] -- Installing: /home/user/ros2_ws/src/install/hangman_interfaces/local/lib/python3.10/dist-packages/hangman_interfaces/_hangman_interfaces_s.ep.rosidl_typesupport_fastrtps_c.c
[3.189s] -- Installing: /home/user/ros2_ws/src/install/hangman_interfaces/local/lib/python3.10/dist-packages/hangman_interfaces/hangman_interfaces_s__rosidl_typesupport_fastrtps_c.cpython-310-x86_64-linux-gnu.so
[3.189s] -- Installing: /home/user/ros2_ws/src/install/hangman_interfaces/local/lib/python3.10/dist-packages/hangman_interfaces/hangman_interfaces_s__rosidl_typesupport_c.cpython-310-x86_64-linux-gnu.so
[3.189s] -- Installing: /home/user/ros2_ws/src/install/hangman_interfaces/local/lib/python3.10/dist-packages/hangman_interfaces/__init__.py
[3.189s] -- Installing: /home/user/ros2_ws/src/install/hangman_interfaces/local/lib/python3.10/dist-packages/hangman_interfaces/libhangman_interfaces__rosidl_generator_py.so
[3.218s] Listing '/home/user/ros2_ws/src/install/hangman_interfaces/local/lib/python3.10/dist-packages/hangman_interfaces'...
[3.218s] Compiling '/home/user/ros2_ws/src/install/hangman_interfaces/local/lib/python3.10/dist-packages/hangman_interfaces/__init__.py'...
[3.218s] Listing '/home/user/ros2_ws/src/install/hangman_interfaces/local/lib/python3.10/dist-packages/hangman_interfaces/action'...
[3.218s] Compiling '/home/user/ros2_ws/src/install/hangman_interfaces/local/lib/python3.10/dist-packages/hangman_interfaces/action/__init__.py'...
[3.218s] Compiling '/home/user/ros2_ws/src/install/hangman_interfaces/local/lib/python3.10/dist-packages/hangman_interfaces/action/_game_progress.py'...
[3.218s] Listing '/home/user/ros2_ws/src/install/hangman_interfaces/local/lib/python3.10/dist-packages/hangman_interfaces/msg'...
[3.218s] Compiling '/home/user/ros2_ws/src/install/hangman_interfaces/local/lib/python3.10/dist-packages/hangman_interfaces/msg/__init__.py'...
[3.218s] Compiling '/home/user/ros2_ws/src/install/hangman_interfaces/local/lib/python3.10/dist-packages/hangman_interfaces/msg/_progress.py'...
[3.218s] Listing '/home/user/ros2_ws/src/install/hangman_interfaces/local/lib/python3.10/dist-packages/hangman_interfaces/srv'...
[3.218s] Compiling '/home/user/ros2_ws/src/install/hangman_interfaces/local/lib/python3.10/dist-packages/hangman_interfaces/srv/__init__.py'...
[3.218s] Compiling '/home/user/ros2_ws/src/install/hangman_interfaces/local/lib/python3.10/dist-packages/hangman_interfaces/srv/_check_letter.py'...
[3.221s] -- Installing: /home/user/ros2_ws/src/install/hangman_interfaces/local/lib/python3.10/dist-packages/hangman_interfaces/hangman_interfaces_s__rosidl_typesupport_fastrtps_c.cpython-310-x86_64-linux-gnu.so
[3.221s] -- Set runtime path of "/home/user/ros2_ws/src/install/hangman_interfaces/local/lib/python3.10/dist-packages/hangman_interfaces/hangman_interfaces_s__rosidl_typesupport_fastrtps_c.cpython-310-x86_64-linux-gnu.so" to ""
[3.221s] -- Installing: /home/user/ros2_ws/src/install/hangman_interfaces/local/lib/python3.10/dist-packages/hangman_interfaces/hangman_interfaces_s__rosidl_typesupport_introspection_c.cpython-310-x86_64-linux-gnu.so
[3.222s] -- Set runtime path of "/home/user/ros2_ws/src/install/hangman_interfaces/local/lib/python3.10/dist-packages/hangman_interfaces/hangman_interfaces_s__rosidl_typesupport_introspection_c.cpython-310-x86_64-linux-gnu.so" to ""
[3.222s] -- Installing: /home/user/ros2_ws/src/install/hangman_interfaces/local/lib/python3.10/dist-packages/hangman_interfaces/hangman_interfaces_s__rosidl_typesupport_c.cpython-310-x86_64-linux-gnu.so
[3.222s] -- Set runtime path of "/home/user/ros2_ws/src/install/hangman_interfaces/local/lib/python3.10/dist-packages/hangman_interfaces/hangman_interfaces_s__rosidl_typesupport_c.cpython-310-x86_64-linux-gnu.so" to ""
[3.222s] -- Installing: /home/user/ros2_ws/src/install/hangman_interfaces/lib/libhangman_interfaces__rosidl_generator_py.so
[3.222s] -- Set runtime path of "/home/user/ros2_ws/src/install/hangman_interfaces/lib/libhangman_interfaces__rosidl_generator_py.so" to ""
[3.222s] -- Installing: /home/user/ros2_ws/src/install/hangman_interfaces/share/hangman_interfaces/msg/Progress.idl
[3.223s] -- Installing: /home/user/ros2_ws/src/install/hangman_interfaces/share/hangman_interfaces/srv/CheckLetter.idl
[3.223s] -- Installing: /home/user/ros2_ws/src/install/hangman_interfaces/share/hangman_interfaces/action/GameProgress.idl
[3.223s] -- Installing: /home/user/ros2_ws/src/install/hangman_interfaces/share/hangman_interfaces/msg/Progress.msg
[3.223s] -- Installing: /home/user/ros2_ws/src/install/hangman_interfaces/share/hangman_interfaces/srv/CheckLetter.srv
[3.223s] -- Installing: /home/user/ros2_ws/src/install/hangman_interfaces/share/hangman_interfaces/srv/CheckLetter_Request.msg
[3.223s] -- Installing: /home/user/ros2_ws/src/install/hangman_interfaces/share/hangman_interfaces/srv/CheckLetter_Response.msg
[3.223s] -- Installing: /home/user/ros2_ws/src/install/hangman_interfaces/share/hangman_interfaces/action/GameProgress.action
[3.223s] -- Installing: /home/user/ros2_ws/src/install/hangman_interfaces/share/ament_index/resource_index/package_run_dependencies/hangman_interfaces
[3.224s] -- Installing: /home/user/ros2_ws/src/install/hangman_interfaces/share/ament_index/resource_index/parent_prefix_path/hangman_interfaces
[3.224s] -- Installing: /home/user/ros2_ws/src/install/hangman_interfaces/share/hangman_interfaces/environment/ament_prefix_path.sh
[3.224s] -- Installing: /home/user/ros2_ws/src/install/hangman_interfaces/share/hangman_interfaces/environment/ament_prefix_path.dsv
[3.224s] -- Installing: /home/user/ros2_ws/src/install/hangman_interfaces/share/hangman_interfaces/environment/path.sh
[3.224s] -- Installing: /home/user/ros2_ws/src/install/hangman_interfaces/share/hangman_interfaces/environment/path.dsv
[3.224s] -- Installing: /home/user/ros2_ws/src/install/hangman_interfaces/share/hangman_interfaces/local_setup.bash
[3.224s] -- Installing: /home/user/ros2_ws/src/install/hangman_interfaces/share/hangman_interfaces/local_setup.sh
[3.224s] -- Installing: /home/user/ros2_ws/src/install/hangman_interfaces/share/hangman_interfaces/local_setup.zsh
[3.224s] -- Installing: /home/user/ros2_ws/src/install/hangman_interfaces/share/hangman_interfaces/local_setup.dsv
[3.224s] -- Installing: /home/user/ros2_ws/src/install/hangman_interfaces/share/hangman_interfaces/package.dsv
[3.224s] -- Installing: /home/user/ros2_ws/src/install/hangman_interfaces/share/ament_index/resource_index/packages/hangman_interfaces
[3.224s] -- Installing: /home/user/ros2_ws/src/install/hangman_interfaces/share/hangman_interfaces/cmake/export_hangman_interfaces__rosidl_generator_cExport.cmake
[3.224s] -- Installing: /home/user/ros2_ws/src/install/hangman_interfaces/share/hangman_interfaces/cmake/export_hangman_interfaces__rosidl_generator_cExport-noconfig.cmake
[3.224s] -- Installing: /home/user/ros2_ws/src/install/hangman_interfaces/share/hangman_interfaces/cmake/export_hangman_interfaces__rosidl_typesupport_fastrtps_cExport.cmake
[3.224s] -- Installing: /home/user/ros2_ws/src/install/hangman_interfaces/share/hangman_interfaces/cmake/export_hangman_interfaces__rosidl_typesupport_fastrtps_cExport-noconfig.cmake
[3.224s] -- Installing: /home/user/ros2_ws/src/install/hangman_interfaces/share/hangman_interfaces/cmake/export_hangman_interfaces__rosidl_generator_cppExport.cmake
[3.224s] -- Installing: /home/user/ros2_ws/src/install/hangman_interfaces/share/hangman_interfaces/cmake/export_hangman_interfaces__rosidl_typesupport_fastrtps_cppExport.cmake
[3.224s] -- Installing: /home/user/ros2_ws/src/install/hangman_interfaces/share/hangman_interfaces/cmake/export_hangman_interfaces__rosidl_typesupport_fastrtps_cppExport-noconfig.cmake
[3.224s] -- Installing: /home/user/ros2_ws/src/install/hangman_interfaces/share/hangman_interfaces/cmake/hangman_interfaces__rosidl_typesupport_introspection_cExport.cmake
[3.224s] -- Installing: /home/user/ros2_ws/src/install/hangman_interfaces/share/hangman_interfaces/cmake/hangman_interfaces__rosidl_typesupport_introspection_cExport-noconfig.cmake
[3.224s] -- Installing: /home/user/ros2_ws/src/install/hangman_interfaces/share/hangman_interfaces/cmake/hangman_interfaces__rosidl_typesupport_cExport.cmake
[3.225s] -- Installing: /home/user/ros2_ws/src/install/hangman_interfaces/share/hangman_interfaces/cmake/hangman_interfaces__rosidl_typesupport_cExport-noconfig.cmake
[3.225s] -- Installing: /home/user/ros2_ws/src/install/hangman_interfaces/share/hangman_interfaces/cmake/hangman_interfaces__rosidl_typesupport_introspection_cppExport.cmake
[3.225s] -- Installing: /home/user/ros2_ws/src/install/hangman_interfaces/share/hangman_interfaces/cmake/hangman_interfaces__rosidl_typesupport_introspection_cppExport-noconfig.cmake
[3.225s] -- Installing: /home/user/ros2_ws/src/install/hangman_interfaces/share/hangman_interfaces/cmake/hangman_interfaces__rosidl_typesupport_cppExport.cmake
[3.225s] -- Installing: /home/user/ros2_ws/src/install/hangman_interfaces/share/hangman_interfaces/cmake/hangman_interfaces__rosidl_typesupport_cppExport-noconfig.cmake
[3.225s] -- Installing: /home/user/ros2_ws/src/install/hangman_interfaces/share/hangman_interfaces/cmake/export_hangman_interfaces__rosidl_generator_pyExport.cmake
[3.225s] -- Installing: /home/user/ros2_ws/src/install/hangman_interfaces/share/hangman_interfaces/cmake/export_hangman_interfaces__rosidl_generator_pyExport-noconfig.cmake
[3.225s] -- Installing: /home/user/ros2_ws/src/install/hangman_interfaces/share/hangman_interfaces/cmake/ament_cmake_export_dependencies-extras.cmake
[3.225s] -- Installing: /home/user/ros2_ws/src/install/hangman_interfaces/share/hangman_interfaces/cmake/rosidl_cmake-extras.cmake
[3.225s] -- Installing: /home/user/ros2_ws/src/install/hangman_interfaces/share/hangman_interfaces/cmake/ament_cmake_export_include_directories-extras.cmake
[3.225s] -- Installing: /home/user/ros2_ws/src/install/hangman_interfaces/share/hangman_interfaces/cmake/ament_cmake_export_libraries-extras.cmake
[3.225s] -- Installing: /home/user/ros2_ws/src/install/hangman_interfaces/share/hangman_interfaces/cmake/ament_cmake_export_targets-extras.cmake
[3.225s] -- Installing: /home/user/ros2_ws/src/install/hangman_interfaces/share/hangman_interfaces/cmake/rosidl_cmake_export_typesupport_targets-extras.cmake
[3.225s] -- Installing: /home/user/ros2_ws/src/install/hangman_interfaces/share/hangman_interfaces/cmake/rosidl_cmake_export_typesupport_libraries-extras.cmake
[3.225s] -- Installing: /home/user/ros2_ws/src/install/hangman_interfaces/share/hangman_interfaces/cmake/hangman_interfacesConfig.cmake
[3.225s] -- Installing: /home/user/ros2_ws/src/install/hangman_interfaces/share/hangman_interfaces/cmake/hangman_interfacesConfig-version.cmake
[3.225s] -- Installing: /home/user/ros2_ws/src/install/hangman_interfaces/share/hangman_interfaces/package.xml
[3.227s] Invoked command in '/home/user/ros2_ws/src/build/hangman_interfaces' returned '0': CMAKE_PREFIX_PATH=${CMAKE_PREFIX_PATH}:/home/user/ros2_ws/src/install/hangman_game:/home/user/ros2_ws/install/hangman_game:/home/user/robot_ws/install/topic_service_action_rclpy_example:/home/user/robot_ws/install/time_rclpy_example:/home/user/robot_ws/install/tf2_rclpy_example:/home/user/robot_ws/install/ros2env:/home/user/robot_ws/install/my_first_ros_rclpy_pkg:/home/user/robot_ws/install/logging_rclpy_example:/home/user/robot_ws/install/hang_man:/home/user/turtlebot3_ws/install/turtlebot3_teleop:/home/user/turtlebot3_ws/install/turtlebot3_example:/opt/ros/humble /usr/bin/cmake --install /home/user/ros2_ws/src/build/hangman_interfaces
