[0.007s] Invoking command in '/home/user/ros2_ws/build/hangman_interfaces': CMAKE_PREFIX_PATH=${CMAKE_PREFIX_PATH}:/home/user/ros2_ws/install/hangman_game:/home/user/robot_ws/install/topic_service_action_rclpy_example:/home/user/robot_ws/install/time_rclpy_example:/home/user/robot_ws/install/tf2_rclpy_example:/home/user/robot_ws/install/ros2env:/home/user/robot_ws/install/my_first_ros_rclpy_pkg:/home/user/robot_ws/install/logging_rclpy_example:/home/user/robot_ws/install/hang_man:/home/user/turtlebot3_ws/install/turtlebot3_teleop:/home/user/turtlebot3_ws/install/turtlebot3_example:/opt/ros/humble /usr/bin/cmake /home/user/ros2_ws/src/hangman_interfaces -DCMAKE_INSTALL_PREFIX=/home/user/ros2_ws/install/hangman_interfaces
[0.016s] -- Found ament_cmake: 1.3.10 (/opt/ros/humble/share/ament_cmake/cmake)
[0.110s] -- Found builtin_interfaces: 1.2.1 (/opt/ros/humble/share/builtin_interfaces/cmake)
[0.122s] -- Found rosidl_generator_c: 3.1.5 (/opt/ros/humble/share/rosidl_generator_c/cmake)
[0.124s] -- Found rosidl_adapter: 3.1.5 (/opt/ros/humble/share/rosidl_adapter/cmake)
[0.128s] -- Found rosidl_generator_cpp: 3.1.5 (/opt/ros/humble/share/rosidl_generator_cpp/cmake)
[0.133s] -- Using all available rosidl_typesupport_c: rosidl_typesupport_fastrtps_c;rosidl_typesupport_introspection_c
[0.141s] -- Using all available rosidl_typesupport_cpp: rosidl_typesupport_fastrtps_cpp;rosidl_typesupport_introspection_cpp
[0.149s] -- Found rosidl_default_generators: 1.2.0 (/opt/ros/humble/share/rosidl_default_generators/cmake)
[0.346s] -- Found ament_cmake_ros: 0.10.0 (/opt/ros/humble/share/ament_cmake_ros/cmake)
[0.566s] -- Using all available rosidl_typesupport_c: rosidl_typesupport_fastrtps_c;rosidl_typesupport_introspection_c
[0.652s] -- Using all available rosidl_typesupport_cpp: rosidl_typesupport_fastrtps_cpp;rosidl_typesupport_introspection_cpp
[0.671s] -- Found PythonInterp: /usr/bin/python3 (found suitable version "3.10.12", minimum required is "3.6") 
[0.673s] -- Found python_cmake_module: 0.10.0 (/opt/ros/humble/share/python_cmake_module/cmake)
[0.690s] -- Found PythonLibs: /usr/lib/x86_64-linux-gnu/libpython3.10.so (found suitable version "3.10.12", minimum required is "3.5") 
[0.690s] -- Using PYTHON_EXECUTABLE: /usr/bin/python3
[0.690s] -- Using PYTHON_INCLUDE_DIRS: /usr/include/python3.10
[0.690s] -- Using PYTHON_LIBRARIES: /usr/lib/x86_64-linux-gnu/libpython3.10.so
[0.712s] -- Found PythonExtra: .so  
[0.752s] -- Found ament_lint_auto: 0.12.11 (/opt/ros/humble/share/ament_lint_auto/cmake)
[0.767s] -- Added test 'lint_cmake' to check CMake code style
[0.768s] -- Added test 'xmllint' to check XML markup files
[0.769s] -- Configuring done
[0.787s] -- Generating done
[0.788s] -- Build files have been written to: /home/user/ros2_ws/build/hangman_interfaces
[0.792s] Invoked command in '/home/user/ros2_ws/build/hangman_interfaces' returned '0': CMAKE_PREFIX_PATH=${CMAKE_PREFIX_PATH}:/home/user/ros2_ws/install/hangman_game:/home/user/robot_ws/install/topic_service_action_rclpy_example:/home/user/robot_ws/install/time_rclpy_example:/home/user/robot_ws/install/tf2_rclpy_example:/home/user/robot_ws/install/ros2env:/home/user/robot_ws/install/my_first_ros_rclpy_pkg:/home/user/robot_ws/install/logging_rclpy_example:/home/user/robot_ws/install/hang_man:/home/user/turtlebot3_ws/install/turtlebot3_teleop:/home/user/turtlebot3_ws/install/turtlebot3_example:/opt/ros/humble /usr/bin/cmake /home/user/ros2_ws/src/hangman_interfaces -DCMAKE_INSTALL_PREFIX=/home/user/ros2_ws/install/hangman_interfaces
[0.793s] Invoking command in '/home/user/ros2_ws/build/hangman_interfaces': CMAKE_PREFIX_PATH=${CMAKE_PREFIX_PATH}:/home/user/ros2_ws/install/hangman_game:/home/user/robot_ws/install/topic_service_action_rclpy_example:/home/user/robot_ws/install/time_rclpy_example:/home/user/robot_ws/install/tf2_rclpy_example:/home/user/robot_ws/install/ros2env:/home/user/robot_ws/install/my_first_ros_rclpy_pkg:/home/user/robot_ws/install/logging_rclpy_example:/home/user/robot_ws/install/hang_man:/home/user/turtlebot3_ws/install/turtlebot3_teleop:/home/user/turtlebot3_ws/install/turtlebot3_example:/opt/ros/humble /usr/bin/cmake --build /home/user/ros2_ws/build/hangman_interfaces -- -j20 -l20
[0.822s] [  2%] [34m[1mGenerating C code for ROS interfaces[0m
[0.830s] [  4%] [34m[1mGenerating C++ code for ROS interfaces[0m
[0.837s] [  4%] Built target ament_cmake_python_copy_hangman_interfaces
[0.977s] running egg_info
[0.977s] creating hangman_interfaces.egg-info
[0.977s] writing hangman_interfaces.egg-info/PKG-INFO
[0.977s] writing dependency_links to hangman_interfaces.egg-info/dependency_links.txt
[0.978s] writing top-level names to hangman_interfaces.egg-info/top_level.txt
[0.978s] writing manifest file 'hangman_interfaces.egg-info/SOURCES.txt'
[0.979s] reading manifest file 'hangman_interfaces.egg-info/SOURCES.txt'
[0.979s] writing manifest file 'hangman_interfaces.egg-info/SOURCES.txt'
[0.996s] [  4%] Built target ament_cmake_python_build_hangman_interfaces_egg
[1.135s] [  4%] Built target hangman_interfaces__cpp
[1.136s] [  6%] [32mBuilding C object CMakeFiles/hangman_interfaces__rosidl_generator_c.dir/rosidl_generator_c/hangman_interfaces/srv/detail/check_letter__functions.c.o[0m
[1.139s] [ 10%] [32mBuilding C object CMakeFiles/hangman_interfaces__rosidl_generator_c.dir/rosidl_generator_c/hangman_interfaces/action/detail/game_progress__functions.c.o[0m
[1.139s] [ 10%] [32mBuilding C object CMakeFiles/hangman_interfaces__rosidl_generator_c.dir/rosidl_generator_c/hangman_interfaces/msg/detail/progress__functions.c.o[0m
[1.141s] [ 14%] [34m[1mGenerating C++ type support dispatch for ROS interfaces[0m
[1.142s] [ 14%] [34m[1mGenerating C++ type support for eProsima Fast-RTPS[0m
[1.144s] [ 17%] [34m[1mGenerating C++ introspection for ROS interfaces[0m
[1.219s] [ 19%] [32m[1mLinking C shared library libhangman_interfaces__rosidl_generator_c.so[0m
[1.247s] [ 19%] Built target hangman_interfaces__rosidl_generator_c
[1.255s] [ 23%] [34m[1mGenerating C type support for eProsima Fast-RTPS[0m
[1.255s] [ 23%] [34m[1mGenerating C type support dispatch for ROS interfaces[0m
[1.256s] [ 25%] [34m[1mGenerating C introspection for ROS interfaces[0m
[1.359s] [ 27%] [32mBuilding CXX object CMakeFiles/hangman_interfaces__rosidl_typesupport_cpp.dir/rosidl_typesupport_cpp/hangman_interfaces/action/game_progress__type_support.cpp.o[0m
[1.361s] [ 31%] [32mBuilding CXX object CMakeFiles/hangman_interfaces__rosidl_typesupport_cpp.dir/rosidl_typesupport_cpp/hangman_interfaces/srv/check_letter__type_support.cpp.o[0m
[1.361s] [ 31%] [32mBuilding CXX object CMakeFiles/hangman_interfaces__rosidl_typesupport_cpp.dir/rosidl_typesupport_cpp/hangman_interfaces/msg/progress__type_support.cpp.o[0m
[1.395s] [ 34%] [32mBuilding CXX object CMakeFiles/hangman_interfaces__rosidl_typesupport_introspection_cpp.dir/rosidl_typesupport_introspection_cpp/hangman_interfaces/srv/detail/check_letter__type_support.cpp.o[0m
[1.397s] [ 36%] [32mBuilding CXX object CMakeFiles/hangman_interfaces__rosidl_typesupport_introspection_cpp.dir/rosidl_typesupport_introspection_cpp/hangman_interfaces/msg/detail/progress__type_support.cpp.o[0m
[1.397s] [ 38%] [32mBuilding CXX object CMakeFiles/hangman_interfaces__rosidl_typesupport_introspection_cpp.dir/rosidl_typesupport_introspection_cpp/hangman_interfaces/action/detail/game_progress__type_support.cpp.o[0m
[1.437s] [ 40%] [32mBuilding CXX object CMakeFiles/hangman_interfaces__rosidl_typesupport_fastrtps_cpp.dir/rosidl_typesupport_fastrtps_cpp/hangman_interfaces/srv/detail/dds_fastrtps/check_letter__type_support.cpp.o[0m
[1.438s] [ 44%] [32mBuilding CXX object CMakeFiles/hangman_interfaces__rosidl_typesupport_fastrtps_cpp.dir/rosidl_typesupport_fastrtps_cpp/hangman_interfaces/msg/detail/dds_fastrtps/progress__type_support.cpp.o[0m
[1.438s] [ 44%] [32mBuilding CXX object CMakeFiles/hangman_interfaces__rosidl_typesupport_fastrtps_cpp.dir/rosidl_typesupport_fastrtps_cpp/hangman_interfaces/action/detail/dds_fastrtps/game_progress__type_support.cpp.o[0m
[1.557s] [ 48%] [32mBuilding CXX object CMakeFiles/hangman_interfaces__rosidl_typesupport_c.dir/rosidl_typesupport_c/hangman_interfaces/action/game_progress__type_support.cpp.o[0m
[1.557s] [ 48%] [32mBuilding CXX object CMakeFiles/hangman_interfaces__rosidl_typesupport_c.dir/rosidl_typesupport_c/hangman_interfaces/srv/check_letter__type_support.cpp.o[0m
[1.559s] [ 51%] [32mBuilding CXX object CMakeFiles/hangman_interfaces__rosidl_typesupport_c.dir/rosidl_typesupport_c/hangman_interfaces/msg/progress__type_support.cpp.o[0m
[1.570s] [ 53%] [32mBuilding CXX object CMakeFiles/hangman_interfaces__rosidl_typesupport_fastrtps_c.dir/rosidl_typesupport_fastrtps_c/hangman_interfaces/srv/detail/check_letter__type_support_c.cpp.o[0m
[1.570s] [ 55%] [32mBuilding CXX object CMakeFiles/hangman_interfaces__rosidl_typesupport_fastrtps_c.dir/rosidl_typesupport_fastrtps_c/hangman_interfaces/msg/detail/progress__type_support_c.cpp.o[0m
[1.572s] [ 57%] [32mBuilding CXX object CMakeFiles/hangman_interfaces__rosidl_typesupport_fastrtps_c.dir/rosidl_typesupport_fastrtps_c/hangman_interfaces/action/detail/game_progress__type_support_c.cpp.o[0m
[1.597s] [ 59%] [32m[1mLinking CXX shared library libhangman_interfaces__rosidl_typesupport_c.so[0m
[1.625s] [ 59%] Built target hangman_interfaces__rosidl_typesupport_c
[1.685s] [ 61%] [32mBuilding C object CMakeFiles/hangman_interfaces__rosidl_typesupport_introspection_c.dir/rosidl_typesupport_introspection_c/hangman_interfaces/action/detail/game_progress__type_support.c.o[0m
[1.686s] [ 65%] [32mBuilding C object CMakeFiles/hangman_interfaces__rosidl_typesupport_introspection_c.dir/rosidl_typesupport_introspection_c/hangman_interfaces/msg/detail/progress__type_support.c.o[0m
[1.686s] [ 65%] [32mBuilding C object CMakeFiles/hangman_interfaces__rosidl_typesupport_introspection_c.dir/rosidl_typesupport_introspection_c/hangman_interfaces/srv/detail/check_letter__type_support.c.o[0m
[1.724s] [ 68%] [32m[1mLinking C shared library libhangman_interfaces__rosidl_typesupport_introspection_c.so[0m
[1.753s] [ 68%] Built target hangman_interfaces__rosidl_typesupport_introspection_c
[1.787s] [ 70%] [32m[1mLinking CXX shared library libhangman_interfaces__rosidl_typesupport_introspection_cpp.so[0m
[1.804s] [ 72%] [32m[1mLinking CXX shared library libhangman_interfaces__rosidl_typesupport_cpp.so[0m
[1.835s] [ 72%] Built target hangman_interfaces__rosidl_typesupport_cpp
[1.835s] [ 72%] Built target hangman_interfaces__rosidl_typesupport_introspection_cpp
[1.852s] [ 74%] [32m[1mLinking CXX shared library libhangman_interfaces__rosidl_typesupport_fastrtps_cpp.so[0m
[1.862s] [ 76%] [32m[1mLinking CXX shared library libhangman_interfaces__rosidl_typesupport_fastrtps_c.so[0m
[1.905s] [ 76%] Built target hangman_interfaces__rosidl_typesupport_fastrtps_cpp
[1.909s] [ 76%] Built target hangman_interfaces__rosidl_typesupport_fastrtps_c
[1.925s] [ 76%] Built target hangman_interfaces
[1.942s] [ 78%] [34m[1mGenerating Python code for ROS interfaces[0m
[2.435s] [ 78%] Built target hangman_interfaces__py
[2.453s] [ 85%] [32mBuilding C object CMakeFiles/hangman_interfaces__rosidl_generator_py.dir/rosidl_generator_py/hangman_interfaces/srv/_check_letter_s.c.o[0m
[2.453s] [ 85%] [32mBuilding C object CMakeFiles/hangman_interfaces__rosidl_generator_py.dir/rosidl_generator_py/hangman_interfaces/msg/_progress_s.c.o[0m
[2.453s] [ 85%] [32mBuilding C object CMakeFiles/hangman_interfaces__rosidl_generator_py.dir/rosidl_generator_py/hangman_interfaces/action/_game_progress_s.c.o[0m
[2.534s] [ 87%] [32m[1mLinking C shared library rosidl_generator_py/hangman_interfaces/libhangman_interfaces__rosidl_generator_py.so[0m
[2.563s] [ 87%] Built target hangman_interfaces__rosidl_generator_py
[2.579s] [ 89%] [32mBuilding C object CMakeFiles/hangman_interfaces__rosidl_typesupport_fastrtps_c__pyext.dir/rosidl_generator_py/hangman_interfaces/_hangman_interfaces_s.ep.rosidl_typesupport_fastrtps_c.c.o[0m
[2.579s] [ 91%] [32mBuilding C object CMakeFiles/hangman_interfaces__rosidl_typesupport_c__pyext.dir/rosidl_generator_py/hangman_interfaces/_hangman_interfaces_s.ep.rosidl_typesupport_c.c.o[0m
[2.581s] [ 93%] [32mBuilding C object CMakeFiles/hangman_interfaces__rosidl_typesupport_introspection_c__pyext.dir/rosidl_generator_py/hangman_interfaces/_hangman_interfaces_s.ep.rosidl_typesupport_introspection_c.c.o[0m
[2.651s] [ 95%] [32m[1mLinking C shared library rosidl_generator_py/hangman_interfaces/hangman_interfaces_s__rosidl_typesupport_c.cpython-310-x86_64-linux-gnu.so[0m
[2.653s] [ 97%] [32m[1mLinking C shared library rosidl_generator_py/hangman_interfaces/hangman_interfaces_s__rosidl_typesupport_fastrtps_c.cpython-310-x86_64-linux-gnu.so[0m
[2.654s] [100%] [32m[1mLinking C shared library rosidl_generator_py/hangman_interfaces/hangman_interfaces_s__rosidl_typesupport_introspection_c.cpython-310-x86_64-linux-gnu.so[0m
[2.679s] [100%] Built target hangman_interfaces__rosidl_typesupport_fastrtps_c__pyext
[2.681s] [100%] Built target hangman_interfaces__rosidl_typesupport_introspection_c__pyext
[2.684s] [100%] Built target hangman_interfaces__rosidl_typesupport_c__pyext
[2.692s] Invoked command in '/home/user/ros2_ws/build/hangman_interfaces' returned '0': CMAKE_PREFIX_PATH=${CMAKE_PREFIX_PATH}:/home/user/ros2_ws/install/hangman_game:/home/user/robot_ws/install/topic_service_action_rclpy_example:/home/user/robot_ws/install/time_rclpy_example:/home/user/robot_ws/install/tf2_rclpy_example:/home/user/robot_ws/install/ros2env:/home/user/robot_ws/install/my_first_ros_rclpy_pkg:/home/user/robot_ws/install/logging_rclpy_example:/home/user/robot_ws/install/hang_man:/home/user/turtlebot3_ws/install/turtlebot3_teleop:/home/user/turtlebot3_ws/install/turtlebot3_example:/opt/ros/humble /usr/bin/cmake --build /home/user/ros2_ws/build/hangman_interfaces -- -j20 -l20
[2.784s] Invoking command in '/home/user/ros2_ws/build/hangman_interfaces': CMAKE_PREFIX_PATH=${CMAKE_PREFIX_PATH}:/home/user/ros2_ws/install/hangman_game:/home/user/robot_ws/install/topic_service_action_rclpy_example:/home/user/robot_ws/install/time_rclpy_example:/home/user/robot_ws/install/tf2_rclpy_example:/home/user/robot_ws/install/ros2env:/home/user/robot_ws/install/my_first_ros_rclpy_pkg:/home/user/robot_ws/install/logging_rclpy_example:/home/user/robot_ws/install/hang_man:/home/user/turtlebot3_ws/install/turtlebot3_teleop:/home/user/turtlebot3_ws/install/turtlebot3_example:/opt/ros/humble /usr/bin/cmake --install /home/user/ros2_ws/build/hangman_interfaces
[2.790s] -- Install configuration: ""
[2.790s] -- Installing: /home/user/ros2_ws/install/hangman_interfaces/share/ament_index/resource_index/rosidl_interfaces/hangman_interfaces
[2.790s] -- Installing: /home/user/ros2_ws/install/hangman_interfaces/include/hangman_interfaces/hangman_interfaces
[2.790s] -- Installing: /home/user/ros2_ws/install/hangman_interfaces/include/hangman_interfaces/hangman_interfaces/srv
[2.790s] -- Installing: /home/user/ros2_ws/install/hangman_interfaces/include/hangman_interfaces/hangman_interfaces/srv/check_letter.h
[2.790s] -- Installing: /home/user/ros2_ws/install/hangman_interfaces/include/hangman_interfaces/hangman_interfaces/srv/detail
[2.790s] -- Installing: /home/user/ros2_ws/install/hangman_interfaces/include/hangman_interfaces/hangman_interfaces/srv/detail/check_letter__functions.c
[2.790s] -- Installing: /home/user/ros2_ws/install/hangman_interfaces/include/hangman_interfaces/hangman_interfaces/srv/detail/check_letter__struct.h
[2.791s] -- Installing: /home/user/ros2_ws/install/hangman_interfaces/include/hangman_interfaces/hangman_interfaces/srv/detail/check_letter__type_support.h
[2.791s] -- Installing: /home/user/ros2_ws/install/hangman_interfaces/include/hangman_interfaces/hangman_interfaces/srv/detail/check_letter__functions.h
[2.791s] -- Installing: /home/user/ros2_ws/install/hangman_interfaces/include/hangman_interfaces/hangman_interfaces/msg
[2.791s] -- Installing: /home/user/ros2_ws/install/hangman_interfaces/include/hangman_interfaces/hangman_interfaces/msg/rosidl_generator_c__visibility_control.h
[2.791s] -- Installing: /home/user/ros2_ws/install/hangman_interfaces/include/hangman_interfaces/hangman_interfaces/msg/detail
[2.791s] -- Installing: /home/user/ros2_ws/install/hangman_interfaces/include/hangman_interfaces/hangman_interfaces/msg/detail/progress__struct.h
[2.791s] -- Installing: /home/user/ros2_ws/install/hangman_interfaces/include/hangman_interfaces/hangman_interfaces/msg/detail/progress__functions.c
[2.791s] -- Installing: /home/user/ros2_ws/install/hangman_interfaces/include/hangman_interfaces/hangman_interfaces/msg/detail/progress__type_support.h
[2.791s] -- Installing: /home/user/ros2_ws/install/hangman_interfaces/include/hangman_interfaces/hangman_interfaces/msg/detail/progress__functions.h
[2.791s] -- Installing: /home/user/ros2_ws/install/hangman_interfaces/include/hangman_interfaces/hangman_interfaces/msg/progress.h
[2.791s] -- Installing: /home/user/ros2_ws/install/hangman_interfaces/include/hangman_interfaces/hangman_interfaces/action
[2.791s] -- Installing: /home/user/ros2_ws/install/hangman_interfaces/include/hangman_interfaces/hangman_interfaces/action/game_progress.h
[2.791s] -- Installing: /home/user/ros2_ws/install/hangman_interfaces/include/hangman_interfaces/hangman_interfaces/action/detail
[2.791s] -- Installing: /home/user/ros2_ws/install/hangman_interfaces/include/hangman_interfaces/hangman_interfaces/action/detail/game_progress__struct.h
[2.791s] -- Installing: /home/user/ros2_ws/install/hangman_interfaces/include/hangman_interfaces/hangman_interfaces/action/detail/game_progress__type_support.h
[2.791s] -- Installing: /home/user/ros2_ws/install/hangman_interfaces/include/hangman_interfaces/hangman_interfaces/action/detail/game_progress__functions.c
[2.791s] -- Installing: /home/user/ros2_ws/install/hangman_interfaces/include/hangman_interfaces/hangman_interfaces/action/detail/game_progress__functions.h
[2.791s] -- Installing: /home/user/ros2_ws/install/hangman_interfaces/share/hangman_interfaces/environment/library_path.sh
[2.791s] -- Installing: /home/user/ros2_ws/install/hangman_interfaces/share/hangman_interfaces/environment/library_path.dsv
[2.791s] -- Installing: /home/user/ros2_ws/install/hangman_interfaces/lib/libhangman_interfaces__rosidl_generator_c.so
[2.791s] -- Set runtime path of "/home/user/ros2_ws/install/hangman_interfaces/lib/libhangman_interfaces__rosidl_generator_c.so" to ""
[2.791s] -- Up-to-date: /home/user/ros2_ws/install/hangman_interfaces/include/hangman_interfaces/hangman_interfaces
[2.791s] -- Up-to-date: /home/user/ros2_ws/install/hangman_interfaces/include/hangman_interfaces/hangman_interfaces/srv
[2.792s] -- Up-to-date: /home/user/ros2_ws/install/hangman_interfaces/include/hangman_interfaces/hangman_interfaces/srv/detail
[2.792s] -- Installing: /home/user/ros2_ws/install/hangman_interfaces/include/hangman_interfaces/hangman_interfaces/srv/detail/check_letter__rosidl_typesupport_fastrtps_c.h
[2.792s] -- Up-to-date: /home/user/ros2_ws/install/hangman_interfaces/include/hangman_interfaces/hangman_interfaces/msg
[2.792s] -- Installing: /home/user/ros2_ws/install/hangman_interfaces/include/hangman_interfaces/hangman_interfaces/msg/rosidl_typesupport_fastrtps_c__visibility_control.h
[2.792s] -- Up-to-date: /home/user/ros2_ws/install/hangman_interfaces/include/hangman_interfaces/hangman_interfaces/msg/detail
[2.792s] -- Installing: /home/user/ros2_ws/install/hangman_interfaces/include/hangman_interfaces/hangman_interfaces/msg/detail/progress__rosidl_typesupport_fastrtps_c.h
[2.792s] -- Up-to-date: /home/user/ros2_ws/install/hangman_interfaces/include/hangman_interfaces/hangman_interfaces/action
[2.792s] -- Up-to-date: /home/user/ros2_ws/install/hangman_interfaces/include/hangman_interfaces/hangman_interfaces/action/detail
[2.792s] -- Installing: /home/user/ros2_ws/install/hangman_interfaces/include/hangman_interfaces/hangman_interfaces/action/detail/game_progress__rosidl_typesupport_fastrtps_c.h
[2.792s] -- Installing: /home/user/ros2_ws/install/hangman_interfaces/lib/libhangman_interfaces__rosidl_typesupport_fastrtps_c.so
[2.792s] -- Set runtime path of "/home/user/ros2_ws/install/hangman_interfaces/lib/libhangman_interfaces__rosidl_typesupport_fastrtps_c.so" to ""
[2.792s] -- Up-to-date: /home/user/ros2_ws/install/hangman_interfaces/include/hangman_interfaces/hangman_interfaces
[2.792s] -- Up-to-date: /home/user/ros2_ws/install/hangman_interfaces/include/hangman_interfaces/hangman_interfaces/srv
[2.792s] -- Up-to-date: /home/user/ros2_ws/install/hangman_interfaces/include/hangman_interfaces/hangman_interfaces/srv/detail
[2.792s] -- Installing: /home/user/ros2_ws/install/hangman_interfaces/include/hangman_interfaces/hangman_interfaces/srv/detail/check_letter__struct.hpp
[2.792s] -- Installing: /home/user/ros2_ws/install/hangman_interfaces/include/hangman_interfaces/hangman_interfaces/srv/detail/check_letter__traits.hpp
[2.792s] -- Installing: /home/user/ros2_ws/install/hangman_interfaces/include/hangman_interfaces/hangman_interfaces/srv/detail/check_letter__builder.hpp
[2.792s] -- Installing: /home/user/ros2_ws/install/hangman_interfaces/include/hangman_interfaces/hangman_interfaces/srv/check_letter.hpp
[2.792s] -- Up-to-date: /home/user/ros2_ws/install/hangman_interfaces/include/hangman_interfaces/hangman_interfaces/msg
[2.792s] -- Up-to-date: /home/user/ros2_ws/install/hangman_interfaces/include/hangman_interfaces/hangman_interfaces/msg/detail
[2.792s] -- Installing: /home/user/ros2_ws/install/hangman_interfaces/include/hangman_interfaces/hangman_interfaces/msg/detail/progress__builder.hpp
[2.792s] -- Installing: /home/user/ros2_ws/install/hangman_interfaces/include/hangman_interfaces/hangman_interfaces/msg/detail/progress__struct.hpp
[2.792s] -- Installing: /home/user/ros2_ws/install/hangman_interfaces/include/hangman_interfaces/hangman_interfaces/msg/detail/progress__traits.hpp
[2.792s] -- Installing: /home/user/ros2_ws/install/hangman_interfaces/include/hangman_interfaces/hangman_interfaces/msg/progress.hpp
[2.792s] -- Up-to-date: /home/user/ros2_ws/install/hangman_interfaces/include/hangman_interfaces/hangman_interfaces/action
[2.792s] -- Up-to-date: /home/user/ros2_ws/install/hangman_interfaces/include/hangman_interfaces/hangman_interfaces/action/detail
[2.792s] -- Installing: /home/user/ros2_ws/install/hangman_interfaces/include/hangman_interfaces/hangman_interfaces/action/detail/game_progress__traits.hpp
[2.793s] -- Installing: /home/user/ros2_ws/install/hangman_interfaces/include/hangman_interfaces/hangman_interfaces/action/detail/game_progress__struct.hpp
[2.793s] -- Installing: /home/user/ros2_ws/install/hangman_interfaces/include/hangman_interfaces/hangman_interfaces/action/detail/game_progress__builder.hpp
[2.793s] -- Installing: /home/user/ros2_ws/install/hangman_interfaces/include/hangman_interfaces/hangman_interfaces/action/game_progress.hpp
[2.793s] -- Up-to-date: /home/user/ros2_ws/install/hangman_interfaces/include/hangman_interfaces/hangman_interfaces
[2.793s] -- Up-to-date: /home/user/ros2_ws/install/hangman_interfaces/include/hangman_interfaces/hangman_interfaces/srv
[2.793s] -- Up-to-date: /home/user/ros2_ws/install/hangman_interfaces/include/hangman_interfaces/hangman_interfaces/srv/detail
[2.793s] -- Installing: /home/user/ros2_ws/install/hangman_interfaces/include/hangman_interfaces/hangman_interfaces/srv/detail/dds_fastrtps
[2.793s] -- Installing: /home/user/ros2_ws/install/hangman_interfaces/include/hangman_interfaces/hangman_interfaces/srv/detail/check_letter__rosidl_typesupport_fastrtps_cpp.hpp
[2.793s] -- Up-to-date: /home/user/ros2_ws/install/hangman_interfaces/include/hangman_interfaces/hangman_interfaces/msg
[2.793s] -- Up-to-date: /home/user/ros2_ws/install/hangman_interfaces/include/hangman_interfaces/hangman_interfaces/msg/detail
[2.793s] -- Installing: /home/user/ros2_ws/install/hangman_interfaces/include/hangman_interfaces/hangman_interfaces/msg/detail/dds_fastrtps
[2.793s] -- Installing: /home/user/ros2_ws/install/hangman_interfaces/include/hangman_interfaces/hangman_interfaces/msg/detail/progress__rosidl_typesupport_fastrtps_cpp.hpp
[2.793s] -- Installing: /home/user/ros2_ws/install/hangman_interfaces/include/hangman_interfaces/hangman_interfaces/msg/rosidl_typesupport_fastrtps_cpp__visibility_control.h
[2.793s] -- Up-to-date: /home/user/ros2_ws/install/hangman_interfaces/include/hangman_interfaces/hangman_interfaces/action
[2.793s] -- Up-to-date: /home/user/ros2_ws/install/hangman_interfaces/include/hangman_interfaces/hangman_interfaces/action/detail
[2.793s] -- Installing: /home/user/ros2_ws/install/hangman_interfaces/include/hangman_interfaces/hangman_interfaces/action/detail/dds_fastrtps
[2.793s] -- Installing: /home/user/ros2_ws/install/hangman_interfaces/include/hangman_interfaces/hangman_interfaces/action/detail/game_progress__rosidl_typesupport_fastrtps_cpp.hpp
[2.793s] -- Installing: /home/user/ros2_ws/install/hangman_interfaces/lib/libhangman_interfaces__rosidl_typesupport_fastrtps_cpp.so
[2.793s] -- Set runtime path of "/home/user/ros2_ws/install/hangman_interfaces/lib/libhangman_interfaces__rosidl_typesupport_fastrtps_cpp.so" to ""
[2.793s] -- Up-to-date: /home/user/ros2_ws/install/hangman_interfaces/include/hangman_interfaces/hangman_interfaces
[2.793s] -- Up-to-date: /home/user/ros2_ws/install/hangman_interfaces/include/hangman_interfaces/hangman_interfaces/srv
[2.793s] -- Up-to-date: /home/user/ros2_ws/install/hangman_interfaces/include/hangman_interfaces/hangman_interfaces/srv/detail
[2.793s] -- Installing: /home/user/ros2_ws/install/hangman_interfaces/include/hangman_interfaces/hangman_interfaces/srv/detail/check_letter__type_support.c
[2.793s] -- Installing: /home/user/ros2_ws/install/hangman_interfaces/include/hangman_interfaces/hangman_interfaces/srv/detail/check_letter__rosidl_typesupport_introspection_c.h
[2.793s] -- Up-to-date: /home/user/ros2_ws/install/hangman_interfaces/include/hangman_interfaces/hangman_interfaces/msg
[2.793s] -- Installing: /home/user/ros2_ws/install/hangman_interfaces/include/hangman_interfaces/hangman_interfaces/msg/rosidl_typesupport_introspection_c__visibility_control.h
[2.793s] -- Up-to-date: /home/user/ros2_ws/install/hangman_interfaces/include/hangman_interfaces/hangman_interfaces/msg/detail
[2.793s] -- Installing: /home/user/ros2_ws/install/hangman_interfaces/include/hangman_interfaces/hangman_interfaces/msg/detail/progress__type_support.c
[2.793s] -- Installing: /home/user/ros2_ws/install/hangman_interfaces/include/hangman_interfaces/hangman_interfaces/msg/detail/progress__rosidl_typesupport_introspection_c.h
[2.793s] -- Up-to-date: /home/user/ros2_ws/install/hangman_interfaces/include/hangman_interfaces/hangman_interfaces/action
[2.793s] -- Up-to-date: /home/user/ros2_ws/install/hangman_interfaces/include/hangman_interfaces/hangman_interfaces/action/detail
[2.793s] -- Installing: /home/user/ros2_ws/install/hangman_interfaces/include/hangman_interfaces/hangman_interfaces/action/detail/game_progress__rosidl_typesupport_introspection_c.h
[2.793s] -- Installing: /home/user/ros2_ws/install/hangman_interfaces/include/hangman_interfaces/hangman_interfaces/action/detail/game_progress__type_support.c
[2.794s] -- Installing: /home/user/ros2_ws/install/hangman_interfaces/lib/libhangman_interfaces__rosidl_typesupport_introspection_c.so
[2.794s] -- Set runtime path of "/home/user/ros2_ws/install/hangman_interfaces/lib/libhangman_interfaces__rosidl_typesupport_introspection_c.so" to ""
[2.794s] -- Installing: /home/user/ros2_ws/install/hangman_interfaces/lib/libhangman_interfaces__rosidl_typesupport_c.so
[2.794s] -- Set runtime path of "/home/user/ros2_ws/install/hangman_interfaces/lib/libhangman_interfaces__rosidl_typesupport_c.so" to ""
[2.794s] -- Up-to-date: /home/user/ros2_ws/install/hangman_interfaces/include/hangman_interfaces/hangman_interfaces
[2.794s] -- Up-to-date: /home/user/ros2_ws/install/hangman_interfaces/include/hangman_interfaces/hangman_interfaces/srv
[2.794s] -- Up-to-date: /home/user/ros2_ws/install/hangman_interfaces/include/hangman_interfaces/hangman_interfaces/srv/detail
[2.794s] -- Installing: /home/user/ros2_ws/install/hangman_interfaces/include/hangman_interfaces/hangman_interfaces/srv/detail/check_letter__type_support.cpp
[2.794s] -- Installing: /home/user/ros2_ws/install/hangman_interfaces/include/hangman_interfaces/hangman_interfaces/srv/detail/check_letter__rosidl_typesupport_introspection_cpp.hpp
[2.794s] -- Up-to-date: /home/user/ros2_ws/install/hangman_interfaces/include/hangman_interfaces/hangman_interfaces/msg
[2.794s] -- Up-to-date: /home/user/ros2_ws/install/hangman_interfaces/include/hangman_interfaces/hangman_interfaces/msg/detail
[2.794s] -- Installing: /home/user/ros2_ws/install/hangman_interfaces/include/hangman_interfaces/hangman_interfaces/msg/detail/progress__rosidl_typesupport_introspection_cpp.hpp
[2.794s] -- Installing: /home/user/ros2_ws/install/hangman_interfaces/include/hangman_interfaces/hangman_interfaces/msg/detail/progress__type_support.cpp
[2.794s] -- Up-to-date: /home/user/ros2_ws/install/hangman_interfaces/include/hangman_interfaces/hangman_interfaces/action
[2.794s] -- Up-to-date: /home/user/ros2_ws/install/hangman_interfaces/include/hangman_interfaces/hangman_interfaces/action/detail
[2.794s] -- Installing: /home/user/ros2_ws/install/hangman_interfaces/include/hangman_interfaces/hangman_interfaces/action/detail/game_progress__type_support.cpp
[2.794s] -- Installing: /home/user/ros2_ws/install/hangman_interfaces/include/hangman_interfaces/hangman_interfaces/action/detail/game_progress__rosidl_typesupport_introspection_cpp.hpp
[2.794s] -- Installing: /home/user/ros2_ws/install/hangman_interfaces/lib/libhangman_interfaces__rosidl_typesupport_introspection_cpp.so
[2.794s] -- Set runtime path of "/home/user/ros2_ws/install/hangman_interfaces/lib/libhangman_interfaces__rosidl_typesupport_introspection_cpp.so" to ""
[2.794s] -- Installing: /home/user/ros2_ws/install/hangman_interfaces/lib/libhangman_interfaces__rosidl_typesupport_cpp.so
[2.794s] -- Set runtime path of "/home/user/ros2_ws/install/hangman_interfaces/lib/libhangman_interfaces__rosidl_typesupport_cpp.so" to ""
[2.794s] -- Installing: /home/user/ros2_ws/install/hangman_interfaces/share/hangman_interfaces/environment/pythonpath.sh
[2.794s] -- Installing: /home/user/ros2_ws/install/hangman_interfaces/share/hangman_interfaces/environment/pythonpath.dsv
[2.794s] -- Installing: /home/user/ros2_ws/install/hangman_interfaces/local/lib/python3.10/dist-packages/hangman_interfaces-0.0.0-py3.10.egg-info
[2.794s] -- Installing: /home/user/ros2_ws/install/hangman_interfaces/local/lib/python3.10/dist-packages/hangman_interfaces-0.0.0-py3.10.egg-info/SOURCES.txt
[2.794s] -- Installing: /home/user/ros2_ws/install/hangman_interfaces/local/lib/python3.10/dist-packages/hangman_interfaces-0.0.0-py3.10.egg-info/dependency_links.txt
[2.794s] -- Installing: /home/user/ros2_ws/install/hangman_interfaces/local/lib/python3.10/dist-packages/hangman_interfaces-0.0.0-py3.10.egg-info/top_level.txt
[2.794s] -- Installing: /home/user/ros2_ws/install/hangman_interfaces/local/lib/python3.10/dist-packages/hangman_interfaces-0.0.0-py3.10.egg-info/PKG-INFO
[2.794s] -- Installing: /home/user/ros2_ws/install/hangman_interfaces/local/lib/python3.10/dist-packages/hangman_interfaces
[2.795s] -- Installing: /home/user/ros2_ws/install/hangman_interfaces/local/lib/python3.10/dist-packages/hangman_interfaces/srv
[2.795s] -- Installing: /home/user/ros2_ws/install/hangman_interfaces/local/lib/python3.10/dist-packages/hangman_interfaces/srv/_check_letter_s.c
[2.795s] -- Installing: /home/user/ros2_ws/install/hangman_interfaces/local/lib/python3.10/dist-packages/hangman_interfaces/srv/__init__.py
[2.795s] -- Installing: /home/user/ros2_ws/install/hangman_interfaces/local/lib/python3.10/dist-packages/hangman_interfaces/srv/_check_letter.py
[2.795s] -- Installing: /home/user/ros2_ws/install/hangman_interfaces/local/lib/python3.10/dist-packages/hangman_interfaces/_hangman_interfaces_s.ep.rosidl_typesupport_introspection_c.c
[2.795s] -- Installing: /home/user/ros2_ws/install/hangman_interfaces/local/lib/python3.10/dist-packages/hangman_interfaces/_hangman_interfaces_s.ep.rosidl_typesupport_c.c
[2.795s] -- Installing: /home/user/ros2_ws/install/hangman_interfaces/local/lib/python3.10/dist-packages/hangman_interfaces/msg
[2.795s] -- Installing: /home/user/ros2_ws/install/hangman_interfaces/local/lib/python3.10/dist-packages/hangman_interfaces/msg/_progress.py
[2.795s] -- Installing: /home/user/ros2_ws/install/hangman_interfaces/local/lib/python3.10/dist-packages/hangman_interfaces/msg/_progress_s.c
[2.795s] -- Installing: /home/user/ros2_ws/install/hangman_interfaces/local/lib/python3.10/dist-packages/hangman_interfaces/msg/__init__.py
[2.795s] -- Installing: /home/user/ros2_ws/install/hangman_interfaces/local/lib/python3.10/dist-packages/hangman_interfaces/action
[2.795s] -- Installing: /home/user/ros2_ws/install/hangman_interfaces/local/lib/python3.10/dist-packages/hangman_interfaces/action/_game_progress_s.c
[2.795s] -- Installing: /home/user/ros2_ws/install/hangman_interfaces/local/lib/python3.10/dist-packages/hangman_interfaces/action/_game_progress.py
[2.795s] -- Installing: /home/user/ros2_ws/install/hangman_interfaces/local/lib/python3.10/dist-packages/hangman_interfaces/action/__init__.py
[2.795s] -- Installing: /home/user/ros2_ws/install/hangman_interfaces/local/lib/python3.10/dist-packages/hangman_interfaces/hangman_interfaces_s__rosidl_typesupport_introspection_c.cpython-310-x86_64-linux-gnu.so
[2.795s] -- Installing: /home/user/ros2_ws/install/hangman_interfaces/local/lib/python3.10/dist-packages/hangman_interfaces/_hangman_interfaces_s.ep.rosidl_typesupport_fastrtps_c.c
[2.795s] -- Installing: /home/user/ros2_ws/install/hangman_interfaces/local/lib/python3.10/dist-packages/hangman_interfaces/hangman_interfaces_s__rosidl_typesupport_fastrtps_c.cpython-310-x86_64-linux-gnu.so
[2.795s] -- Installing: /home/user/ros2_ws/install/hangman_interfaces/local/lib/python3.10/dist-packages/hangman_interfaces/hangman_interfaces_s__rosidl_typesupport_c.cpython-310-x86_64-linux-gnu.so
[2.795s] -- Installing: /home/user/ros2_ws/install/hangman_interfaces/local/lib/python3.10/dist-packages/hangman_interfaces/__init__.py
[2.795s] -- Installing: /home/user/ros2_ws/install/hangman_interfaces/local/lib/python3.10/dist-packages/hangman_interfaces/libhangman_interfaces__rosidl_generator_py.so
[2.822s] Listing '/home/user/ros2_ws/install/hangman_interfaces/local/lib/python3.10/dist-packages/hangman_interfaces'...
[2.822s] Compiling '/home/user/ros2_ws/install/hangman_interfaces/local/lib/python3.10/dist-packages/hangman_interfaces/__init__.py'...
[2.822s] Listing '/home/user/ros2_ws/install/hangman_interfaces/local/lib/python3.10/dist-packages/hangman_interfaces/action'...
[2.822s] Compiling '/home/user/ros2_ws/install/hangman_interfaces/local/lib/python3.10/dist-packages/hangman_interfaces/action/__init__.py'...
[2.822s] Compiling '/home/user/ros2_ws/install/hangman_interfaces/local/lib/python3.10/dist-packages/hangman_interfaces/action/_game_progress.py'...
[2.822s] Listing '/home/user/ros2_ws/install/hangman_interfaces/local/lib/python3.10/dist-packages/hangman_interfaces/msg'...
[2.822s] Compiling '/home/user/ros2_ws/install/hangman_interfaces/local/lib/python3.10/dist-packages/hangman_interfaces/msg/__init__.py'...
[2.822s] Compiling '/home/user/ros2_ws/install/hangman_interfaces/local/lib/python3.10/dist-packages/hangman_interfaces/msg/_progress.py'...
[2.822s] Listing '/home/user/ros2_ws/install/hangman_interfaces/local/lib/python3.10/dist-packages/hangman_interfaces/srv'...
[2.822s] Compiling '/home/user/ros2_ws/install/hangman_interfaces/local/lib/python3.10/dist-packages/hangman_interfaces/srv/__init__.py'...
[2.822s] Compiling '/home/user/ros2_ws/install/hangman_interfaces/local/lib/python3.10/dist-packages/hangman_interfaces/srv/_check_letter.py'...
[2.825s] -- Installing: /home/user/ros2_ws/install/hangman_interfaces/local/lib/python3.10/dist-packages/hangman_interfaces/hangman_interfaces_s__rosidl_typesupport_fastrtps_c.cpython-310-x86_64-linux-gnu.so
[2.825s] -- Set runtime path of "/home/user/ros2_ws/install/hangman_interfaces/local/lib/python3.10/dist-packages/hangman_interfaces/hangman_interfaces_s__rosidl_typesupport_fastrtps_c.cpython-310-x86_64-linux-gnu.so" to ""
[2.825s] -- Installing: /home/user/ros2_ws/install/hangman_interfaces/local/lib/python3.10/dist-packages/hangman_interfaces/hangman_interfaces_s__rosidl_typesupport_introspection_c.cpython-310-x86_64-linux-gnu.so
[2.825s] -- Set runtime path of "/home/user/ros2_ws/install/hangman_interfaces/local/lib/python3.10/dist-packages/hangman_interfaces/hangman_interfaces_s__rosidl_typesupport_introspection_c.cpython-310-x86_64-linux-gnu.so" to ""
[2.825s] -- Installing: /home/user/ros2_ws/install/hangman_interfaces/local/lib/python3.10/dist-packages/hangman_interfaces/hangman_interfaces_s__rosidl_typesupport_c.cpython-310-x86_64-linux-gnu.so
[2.825s] -- Set runtime path of "/home/user/ros2_ws/install/hangman_interfaces/local/lib/python3.10/dist-packages/hangman_interfaces/hangman_interfaces_s__rosidl_typesupport_c.cpython-310-x86_64-linux-gnu.so" to ""
[2.825s] -- Installing: /home/user/ros2_ws/install/hangman_interfaces/lib/libhangman_interfaces__rosidl_generator_py.so
[2.825s] -- Set runtime path of "/home/user/ros2_ws/install/hangman_interfaces/lib/libhangman_interfaces__rosidl_generator_py.so" to ""
[2.825s] -- Installing: /home/user/ros2_ws/install/hangman_interfaces/share/hangman_interfaces/msg/Progress.idl
[2.825s] -- Installing: /home/user/ros2_ws/install/hangman_interfaces/share/hangman_interfaces/srv/CheckLetter.idl
[2.825s] -- Installing: /home/user/ros2_ws/install/hangman_interfaces/share/hangman_interfaces/action/GameProgress.idl
[2.825s] -- Installing: /home/user/ros2_ws/install/hangman_interfaces/share/hangman_interfaces/msg/Progress.msg
[2.825s] -- Installing: /home/user/ros2_ws/install/hangman_interfaces/share/hangman_interfaces/srv/CheckLetter.srv
[2.825s] -- Installing: /home/user/ros2_ws/install/hangman_interfaces/share/hangman_interfaces/srv/CheckLetter_Request.msg
[2.825s] -- Installing: /home/user/ros2_ws/install/hangman_interfaces/share/hangman_interfaces/srv/CheckLetter_Response.msg
[2.825s] -- Installing: /home/user/ros2_ws/install/hangman_interfaces/share/hangman_interfaces/action/GameProgress.action
[2.826s] -- Installing: /home/user/ros2_ws/install/hangman_interfaces/share/ament_index/resource_index/package_run_dependencies/hangman_interfaces
[2.826s] -- Installing: /home/user/ros2_ws/install/hangman_interfaces/share/ament_index/resource_index/parent_prefix_path/hangman_interfaces
[2.826s] -- Installing: /home/user/ros2_ws/install/hangman_interfaces/share/hangman_interfaces/environment/ament_prefix_path.sh
[2.826s] -- Installing: /home/user/ros2_ws/install/hangman_interfaces/share/hangman_interfaces/environment/ament_prefix_path.dsv
[2.826s] -- Installing: /home/user/ros2_ws/install/hangman_interfaces/share/hangman_interfaces/environment/path.sh
[2.826s] -- Installing: /home/user/ros2_ws/install/hangman_interfaces/share/hangman_interfaces/environment/path.dsv
[2.826s] -- Installing: /home/user/ros2_ws/install/hangman_interfaces/share/hangman_interfaces/local_setup.bash
[2.826s] -- Installing: /home/user/ros2_ws/install/hangman_interfaces/share/hangman_interfaces/local_setup.sh
[2.826s] -- Installing: /home/user/ros2_ws/install/hangman_interfaces/share/hangman_interfaces/local_setup.zsh
[2.826s] -- Installing: /home/user/ros2_ws/install/hangman_interfaces/share/hangman_interfaces/local_setup.dsv
[2.826s] -- Installing: /home/user/ros2_ws/install/hangman_interfaces/share/hangman_interfaces/package.dsv
[2.826s] -- Installing: /home/user/ros2_ws/install/hangman_interfaces/share/ament_index/resource_index/packages/hangman_interfaces
[2.826s] -- Installing: /home/user/ros2_ws/install/hangman_interfaces/share/hangman_interfaces/cmake/export_hangman_interfaces__rosidl_generator_cExport.cmake
[2.826s] -- Installing: /home/user/ros2_ws/install/hangman_interfaces/share/hangman_interfaces/cmake/export_hangman_interfaces__rosidl_generator_cExport-noconfig.cmake
[2.826s] -- Installing: /home/user/ros2_ws/install/hangman_interfaces/share/hangman_interfaces/cmake/export_hangman_interfaces__rosidl_typesupport_fastrtps_cExport.cmake
[2.826s] -- Installing: /home/user/ros2_ws/install/hangman_interfaces/share/hangman_interfaces/cmake/export_hangman_interfaces__rosidl_typesupport_fastrtps_cExport-noconfig.cmake
[2.826s] -- Installing: /home/user/ros2_ws/install/hangman_interfaces/share/hangman_interfaces/cmake/export_hangman_interfaces__rosidl_generator_cppExport.cmake
[2.826s] -- Installing: /home/user/ros2_ws/install/hangman_interfaces/share/hangman_interfaces/cmake/export_hangman_interfaces__rosidl_typesupport_fastrtps_cppExport.cmake
[2.826s] -- Installing: /home/user/ros2_ws/install/hangman_interfaces/share/hangman_interfaces/cmake/export_hangman_interfaces__rosidl_typesupport_fastrtps_cppExport-noconfig.cmake
[2.826s] -- Installing: /home/user/ros2_ws/install/hangman_interfaces/share/hangman_interfaces/cmake/hangman_interfaces__rosidl_typesupport_introspection_cExport.cmake
[2.826s] -- Installing: /home/user/ros2_ws/install/hangman_interfaces/share/hangman_interfaces/cmake/hangman_interfaces__rosidl_typesupport_introspection_cExport-noconfig.cmake
[2.826s] -- Installing: /home/user/ros2_ws/install/hangman_interfaces/share/hangman_interfaces/cmake/hangman_interfaces__rosidl_typesupport_cExport.cmake
[2.826s] -- Installing: /home/user/ros2_ws/install/hangman_interfaces/share/hangman_interfaces/cmake/hangman_interfaces__rosidl_typesupport_cExport-noconfig.cmake
[2.826s] -- Installing: /home/user/ros2_ws/install/hangman_interfaces/share/hangman_interfaces/cmake/hangman_interfaces__rosidl_typesupport_introspection_cppExport.cmake
[2.827s] -- Installing: /home/user/ros2_ws/install/hangman_interfaces/share/hangman_interfaces/cmake/hangman_interfaces__rosidl_typesupport_introspection_cppExport-noconfig.cmake
[2.827s] -- Installing: /home/user/ros2_ws/install/hangman_interfaces/share/hangman_interfaces/cmake/hangman_interfaces__rosidl_typesupport_cppExport.cmake
[2.827s] -- Installing: /home/user/ros2_ws/install/hangman_interfaces/share/hangman_interfaces/cmake/hangman_interfaces__rosidl_typesupport_cppExport-noconfig.cmake
[2.827s] -- Installing: /home/user/ros2_ws/install/hangman_interfaces/share/hangman_interfaces/cmake/export_hangman_interfaces__rosidl_generator_pyExport.cmake
[2.827s] -- Installing: /home/user/ros2_ws/install/hangman_interfaces/share/hangman_interfaces/cmake/export_hangman_interfaces__rosidl_generator_pyExport-noconfig.cmake
[2.827s] -- Installing: /home/user/ros2_ws/install/hangman_interfaces/share/hangman_interfaces/cmake/ament_cmake_export_dependencies-extras.cmake
[2.827s] -- Installing: /home/user/ros2_ws/install/hangman_interfaces/share/hangman_interfaces/cmake/rosidl_cmake-extras.cmake
[2.827s] -- Installing: /home/user/ros2_ws/install/hangman_interfaces/share/hangman_interfaces/cmake/ament_cmake_export_include_directories-extras.cmake
[2.827s] -- Installing: /home/user/ros2_ws/install/hangman_interfaces/share/hangman_interfaces/cmake/ament_cmake_export_libraries-extras.cmake
[2.827s] -- Installing: /home/user/ros2_ws/install/hangman_interfaces/share/hangman_interfaces/cmake/ament_cmake_export_targets-extras.cmake
[2.827s] -- Installing: /home/user/ros2_ws/install/hangman_interfaces/share/hangman_interfaces/cmake/rosidl_cmake_export_typesupport_targets-extras.cmake
[2.827s] -- Installing: /home/user/ros2_ws/install/hangman_interfaces/share/hangman_interfaces/cmake/rosidl_cmake_export_typesupport_libraries-extras.cmake
[2.827s] -- Installing: /home/user/ros2_ws/install/hangman_interfaces/share/hangman_interfaces/cmake/hangman_interfacesConfig.cmake
[2.827s] -- Installing: /home/user/ros2_ws/install/hangman_interfaces/share/hangman_interfaces/cmake/hangman_interfacesConfig-version.cmake
[2.827s] -- Installing: /home/user/ros2_ws/install/hangman_interfaces/share/hangman_interfaces/package.xml
[2.829s] Invoked command in '/home/user/ros2_ws/build/hangman_interfaces' returned '0': CMAKE_PREFIX_PATH=${CMAKE_PREFIX_PATH}:/home/user/ros2_ws/install/hangman_game:/home/user/robot_ws/install/topic_service_action_rclpy_example:/home/user/robot_ws/install/time_rclpy_example:/home/user/robot_ws/install/tf2_rclpy_example:/home/user/robot_ws/install/ros2env:/home/user/robot_ws/install/my_first_ros_rclpy_pkg:/home/user/robot_ws/install/logging_rclpy_example:/home/user/robot_ws/install/hang_man:/home/user/turtlebot3_ws/install/turtlebot3_teleop:/home/user/turtlebot3_ws/install/turtlebot3_example:/opt/ros/humble /usr/bin/cmake --install /home/user/ros2_ws/build/hangman_interfaces
